<?xml version="1.0" encoding="UTF-8"?>
<coverage generated="1785728878891" clover="3.2.0">
  <project timestamp="1785728878891" name="All files">
    <metrics statements="947" coveredstatements="932" conditionals="676" coveredconditionals="624" methods="372" coveredmethods="356" elements="1995" coveredelements="1912" complexity="0" loc="947" ncloc="947" packages="5" files="29" classes="29"/>
    <package name="renderer.src">
      <metrics statements="9" coveredstatements="9" conditionals="2" coveredconditionals="1" methods="4" coveredmethods="3"/>
      <file name="App.jsx" path="/Users/sivag/Downloads/UMGC/2026/SUMMER/SWEN661/CareConnect/CareConnect_STML-Desktop/src/renderer/src/App.jsx">
        <metrics statements="9" coveredstatements="9" conditionals="2" coveredconditionals="1" methods="4" coveredmethods="3"/>
        <line num="18" count="22" type="stmt"/>
        <line num="19" count="22" type="stmt"/>
        <line num="22" count="22" type="stmt"/>
        <line num="23" count="10" type="stmt"/>
        <line num="27" count="22" type="stmt"/>
        <line num="28" count="11" type="cond" truecount="1" falsecount="1"/>
        <line num="29" count="11" type="stmt"/>
        <line num="30" count="11" type="stmt"/>
        <line num="33" count="22" type="stmt"/>
      </file>
    </package>
    <package name="renderer.src.lib">
      <metrics statements="189" coveredstatements="189" conditionals="138" coveredconditionals="129" methods="59" coveredmethods="59"/>
      <file name="accessibility.js" path="/Users/sivag/Downloads/UMGC/2026/SUMMER/SWEN661/CareConnect/CareConnect_STML-Desktop/src/renderer/src/lib/accessibility.js">
        <metrics statements="55" coveredstatements="55" conditionals="47" coveredconditionals="39" methods="11" coveredmethods="11"/>
        <line num="4" count="10" type="stmt"/>
        <line num="13" count="10" type="stmt"/>
        <line num="27" count="26" type="stmt"/>
        <line num="28" count="26" type="stmt"/>
        <line num="30" count="26" type="stmt"/>
        <line num="31" count="13" type="cond" truecount="2" falsecount="0"/>
        <line num="32" count="13" type="stmt"/>
        <line num="33" count="13" type="stmt"/>
        <line num="35" count="13" type="stmt"/>
        <line num="36" count="13" type="cond" truecount="1" falsecount="1"/>
        <line num="37" count="13" type="stmt"/>
        <line num="41" count="26" type="stmt"/>
        <line num="45" count="174" type="stmt"/>
        <line num="46" count="41" type="stmt"/>
        <line num="47" count="41" type="stmt"/>
        <line num="49" count="41" type="stmt"/>
        <line num="50" count="39" type="stmt"/>
        <line num="53" count="41" type="stmt"/>
        <line num="54" count="142" type="cond" truecount="2" falsecount="0"/>
        <line num="55" count="5" type="stmt"/>
        <line num="56" count="5" type="stmt"/>
        <line num="57" count="5" type="stmt"/>
        <line num="60" count="137" type="cond" truecount="4" falsecount="0"/>
        <line num="62" count="5" type="stmt"/>
        <line num="63" count="10" type="cond" truecount="2" falsecount="0"/>
        <line num="65" count="5" type="cond" truecount="2" falsecount="0"/>
        <line num="67" count="4" type="stmt"/>
        <line num="68" count="4" type="stmt"/>
        <line num="69" count="4" type="stmt"/>
        <line num="71" count="4" type="cond" truecount="4" falsecount="0"/>
        <line num="72" count="2" type="stmt"/>
        <line num="73" count="2" type="stmt"/>
        <line num="74" count="2" type="cond" truecount="3" falsecount="1"/>
        <line num="75" count="2" type="stmt"/>
        <line num="76" count="2" type="stmt"/>
        <line num="80" count="41" type="stmt"/>
        <line num="82" count="41" type="stmt"/>
        <line num="83" count="41" type="stmt"/>
        <line num="84" count="41" type="cond" truecount="1" falsecount="1"/>
        <line num="97" count="10" type="cond" truecount="2" falsecount="0"/>
        <line num="98" count="10" type="cond" truecount="2" falsecount="0"/>
        <line num="99" count="10" type="cond" truecount="2" falsecount="0"/>
        <line num="101" count="9" type="stmt"/>
        <line num="103" count="24" type="stmt"/>
        <line num="104" count="9" type="cond" truecount="2" falsecount="0"/>
        <line num="106" count="8" type="stmt"/>
        <line num="107" count="8" type="stmt"/>
        <line num="108" count="8" type="cond" truecount="2" falsecount="0"/>
        <line num="109" count="7" type="cond" truecount="2" falsecount="0"/>
        <line num="110" count="6" type="cond" truecount="3" falsecount="1"/>
        <line num="111" count="2" type="cond" truecount="1" falsecount="1"/>
        <line num="112" count="2" type="cond" truecount="1" falsecount="1"/>
        <line num="115" count="8" type="cond" truecount="1" falsecount="1"/>
        <line num="116" count="8" type="stmt"/>
        <line num="117" count="8" type="stmt"/>
      </file>
      <file name="appEvents.js" path="/Users/sivag/Downloads/UMGC/2026/SUMMER/SWEN661/CareConnect/CareConnect_STML-Desktop/src/renderer/src/lib/appEvents.js">
        <metrics statements="5" coveredstatements="5" conditionals="0" coveredconditionals="0" methods="4" coveredmethods="4"/>
        <line num="7" count="9" type="stmt"/>
        <line num="10" count="7" type="stmt"/>
        <line num="15" count="58" type="stmt"/>
        <line num="16" count="58" type="stmt"/>
        <line num="17" count="58" type="stmt"/>
      </file>
      <file name="auth.js" path="/Users/sivag/Downloads/UMGC/2026/SUMMER/SWEN661/CareConnect/CareConnect_STML-Desktop/src/renderer/src/lib/auth.js">
        <metrics statements="51" coveredstatements="51" conditionals="26" coveredconditionals="25" methods="18" coveredmethods="18"/>
        <line num="7" count="10" type="stmt"/>
        <line num="8" count="10" type="stmt"/>
        <line num="9" count="10" type="stmt"/>
        <line num="11" count="10" type="stmt"/>
        <line num="19" count="10" type="stmt"/>
        <line num="22" count="29" type="stmt"/>
        <line num="23" count="29" type="stmt"/>
        <line num="24" count="29" type="cond" truecount="2" falsecount="0"/>
        <line num="25" count="28" type="cond" truecount="2" falsecount="0"/>
        <line num="27" count="1" type="stmt"/>
        <line num="32" count="8" type="stmt"/>
        <line num="36" count="118" type="cond" truecount="1" falsecount="1"/>
        <line num="40" count="85" type="stmt"/>
        <line num="41" count="85" type="cond" truecount="2" falsecount="0"/>
        <line num="42" count="19" type="cond" truecount="2" falsecount="0"/>
        <line num="50" count="10" type="cond" truecount="2" falsecount="0"/>
        <line num="51" count="3" type="stmt"/>
        <line num="53" count="7" type="stmt"/>
        <line num="54" count="7" type="stmt"/>
        <line num="61" count="7" type="stmt"/>
        <line num="62" count="7" type="stmt"/>
        <line num="70" count="6" type="stmt"/>
        <line num="74" count="6" type="cond" truecount="2" falsecount="0"/>
        <line num="75" count="3" type="stmt"/>
        <line num="76" count="3" type="stmt"/>
        <line num="79" count="3" type="stmt"/>
        <line num="80" count="3" type="stmt"/>
        <line num="81" count="3" type="cond" truecount="2" falsecount="0"/>
        <line num="82" count="2" type="stmt"/>
        <line num="84" count="1" type="stmt"/>
        <line num="85" count="1" type="stmt"/>
        <line num="86" count="1" type="stmt"/>
        <line num="91" count="9" type="stmt"/>
        <line num="92" count="9" type="cond" truecount="2" falsecount="0"/>
        <line num="97" count="8" type="stmt"/>
        <line num="104" count="11" type="stmt"/>
        <line num="108" count="160" type="stmt"/>
        <line num="112" count="4" type="stmt"/>
        <line num="113" count="4" type="stmt"/>
        <line num="119" count="7" type="stmt"/>
        <line num="123" count="6" type="cond" truecount="2" falsecount="0"/>
        <line num="127" count="150" type="stmt"/>
        <line num="128" count="150" type="cond" truecount="2" falsecount="0"/>
        <line num="133" count="6" type="cond" truecount="2" falsecount="0"/>
        <line num="134" count="4" type="stmt"/>
        <line num="135" count="4" type="stmt"/>
        <line num="136" count="4" type="stmt"/>
        <line num="141" count="4" type="cond" truecount="2" falsecount="0"/>
        <line num="142" count="2" type="stmt"/>
        <line num="143" count="2" type="stmt"/>
        <line num="144" count="2" type="stmt"/>
      </file>
      <file name="journal.js" path="/Users/sivag/Downloads/UMGC/2026/SUMMER/SWEN661/CareConnect/CareConnect_STML-Desktop/src/renderer/src/lib/journal.js">
        <metrics statements="12" coveredstatements="12" conditionals="8" coveredconditionals="8" methods="6" coveredmethods="6"/>
        <line num="3" count="3" type="stmt"/>
        <line num="6" count="3" type="stmt"/>
        <line num="15" count="569" type="cond" truecount="2" falsecount="0"/>
        <line num="18" count="3" type="stmt"/>
        <line num="55" count="4" type="stmt"/>
        <line num="60" count="16" type="stmt"/>
        <line num="61" count="16" type="stmt"/>
        <line num="62" count="15" type="cond" truecount="4" falsecount="0"/>
        <line num="66" count="15" type="stmt"/>
        <line num="71" count="14" type="stmt"/>
        <line num="80" count="4" type="stmt"/>
        <line num="81" count="4" type="stmt"/>
      </file>
      <file name="meds.js" path="/Users/sivag/Downloads/UMGC/2026/SUMMER/SWEN661/CareConnect/CareConnect_STML-Desktop/src/renderer/src/lib/meds.js">
        <metrics statements="13" coveredstatements="13" conditionals="13" coveredconditionals="13" methods="5" coveredmethods="5"/>
        <line num="10" count="3" type="stmt"/>
        <line num="12" count="3" type="stmt"/>
        <line num="14" count="3" type="stmt"/>
        <line num="17" count="3" type="stmt"/>
        <line num="22" count="19" type="stmt"/>
        <line num="25" count="3" type="stmt"/>
        <line num="54" count="3" type="stmt"/>
        <line num="59" count="12" type="stmt"/>
        <line num="60" count="12" type="stmt"/>
        <line num="61" count="11" type="cond" truecount="4" falsecount="0"/>
        <line num="65" count="9" type="stmt"/>
        <line num="70" count="15" type="stmt"/>
        <line num="79" count="3" type="stmt"/>
      </file>
      <file name="nav.js" path="/Users/sivag/Downloads/UMGC/2026/SUMMER/SWEN661/CareConnect/CareConnect_STML-Desktop/src/renderer/src/lib/nav.js">
        <metrics statements="4" coveredstatements="4" conditionals="0" coveredconditionals="0" methods="1" coveredmethods="1"/>
        <line num="6" count="4" type="stmt"/>
        <line num="16" count="4" type="stmt"/>
        <line num="17" count="24" type="stmt"/>
        <line num="20" count="4" type="stmt"/>
      </file>
      <file name="reminders.js" path="/Users/sivag/Downloads/UMGC/2026/SUMMER/SWEN661/CareConnect/CareConnect_STML-Desktop/src/renderer/src/lib/reminders.js">
        <metrics statements="27" coveredstatements="27" conditionals="26" coveredconditionals="26" methods="6" coveredmethods="6"/>
        <line num="4" count="3" type="stmt"/>
        <line num="6" count="3" type="stmt"/>
        <line num="9" count="3" type="stmt"/>
        <line num="17" count="3" type="stmt"/>
        <line num="19" count="3" type="stmt"/>
        <line num="31" count="3" type="stmt"/>
        <line num="38" count="4" type="stmt"/>
        <line num="43" count="22" type="stmt"/>
        <line num="44" count="22" type="stmt"/>
        <line num="45" count="21" type="cond" truecount="4" falsecount="0"/>
        <line num="49" count="20" type="stmt"/>
        <line num="54" count="25" type="stmt"/>
        <line num="62" count="4" type="stmt"/>
        <line num="75" count="1176" type="cond" truecount="2" falsecount="0"/>
        <line num="76" count="1176" type="cond" truecount="2" falsecount="0"/>
        <line num="77" count="1174" type="stmt"/>
        <line num="78" count="1174" type="stmt"/>
        <line num="79" count="1174" type="stmt"/>
        <line num="80" count="1174" type="cond" truecount="4" falsecount="0"/>
        <line num="81" count="1174" type="cond" truecount="4" falsecount="0"/>
        <line num="82" count="1174" type="stmt"/>
        <line num="87" count="7" type="stmt"/>
        <line num="88" count="7" type="stmt"/>
        <line num="89" count="7" type="stmt"/>
        <line num="90" count="7" type="cond" truecount="2" falsecount="0"/>
        <line num="91" count="7" type="cond" truecount="2" falsecount="0"/>
        <line num="92" count="7" type="stmt"/>
      </file>
      <file name="settings.js" path="/Users/sivag/Downloads/UMGC/2026/SUMMER/SWEN661/CareConnect/CareConnect_STML-Desktop/src/renderer/src/lib/settings.js">
        <metrics statements="12" coveredstatements="12" conditionals="4" coveredconditionals="4" methods="3" coveredmethods="3"/>
        <line num="4" count="6" type="stmt"/>
        <line num="6" count="6" type="stmt"/>
        <line num="13" count="6" type="stmt"/>
        <line num="14" count="6" type="stmt"/>
        <line num="17" count="78" type="stmt"/>
        <line num="18" count="78" type="stmt"/>
        <line num="19" count="78" type="cond" truecount="4" falsecount="0"/>
        <line num="23" count="64" type="stmt"/>
        <line num="27" count="11" type="stmt"/>
        <line num="36" count="33" type="stmt"/>
        <line num="37" count="33" type="stmt"/>
        <line num="38" count="33" type="stmt"/>
      </file>
      <file name="tasks.js" path="/Users/sivag/Downloads/UMGC/2026/SUMMER/SWEN661/CareConnect/CareConnect_STML-Desktop/src/renderer/src/lib/tasks.js">
        <metrics statements="10" coveredstatements="10" conditionals="14" coveredconditionals="14" methods="5" coveredmethods="5"/>
        <line num="9" count="5" type="stmt"/>
        <line num="11" count="5" type="stmt"/>
        <line num="21" count="6" type="stmt"/>
        <line num="26" count="33" type="stmt"/>
        <line num="27" count="33" type="stmt"/>
        <line num="28" count="32" type="cond" truecount="4" falsecount="0"/>
        <line num="30" count="16" type="cond" truecount="2" falsecount="0"/>
        <line num="35" count="28" type="stmt"/>
        <line num="40" count="40" type="stmt"/>
        <line num="48" count="5" type="stmt"/>
      </file>
    </package>
    <package name="renderer.src.pages">
      <metrics statements="121" coveredstatements="119" conditionals="104" coveredconditionals="100" methods="48" coveredmethods="46"/>
      <file name="ForgotPassword.jsx" path="/Users/sivag/Downloads/UMGC/2026/SUMMER/SWEN661/CareConnect/CareConnect_STML-Desktop/src/renderer/src/pages/ForgotPassword.jsx">
        <metrics statements="25" coveredstatements="25" conditionals="20" coveredconditionals="20" methods="8" coveredmethods="8"/>
        <line num="5" count="2" type="stmt"/>
        <line num="8" count="190" type="stmt"/>
        <line num="9" count="190" type="stmt"/>
        <line num="11" count="190" type="cond" truecount="2" falsecount="0"/>
        <line num="12" count="190" type="stmt"/>
        <line num="13" count="190" type="stmt"/>
        <line num="14" count="190" type="stmt"/>
        <line num="15" count="190" type="stmt"/>
        <line num="16" count="190" type="stmt"/>
        <line num="18" count="190" type="stmt"/>
        <line num="19" count="5" type="stmt"/>
        <line num="20" count="5" type="stmt"/>
        <line num="22" count="5" type="cond" truecount="2" falsecount="0"/>
        <line num="23" count="4" type="cond" truecount="2" falsecount="0"/>
        <line num="24" count="3" type="cond" truecount="2" falsecount="0"/>
        <line num="26" count="2" type="stmt"/>
        <line num="27" count="2" type="cond" truecount="2" falsecount="0"/>
        <line num="30" count="1" type="stmt"/>
        <line num="31" count="1" type="stmt"/>
        <line num="32" count="1" type="stmt"/>
        <line num="37" count="190" type="stmt"/>
        <line num="72" count="90" type="stmt"/>
        <line num="87" count="45" type="stmt"/>
        <line num="95" count="1" type="stmt"/>
        <line num="111" count="38" type="stmt"/>
      </file>
      <file name="Landing.jsx" path="/Users/sivag/Downloads/UMGC/2026/SUMMER/SWEN661/CareConnect/CareConnect_STML-Desktop/src/renderer/src/pages/Landing.jsx">
        <metrics statements="6" coveredstatements="6" conditionals="0" coveredconditionals="0" methods="4" coveredmethods="4"/>
        <line num="3" count="2" type="stmt"/>
        <line num="37" count="42" type="stmt"/>
        <line num="38" count="2" type="stmt"/>
        <line num="39" count="2" type="stmt"/>
        <line num="42" count="7" type="stmt"/>
        <line num="138" count="42" type="stmt"/>
      </file>
      <file name="Login.jsx" path="/Users/sivag/Downloads/UMGC/2026/SUMMER/SWEN661/CareConnect/CareConnect_STML-Desktop/src/renderer/src/pages/Login.jsx">
        <metrics statements="66" coveredstatements="64" conditionals="60" coveredconditionals="56" methods="28" coveredmethods="26"/>
        <line num="6" count="3" type="stmt"/>
        <line num="9" count="30" type="stmt"/>
        <line num="10" count="30" type="stmt"/>
        <line num="11" count="30" type="cond" truecount="2" falsecount="0"/>
        <line num="12" count="30" type="stmt"/>
        <line num="13" count="30" type="stmt"/>
        <line num="15" count="30" type="stmt"/>
        <line num="17" count="30" type="stmt"/>
        <line num="18" count="29" type="cond" truecount="2" falsecount="0"/>
        <line num="19" count="29" type="stmt"/>
        <line num="22" count="30" type="stmt"/>
        <line num="24" count="9" type="cond" truecount="2" falsecount="0"/>
        <line num="25" count="5" type="stmt"/>
        <line num="26" count="5" type="cond" truecount="2" falsecount="0"/>
        <line num="27" count="4" type="cond" truecount="2" falsecount="0"/>
        <line num="28" count="3" type="cond" truecount="2" falsecount="0"/>
        <line num="33" count="30" type="stmt"/>
        <line num="54" count="0" type="stmt"/>
        <line num="67" count="8" type="stmt"/>
        <line num="86" count="41" type="stmt"/>
        <line num="87" count="41" type="stmt"/>
        <line num="89" count="41" type="stmt"/>
        <line num="91" count="4" type="cond" truecount="2" falsecount="0"/>
        <line num="92" count="3" type="stmt"/>
        <line num="93" count="3" type="stmt"/>
        <line num="95" count="1" type="stmt"/>
        <line num="96" count="1" type="stmt"/>
        <line num="102" count="41" type="stmt"/>
        <line num="104" count="17" type="stmt"/>
        <line num="105" count="17" type="stmt"/>
        <line num="106" count="17" type="cond" truecount="1" falsecount="1"/>
        <line num="107" count="17" type="stmt"/>
        <line num="108" count="17" type="cond" truecount="2" falsecount="0"/>
        <line num="109" count="17" type="stmt"/>
        <line num="115" count="41" type="stmt"/>
        <line num="116" count="1" type="stmt"/>
        <line num="117" count="1" type="stmt"/>
        <line num="121" count="41" type="stmt"/>
        <line num="122" count="17" type="stmt"/>
        <line num="123" count="7" type="cond" truecount="4" falsecount="0"/>
        <line num="124" count="3" type="cond" truecount="1" falsecount="1"/>
        <line num="126" count="17" type="stmt"/>
        <line num="127" count="17" type="stmt"/>
        <line num="130" count="41" type="stmt"/>
        <line num="136" count="164" type="cond" truecount="2" falsecount="0"/>
        <line num="146" count="369" type="stmt"/>
        <line num="149" count="0" type="stmt"/>
        <line num="161" count="33" type="cond" truecount="2" falsecount="0"/>
        <line num="162" count="33" type="cond" truecount="1" falsecount="1"/>
        <line num="163" count="33" type="stmt"/>
        <line num="164" count="33" type="stmt"/>
        <line num="166" count="33" type="stmt"/>
        <line num="167" count="3" type="stmt"/>
        <line num="168" count="3" type="stmt"/>
        <line num="169" count="3" type="cond" truecount="4" falsecount="0"/>
        <line num="170" count="1" type="stmt"/>
        <line num="171" count="1" type="stmt"/>
        <line num="173" count="2" type="cond" truecount="2" falsecount="0"/>
        <line num="174" count="1" type="stmt"/>
        <line num="176" count="1" type="stmt"/>
        <line num="180" count="33" type="stmt"/>
        <line num="196" count="1" type="stmt"/>
        <line num="210" count="15" type="stmt"/>
        <line num="218" count="3" type="stmt"/>
        <line num="234" count="1" type="stmt"/>
        <line num="235" count="1" type="stmt"/>
      </file>
      <file name="Register.jsx" path="/Users/sivag/Downloads/UMGC/2026/SUMMER/SWEN661/CareConnect/CareConnect_STML-Desktop/src/renderer/src/pages/Register.jsx">
        <metrics statements="24" coveredstatements="24" conditionals="24" coveredconditionals="24" methods="8" coveredmethods="8"/>
        <line num="5" count="2" type="stmt"/>
        <line num="8" count="332" type="stmt"/>
        <line num="9" count="332" type="stmt"/>
        <line num="17" count="332" type="stmt"/>
        <line num="18" count="332" type="stmt"/>
        <line num="19" count="332" type="stmt"/>
        <line num="21" count="2324" type="stmt"/>
        <line num="22" count="310" type="cond" truecount="2" falsecount="0"/>
        <line num="23" count="310" type="stmt"/>
        <line num="26" count="332" type="stmt"/>
        <line num="27" count="8" type="stmt"/>
        <line num="28" count="8" type="stmt"/>
        <line num="30" count="8" type="cond" truecount="2" falsecount="0"/>
        <line num="31" count="7" type="cond" truecount="2" falsecount="0"/>
        <line num="32" count="6" type="cond" truecount="2" falsecount="0"/>
        <line num="33" count="5" type="cond" truecount="2" falsecount="0"/>
        <line num="34" count="4" type="cond" truecount="2" falsecount="0"/>
        <line num="37" count="3" type="stmt"/>
        <line num="43" count="3" type="cond" truecount="2" falsecount="0"/>
        <line num="45" count="2" type="stmt"/>
        <line num="46" count="2" type="stmt"/>
        <line num="47" count="1" type="stmt"/>
        <line num="52" count="332" type="stmt"/>
        <line num="149" count="1" type="stmt"/>
      </file>
    </package>
    <package name="renderer.src.pages.app">
      <metrics statements="625" coveredstatements="612" conditionals="432" coveredconditionals="394" methods="261" coveredmethods="248"/>
      <file name="AddMedicationModal.jsx" path="/Users/sivag/Downloads/UMGC/2026/SUMMER/SWEN661/CareConnect/CareConnect_STML-Desktop/src/renderer/src/pages/app/AddMedicationModal.jsx">
        <metrics statements="30" coveredstatements="26" conditionals="9" coveredconditionals="7" methods="11" coveredmethods="9"/>
        <line num="12" count="37" type="stmt"/>
        <line num="13" count="37" type="stmt"/>
        <line num="14" count="37" type="stmt"/>
        <line num="15" count="37" type="stmt"/>
        <line num="16" count="37" type="stmt"/>
        <line num="18" count="37" type="stmt"/>
        <line num="19" count="37" type="stmt"/>
        <line num="21" count="37" type="stmt"/>
        <line num="22" count="3" type="cond" truecount="2" falsecount="0"/>
        <line num="23" count="1" type="stmt"/>
        <line num="24" count="1" type="stmt"/>
        <line num="25" count="1" type="stmt"/>
        <line num="27" count="2" type="stmt"/>
        <line num="28" count="2" type="stmt"/>
        <line num="31" count="37" type="stmt"/>
        <line num="33" count="37" type="stmt"/>
        <line num="34" count="36" type="stmt"/>
        <line num="35" count="30" type="cond" truecount="3" falsecount="2"/>
        <line num="36" count="0" type="stmt"/>
        <line num="37" count="0" type="stmt"/>
        <line num="40" count="36" type="stmt"/>
        <line num="41" count="36" type="stmt"/>
        <line num="44" count="37" type="stmt"/>
        <line num="55" count="5" type="stmt"/>
        <line num="67" count="3" type="stmt"/>
        <line num="68" count="3" type="stmt"/>
        <line num="87" count="18" type="stmt"/>
        <line num="98" count="11" type="stmt"/>
        <line num="110" count="0" type="stmt"/>
        <line num="120" count="0" type="stmt"/>
      </file>
      <file name="AddTaskModal.jsx" path="/Users/sivag/Downloads/UMGC/2026/SUMMER/SWEN661/CareConnect/CareConnect_STML-Desktop/src/renderer/src/pages/app/AddTaskModal.jsx">
        <metrics statements="36" coveredstatements="34" conditionals="11" coveredconditionals="11" methods="15" coveredmethods="13"/>
        <line num="4" count="4" type="stmt"/>
        <line num="8" count="119" type="stmt"/>
        <line num="12" count="119" type="stmt"/>
        <line num="22" count="119" type="stmt"/>
        <line num="23" count="119" type="stmt"/>
        <line num="24" count="119" type="stmt"/>
        <line num="25" count="119" type="stmt"/>
        <line num="26" count="119" type="stmt"/>
        <line num="27" count="119" type="stmt"/>
        <line num="29" count="119" type="stmt"/>
        <line num="30" count="119" type="stmt"/>
        <line num="32" count="119" type="stmt"/>
        <line num="33" count="6" type="cond" truecount="2" falsecount="0"/>
        <line num="34" count="1" type="stmt"/>
        <line num="35" count="1" type="stmt"/>
        <line num="36" count="1" type="stmt"/>
        <line num="38" count="5" type="stmt"/>
        <line num="46" count="5" type="stmt"/>
        <line num="49" count="119" type="stmt"/>
        <line num="51" count="119" type="stmt"/>
        <line num="52" count="118" type="stmt"/>
        <line num="53" count="103" type="cond" truecount="5" falsecount="0"/>
        <line num="54" count="1" type="stmt"/>
        <line num="55" count="1" type="stmt"/>
        <line num="58" count="118" type="stmt"/>
        <line num="59" count="118" type="stmt"/>
        <line num="62" count="119" type="stmt"/>
        <line num="73" count="13" type="stmt"/>
        <line num="85" count="5" type="stmt"/>
        <line num="86" count="5" type="stmt"/>
        <line num="105" count="86" type="stmt"/>
        <line num="116" count="0" type="stmt"/>
        <line num="125" count="0" type="stmt"/>
        <line num="134" count="476" type="stmt"/>
        <line num="140" count="2" type="stmt"/>
        <line num="154" count="14" type="stmt"/>
      </file>
      <file name="AppShell.jsx" path="/Users/sivag/Downloads/UMGC/2026/SUMMER/SWEN661/CareConnect/CareConnect_STML-Desktop/src/renderer/src/pages/app/AppShell.jsx">
        <metrics statements="88" coveredstatements="86" conditionals="72" coveredconditionals="68" methods="26" coveredmethods="24"/>
        <line num="13" count="40" type="cond" truecount="1" falsecount="1"/>
        <line num="14" count="40" type="cond" truecount="2" falsecount="0"/>
        <line num="18" count="40" type="stmt"/>
        <line num="19" count="40" type="stmt"/>
        <line num="20" count="40" type="stmt"/>
        <line num="21" count="40" type="stmt"/>
        <line num="22" count="40" type="stmt"/>
        <line num="24" count="40" type="stmt"/>
        <line num="25" count="3" type="stmt"/>
        <line num="26" count="3" type="stmt"/>
        <line num="30" count="40" type="stmt"/>
        <line num="31" count="1" type="stmt"/>
        <line num="32" count="1" type="stmt"/>
        <line num="37" count="40" type="stmt"/>
        <line num="38" count="4" type="stmt"/>
        <line num="39" count="4" type="stmt"/>
        <line num="40" count="4" type="stmt"/>
        <line num="41" count="4" type="stmt"/>
        <line num="42" count="4" type="stmt"/>
        <line num="45" count="40" type="stmt"/>
        <line num="46" count="3" type="stmt"/>
        <line num="47" count="3" type="stmt"/>
        <line num="48" count="3" type="stmt"/>
        <line num="49" count="3" type="stmt"/>
        <line num="52" count="40" type="stmt"/>
        <line num="58" count="40" type="stmt"/>
        <line num="59" count="25" type="stmt"/>
        <line num="60" count="21" type="cond" truecount="2" falsecount="0"/>
        <line num="61" count="1" type="stmt"/>
        <line num="62" count="1" type="stmt"/>
        <line num="63" count="1" type="stmt"/>
        <line num="65" count="20" type="cond" truecount="2" falsecount="0"/>
        <line num="66" count="1" type="stmt"/>
        <line num="67" count="1" type="stmt"/>
        <line num="68" count="1" type="stmt"/>
        <line num="70" count="19" type="cond" truecount="6" falsecount="0"/>
        <line num="71" count="1" type="stmt"/>
        <line num="72" count="1" type="stmt"/>
        <line num="73" count="1" type="stmt"/>
        <line num="75" count="18" type="cond" truecount="6" falsecount="0"/>
        <line num="76" count="2" type="stmt"/>
        <line num="77" count="2" type="stmt"/>
        <line num="78" count="2" type="stmt"/>
        <line num="80" count="16" type="cond" truecount="4" falsecount="0"/>
        <line num="81" count="14" type="stmt"/>
        <line num="82" count="14" type="cond" truecount="2" falsecount="0"/>
        <line num="83" count="1" type="stmt"/>
        <line num="84" count="1" type="stmt"/>
        <line num="85" count="13" type="cond" truecount="4" falsecount="0"/>
        <line num="86" count="1" type="stmt"/>
        <line num="87" count="1" type="stmt"/>
        <line num="88" count="12" type="cond" truecount="4" falsecount="0"/>
        <line num="89" count="1" type="stmt"/>
        <line num="90" count="1" type="stmt"/>
        <line num="91" count="11" type="cond" truecount="4" falsecount="0"/>
        <line num="92" count="1" type="stmt"/>
        <line num="93" count="1" type="stmt"/>
        <line num="94" count="10" type="cond" truecount="2" falsecount="0"/>
        <line num="95" count="2" type="stmt"/>
        <line num="96" count="2" type="stmt"/>
        <line num="99" count="25" type="stmt"/>
        <line num="100" count="25" type="stmt"/>
        <line num="104" count="40" type="stmt"/>
        <line num="105" count="28" type="cond" truecount="2" falsecount="0"/>
        <line num="106" count="4" type="cond" truecount="2" falsecount="0"/>
        <line num="107" count="4" type="stmt"/>
        <line num="108" count="4" type="stmt"/>
        <line num="113" count="40" type="stmt"/>
        <line num="114" count="25" type="cond" truecount="1" falsecount="1"/>
        <line num="115" count="25" type="stmt"/>
        <line num="116" count="7" type="cond" truecount="2" falsecount="0"/>
        <line num="117" count="7" type="cond" truecount="2" falsecount="0"/>
        <line num="118" count="7" type="cond" truecount="1" falsecount="1"/>
        <line num="119" count="7" type="cond" truecount="1" falsecount="1"/>
        <line num="120" count="7" type="cond" truecount="2" falsecount="0"/>
        <line num="121" count="7" type="cond" truecount="2" falsecount="0"/>
        <line num="122" count="7" type="cond" truecount="2" falsecount="0"/>
        <line num="123" count="7" type="cond" truecount="2" falsecount="0"/>
        <line num="127" count="40" type="stmt"/>
        <line num="134" count="40" type="stmt"/>
        <line num="136" count="1" type="stmt"/>
        <line num="143" count="0" type="stmt"/>
        <line num="146" count="240" type="stmt"/>
        <line num="150" count="234" type="cond" truecount="2" falsecount="0"/>
        <line num="170" count="0" type="stmt"/>
        <line num="173" count="240" type="stmt"/>
        <line num="177" count="234" type="cond" truecount="2" falsecount="0"/>
        <line num="198" count="1" type="cond" truecount="2" falsecount="0"/>
      </file>
      <file name="CaregiverDashboard.jsx" path="/Users/sivag/Downloads/UMGC/2026/SUMMER/SWEN661/CareConnect/CareConnect_STML-Desktop/src/renderer/src/pages/app/CaregiverDashboard.jsx">
        <metrics statements="30" coveredstatements="29" conditionals="19" coveredconditionals="17" methods="19" coveredmethods="18"/>
        <line num="8" count="2" type="stmt"/>
        <line num="10" count="2" type="stmt"/>
        <line num="18" count="14" type="stmt"/>
        <line num="19" count="14" type="stmt"/>
        <line num="20" count="14" type="stmt"/>
        <line num="23" count="14" type="stmt"/>
        <line num="24" count="14" type="cond" truecount="1" falsecount="1"/>
        <line num="27" count="14" type="stmt"/>
        <line num="28" count="10" type="stmt"/>
        <line num="32" count="14" type="stmt"/>
        <line num="35" count="14" type="stmt"/>
        <line num="36" count="1" type="stmt"/>
        <line num="39" count="14" type="stmt"/>
        <line num="40" count="6" type="cond" truecount="2" falsecount="0"/>
        <line num="42" count="14" type="stmt"/>
        <line num="45" count="14" type="stmt"/>
        <line num="46" count="8" type="stmt"/>
        <line num="47" count="21" type="cond" truecount="5" falsecount="0"/>
        <line num="48" count="1" type="stmt"/>
        <line num="49" count="1" type="stmt"/>
        <line num="52" count="8" type="stmt"/>
        <line num="53" count="8" type="stmt"/>
        <line num="57" count="14" type="stmt"/>
        <line num="59" count="85" type="stmt"/>
        <line num="61" count="14" type="stmt"/>
        <line num="81" count="56" type="stmt"/>
        <line num="94" count="85" type="cond" truecount="2" falsecount="0"/>
        <line num="97" count="1" type="stmt"/>
        <line num="113" count="0" type="stmt"/>
        <line num="128" count="1" type="stmt"/>
      </file>
      <file name="DailyPlan.jsx" path="/Users/sivag/Downloads/UMGC/2026/SUMMER/SWEN661/CareConnect/CareConnect_STML-Desktop/src/renderer/src/pages/app/DailyPlan.jsx">
        <metrics statements="42" coveredstatements="42" conditionals="50" coveredconditionals="44" methods="27" coveredmethods="27"/>
        <line num="8" count="2" type="stmt"/>
        <line num="9" count="75" type="cond" truecount="2" falsecount="0"/>
        <line num="10" count="75" type="cond" truecount="3" falsecount="0"/>
        <line num="11" count="75" type="cond" truecount="2" falsecount="0"/>
        <line num="12" count="75" type="stmt"/>
        <line num="16" count="2" type="stmt"/>
        <line num="25" count="75" type="cond" truecount="2" falsecount="0"/>
        <line num="26" count="75" type="cond" truecount="2" falsecount="0"/>
        <line num="27" count="74" type="stmt"/>
        <line num="28" count="74" type="stmt"/>
        <line num="29" count="74" type="stmt"/>
        <line num="30" count="74" type="cond" truecount="2" falsecount="2"/>
        <line num="31" count="74" type="cond" truecount="3" falsecount="1"/>
        <line num="32" count="74" type="stmt"/>
        <line num="42" count="21" type="stmt"/>
        <line num="43" count="21" type="stmt"/>
        <line num="46" count="21" type="stmt"/>
        <line num="47" count="14" type="stmt"/>
        <line num="50" count="21" type="stmt"/>
        <line num="51" count="21" type="stmt"/>
        <line num="52" count="21" type="stmt"/>
        <line num="53" count="6" type="cond" truecount="2" falsecount="0"/>
        <line num="56" count="21" type="stmt"/>
        <line num="57" count="12" type="stmt"/>
        <line num="58" count="21" type="cond" truecount="5" falsecount="0"/>
        <line num="59" count="1" type="stmt"/>
        <line num="60" count="1" type="stmt"/>
        <line num="63" count="12" type="stmt"/>
        <line num="64" count="12" type="stmt"/>
        <line num="68" count="21" type="stmt"/>
        <line num="71" count="21" type="stmt"/>
        <line num="72" count="75" type="stmt"/>
        <line num="73" count="56" type="stmt"/>
        <line num="76" count="300" type="stmt"/>
        <line num="77" count="39" type="cond" truecount="2" falsecount="2"/>
        <line num="81" count="117" type="stmt"/>
        <line num="82" count="21" type="stmt"/>
        <line num="89" count="21" type="stmt"/>
        <line num="105" count="84" type="cond" truecount="4" falsecount="0"/>
        <line num="118" count="117" type="cond" truecount="2" falsecount="0"/>
        <line num="121" count="1" type="stmt"/>
        <line num="145" count="1" type="stmt"/>
      </file>
      <file name="Dashboard.jsx" path="/Users/sivag/Downloads/UMGC/2026/SUMMER/SWEN661/CareConnect/CareConnect_STML-Desktop/src/renderer/src/pages/app/Dashboard.jsx">
        <metrics statements="28" coveredstatements="28" conditionals="26" coveredconditionals="24" methods="16" coveredmethods="15"/>
        <line num="5" count="2" type="stmt"/>
        <line num="11" count="2" type="stmt"/>
        <line num="18" count="18" type="cond" truecount="1" falsecount="1"/>
        <line num="19" count="18" type="cond" truecount="1" falsecount="1"/>
        <line num="20" count="18" type="stmt"/>
        <line num="24" count="18" type="stmt"/>
        <line num="25" count="18" type="stmt"/>
        <line num="28" count="18" type="stmt"/>
        <line num="29" count="18" type="stmt"/>
        <line num="30" count="8" type="stmt"/>
        <line num="31" count="8" type="stmt"/>
        <line num="36" count="18" type="stmt"/>
        <line num="37" count="18" type="stmt"/>
        <line num="38" count="13" type="stmt"/>
        <line num="41" count="18" type="stmt"/>
        <line num="43" count="18" type="stmt"/>
        <line num="44" count="30" type="cond" truecount="2" falsecount="0"/>
        <line num="46" count="108" type="stmt"/>
        <line num="47" count="18" type="stmt"/>
        <line num="53" count="18" type="stmt"/>
        <line num="55" count="18" type="stmt"/>
        <line num="77" count="108" type="cond" truecount="2" falsecount="0"/>
        <line num="80" count="5" type="stmt"/>
        <line num="93" count="1" type="stmt"/>
        <line num="102" count="54" type="stmt"/>
        <line num="103" count="54" type="stmt"/>
        <line num="107" count="3" type="cond" truecount="2" falsecount="0"/>
        <line num="128" count="54" type="stmt"/>
      </file>
      <file name="Home.jsx" path="/Users/sivag/Downloads/UMGC/2026/SUMMER/SWEN661/CareConnect/CareConnect_STML-Desktop/src/renderer/src/pages/app/Home.jsx">
        <metrics statements="1" coveredstatements="1" conditionals="2" coveredconditionals="1" methods="1" coveredmethods="1"/>
        <line num="8" count="2" type="cond" truecount="1" falsecount="1"/>
      </file>
      <file name="Journal.jsx" path="/Users/sivag/Downloads/UMGC/2026/SUMMER/SWEN661/CareConnect/CareConnect_STML-Desktop/src/renderer/src/pages/app/Journal.jsx">
        <metrics statements="66" coveredstatements="66" conditionals="40" coveredconditionals="37" methods="21" coveredmethods="21"/>
        <line num="8" count="80" type="cond" truecount="2" falsecount="0"/>
        <line num="9" count="80" type="cond" truecount="2" falsecount="0"/>
        <line num="20" count="80" type="stmt"/>
        <line num="21" count="80" type="stmt"/>
        <line num="22" count="80" type="cond" truecount="1" falsecount="1"/>
        <line num="23" count="80" type="cond" truecount="2" falsecount="0"/>
        <line num="25" count="80" type="stmt"/>
        <line num="26" count="80" type="stmt"/>
        <line num="27" count="80" type="stmt"/>
        <line num="28" count="80" type="stmt"/>
        <line num="29" count="80" type="stmt"/>
        <line num="30" count="11" type="stmt"/>
        <line num="33" count="80" type="stmt"/>
        <line num="34" count="80" type="stmt"/>
        <line num="35" count="80" type="stmt"/>
        <line num="37" count="80" type="stmt"/>
        <line num="38" count="13" type="stmt"/>
        <line num="41" count="80" type="stmt"/>
        <line num="42" count="3" type="stmt"/>
        <line num="43" count="3" type="stmt"/>
        <line num="46" count="80" type="stmt"/>
        <line num="47" count="4" type="stmt"/>
        <line num="48" count="4" type="stmt"/>
        <line num="49" count="4" type="stmt"/>
        <line num="52" count="80" type="stmt"/>
        <line num="53" count="3" type="cond" truecount="2" falsecount="0"/>
        <line num="54" count="1" type="stmt"/>
        <line num="55" count="1" type="stmt"/>
        <line num="56" count="1" type="stmt"/>
        <line num="58" count="2" type="stmt"/>
        <line num="62" count="2" type="stmt"/>
        <line num="66" count="80" type="stmt"/>
        <line num="67" count="78" type="stmt"/>
        <line num="68" count="67" type="cond" truecount="5" falsecount="0"/>
        <line num="69" count="1" type="stmt"/>
        <line num="70" count="1" type="stmt"/>
        <line num="71" count="66" type="cond" truecount="5" falsecount="0"/>
        <line num="72" count="1" type="stmt"/>
        <line num="73" count="1" type="stmt"/>
        <line num="74" count="65" type="cond" truecount="4" falsecount="0"/>
        <line num="75" count="1" type="stmt"/>
        <line num="78" count="78" type="stmt"/>
        <line num="79" count="78" type="stmt"/>
        <line num="83" count="80" type="stmt"/>
        <line num="85" count="162" type="stmt"/>
        <line num="87" count="80" type="stmt"/>
        <line num="89" count="4" type="cond" truecount="1" falsecount="1"/>
        <line num="90" count="4" type="stmt"/>
        <line num="91" count="12" type="stmt"/>
        <line num="92" count="4" type="cond" truecount="1" falsecount="1"/>
        <line num="93" count="4" type="stmt"/>
        <line num="94" count="4" type="cond" truecount="2" falsecount="0"/>
        <line num="95" count="3" type="cond" truecount="2" falsecount="0"/>
        <line num="96" count="2" type="cond" truecount="2" falsecount="0"/>
        <line num="97" count="1" type="stmt"/>
        <line num="99" count="4" type="stmt"/>
        <line num="100" count="4" type="stmt"/>
        <line num="101" count="4" type="stmt"/>
        <line num="106" count="80" type="stmt"/>
        <line num="124" count="2" type="stmt"/>
        <line num="125" count="2" type="stmt"/>
        <line num="133" count="400" type="stmt"/>
        <line num="136" count="800" type="stmt"/>
        <line num="143" count="1" type="stmt"/>
        <line num="163" count="58" type="stmt"/>
        <line num="180" count="242" type="stmt"/>
      </file>
      <file name="Medications.jsx" path="/Users/sivag/Downloads/UMGC/2026/SUMMER/SWEN661/CareConnect/CareConnect_STML-Desktop/src/renderer/src/pages/app/Medications.jsx">
        <metrics statements="39" coveredstatements="39" conditionals="41" coveredconditionals="38" methods="19" coveredmethods="19"/>
        <line num="22" count="17" type="stmt"/>
        <line num="23" count="17" type="stmt"/>
        <line num="24" count="17" type="stmt"/>
        <line num="27" count="17" type="stmt"/>
        <line num="28" count="12" type="stmt"/>
        <line num="31" count="17" type="stmt"/>
        <line num="32" count="17" type="stmt"/>
        <line num="37" count="17" type="stmt"/>
        <line num="39" count="3" type="stmt"/>
        <line num="40" count="3" type="stmt"/>
        <line num="41" count="3" type="cond" truecount="1" falsecount="1"/>
        <line num="42" count="3" type="stmt"/>
        <line num="43" count="3" type="cond" truecount="1" falsecount="1"/>
        <line num="44" count="3" type="cond" truecount="2" falsecount="0"/>
        <line num="45" count="3" type="stmt"/>
        <line num="52" count="17" type="stmt"/>
        <line num="55" count="17" type="stmt"/>
        <line num="56" count="8" type="stmt"/>
        <line num="57" count="22" type="cond" truecount="5" falsecount="0"/>
        <line num="58" count="1" type="stmt"/>
        <line num="59" count="1" type="stmt"/>
        <line num="62" count="8" type="stmt"/>
        <line num="63" count="8" type="stmt"/>
        <line num="67" count="17" type="stmt"/>
        <line num="69" count="42" type="stmt"/>
        <line num="71" count="17" type="stmt"/>
        <line num="93" count="42" type="stmt"/>
        <line num="94" count="42" type="stmt"/>
        <line num="112" count="294" type="stmt"/>
        <line num="113" count="294" type="stmt"/>
        <line num="114" count="294" type="stmt"/>
        <line num="116" count="294" type="cond" truecount="4" falsecount="0"/>
        <line num="119" count="294" type="cond" truecount="4" falsecount="0"/>
        <line num="120" count="294" type="cond" truecount="2" falsecount="0"/>
        <line num="121" count="294" type="cond" truecount="4" falsecount="0"/>
        <line num="122" count="294" type="stmt"/>
        <line num="127" count="2" type="stmt"/>
        <line num="145" count="1" type="stmt"/>
        <line num="155" count="1" type="cond" truecount="2" falsecount="0"/>
      </file>
      <file name="MenuBar.jsx" path="/Users/sivag/Downloads/UMGC/2026/SUMMER/SWEN661/CareConnect/CareConnect_STML-Desktop/src/renderer/src/pages/app/MenuBar.jsx">
        <metrics statements="97" coveredstatements="97" conditionals="69" coveredconditionals="60" methods="28" coveredmethods="28"/>
        <line num="9" count="86" type="stmt"/>
        <line num="10" count="86" type="stmt"/>
        <line num="11" count="86" type="stmt"/>
        <line num="12" count="86" type="stmt"/>
        <line num="13" count="86" type="stmt"/>
        <line num="15" count="86" type="stmt"/>
        <line num="16" count="41" type="stmt"/>
        <line num="17" count="26" type="cond" truecount="4" falsecount="0"/>
        <line num="19" count="41" type="stmt"/>
        <line num="20" count="41" type="stmt"/>
        <line num="23" count="688" type="stmt"/>
        <line num="24" count="86" type="stmt"/>
        <line num="26" count="86" type="stmt"/>
        <line num="46" count="1" type="stmt"/>
        <line num="51" count="86" type="stmt"/>
        <line num="52" count="86" type="stmt"/>
        <line num="53" count="3" type="stmt"/>
        <line num="54" count="3" type="stmt"/>
        <line num="57" count="86" type="stmt"/>
        <line num="58" count="5" type="stmt"/>
        <line num="59" count="5" type="stmt"/>
        <line num="62" count="86" type="stmt"/>
        <line num="63" count="11" type="cond" truecount="1" falsecount="1"/>
        <line num="64" count="11" type="stmt"/>
        <line num="66" count="37" type="stmt"/>
        <line num="67" count="48" type="stmt"/>
        <line num="71" count="86" type="cond" truecount="0" falsecount="1"/>
        <line num="72" count="4" type="stmt"/>
        <line num="73" count="4" type="cond" truecount="1" falsecount="1"/>
        <line num="74" count="4" type="stmt"/>
        <line num="75" count="4" type="stmt"/>
        <line num="76" count="4" type="cond" truecount="2" falsecount="0"/>
        <line num="77" count="3" type="cond" truecount="2" falsecount="0"/>
        <line num="78" count="2" type="stmt"/>
        <line num="82" count="344" type="stmt"/>
        <line num="83" count="7" type="cond" truecount="4" falsecount="0"/>
        <line num="84" count="2" type="stmt"/>
        <line num="85" count="2" type="cond" truecount="2" falsecount="0"/>
        <line num="87" count="2" type="cond" truecount="1" falsecount="1"/>
        <line num="88" count="2" type="stmt"/>
        <line num="89" count="2" type="stmt"/>
        <line num="91" count="5" type="cond" truecount="2" falsecount="0"/>
        <line num="92" count="1" type="stmt"/>
        <line num="93" count="1" type="stmt"/>
        <line num="94" count="1" type="stmt"/>
        <line num="96" count="4" type="cond" truecount="2" falsecount="0"/>
        <line num="97" count="1" type="stmt"/>
        <line num="98" count="1" type="stmt"/>
        <line num="99" count="1" type="stmt"/>
        <line num="101" count="3" type="cond" truecount="4" falsecount="0"/>
        <line num="102" count="2" type="stmt"/>
        <line num="103" count="2" type="cond" truecount="2" falsecount="0"/>
        <line num="104" count="1" type="stmt"/>
        <line num="105" count="2" type="stmt"/>
        <line num="107" count="1" type="cond" truecount="1" falsecount="1"/>
        <line num="108" count="1" type="stmt"/>
        <line num="109" count="1" type="stmt"/>
        <line num="113" count="86" type="stmt"/>
        <line num="114" count="7" type="stmt"/>
        <line num="115" count="7" type="cond" truecount="1" falsecount="1"/>
        <line num="116" count="7" type="stmt"/>
        <line num="117" count="7" type="cond" truecount="1" falsecount="1"/>
        <line num="119" count="7" type="cond" truecount="2" falsecount="0"/>
        <line num="120" count="1" type="stmt"/>
        <line num="121" count="1" type="stmt"/>
        <line num="122" count="1" type="stmt"/>
        <line num="124" count="6" type="cond" truecount="2" falsecount="0"/>
        <line num="125" count="1" type="stmt"/>
        <line num="126" count="1" type="stmt"/>
        <line num="127" count="1" type="stmt"/>
        <line num="129" count="5" type="cond" truecount="4" falsecount="0"/>
        <line num="131" count="1" type="stmt"/>
        <line num="132" count="1" type="cond" truecount="1" falsecount="1"/>
        <line num="133" count="1" type="stmt"/>
        <line num="135" count="4" type="cond" truecount="2" falsecount="0"/>
        <line num="136" count="1" type="stmt"/>
        <line num="137" count="1" type="stmt"/>
        <line num="138" count="1" type="stmt"/>
        <line num="140" count="3" type="cond" truecount="2" falsecount="0"/>
        <line num="141" count="1" type="stmt"/>
        <line num="142" count="1" type="stmt"/>
        <line num="143" count="1" type="stmt"/>
        <line num="145" count="2" type="cond" truecount="2" falsecount="0"/>
        <line num="146" count="1" type="stmt"/>
        <line num="147" count="1" type="stmt"/>
        <line num="148" count="1" type="stmt"/>
        <line num="149" count="1" type="stmt"/>
        <line num="151" count="1" type="cond" truecount="1" falsecount="1"/>
        <line num="152" count="1" type="stmt"/>
        <line num="156" count="86" type="stmt"/>
        <line num="165" count="344" type="stmt"/>
        <line num="169" count="680" type="stmt"/>
        <line num="171" count="13" type="cond" truecount="2" falsecount="0"/>
        <line num="172" count="13" type="cond" truecount="2" falsecount="0"/>
        <line num="182" count="68" type="cond" truecount="2" falsecount="0"/>
        <line num="190" count="108" type="cond" truecount="2" falsecount="0"/>
        <line num="191" count="108" type="stmt"/>
      </file>
      <file name="Reminders.jsx" path="/Users/sivag/Downloads/UMGC/2026/SUMMER/SWEN661/CareConnect/CareConnect_STML-Desktop/src/renderer/src/pages/app/Reminders.jsx">
        <metrics statements="119" coveredstatements="115" conditionals="78" coveredconditionals="73" methods="56" coveredmethods="52"/>
        <line num="15" count="2" type="stmt"/>
        <line num="17" count="2" type="stmt"/>
        <line num="26" count="10" type="stmt"/>
        <line num="27" count="5" type="cond" truecount="2" falsecount="0"/>
        <line num="28" count="4" type="cond" truecount="2" falsecount="0"/>
        <line num="29" count="3" type="cond" truecount="2" falsecount="0"/>
        <line num="30" count="1" type="stmt"/>
        <line num="41" count="101" type="stmt"/>
        <line num="42" count="101" type="stmt"/>
        <line num="43" count="101" type="stmt"/>
        <line num="44" count="101" type="stmt"/>
        <line num="45" count="101" type="stmt"/>
        <line num="46" count="101" type="stmt"/>
        <line num="48" count="101" type="stmt"/>
        <line num="49" count="101" type="stmt"/>
        <line num="50" count="101" type="stmt"/>
        <line num="51" count="101" type="stmt"/>
        <line num="52" count="101" type="stmt"/>
        <line num="54" count="101" type="stmt"/>
        <line num="55" count="23" type="stmt"/>
        <line num="59" count="101" type="stmt"/>
        <line num="60" count="4" type="stmt"/>
        <line num="61" count="4" type="stmt"/>
        <line num="62" count="4" type="stmt"/>
        <line num="63" count="4" type="stmt"/>
        <line num="64" count="4" type="stmt"/>
        <line num="67" count="101" type="stmt"/>
        <line num="68" count="4" type="cond" truecount="2" falsecount="0"/>
        <line num="69" count="1" type="stmt"/>
        <line num="70" count="1" type="stmt"/>
        <line num="71" count="1" type="stmt"/>
        <line num="73" count="3" type="cond" truecount="2" falsecount="0"/>
        <line num="74" count="1" type="stmt"/>
        <line num="75" count="8" type="cond" truecount="2" falsecount="0"/>
        <line num="78" count="2" type="stmt"/>
        <line num="80" count="3" type="stmt"/>
        <line num="81" count="3" type="stmt"/>
        <line num="82" count="3" type="stmt"/>
        <line num="85" count="101" type="stmt"/>
        <line num="86" count="2" type="stmt"/>
        <line num="87" count="2" type="stmt"/>
        <line num="88" count="2" type="stmt"/>
        <line num="89" count="2" type="stmt"/>
        <line num="90" count="2" type="stmt"/>
        <line num="93" count="101" type="stmt"/>
        <line num="94" count="8" type="cond" truecount="2" falsecount="0"/>
        <line num="96" count="101" type="stmt"/>
        <line num="97" count="1" type="stmt"/>
        <line num="98" count="8" type="cond" truecount="2" falsecount="0"/>
        <line num="101" count="101" type="stmt"/>
        <line num="102" count="1" type="stmt"/>
        <line num="103" count="1" type="stmt"/>
        <line num="104" count="1" type="stmt"/>
        <line num="108" count="101" type="stmt"/>
        <line num="109" count="88" type="stmt"/>
        <line num="110" count="70" type="cond" truecount="4" falsecount="0"/>
        <line num="111" count="4" type="stmt"/>
        <line num="112" count="4" type="cond" truecount="2" falsecount="0"/>
        <line num="113" count="1" type="stmt"/>
        <line num="114" count="1" type="stmt"/>
        <line num="115" count="3" type="cond" truecount="2" falsecount="0"/>
        <line num="116" count="1" type="stmt"/>
        <line num="117" count="1" type="stmt"/>
        <line num="120" count="88" type="stmt"/>
        <line num="121" count="88" type="stmt"/>
        <line num="125" count="101" type="stmt"/>
        <line num="127" count="101" type="stmt"/>
        <line num="128" count="23" type="stmt"/>
        <line num="129" count="716" type="stmt"/>
        <line num="130" count="23" type="stmt"/>
        <line num="133" count="101" type="cond" truecount="2" falsecount="0"/>
        <line num="134" count="584" type="stmt"/>
        <line num="135" count="773" type="stmt"/>
        <line num="136" count="773" type="stmt"/>
        <line num="138" count="796" type="stmt"/>
        <line num="139" count="101" type="stmt"/>
        <line num="140" count="101" type="stmt"/>
        <line num="147" count="101" type="stmt"/>
        <line num="149" count="101" type="stmt"/>
        <line num="150" count="5" type="cond" truecount="1" falsecount="1"/>
        <line num="151" count="5" type="stmt"/>
        <line num="152" count="5" type="stmt"/>
        <line num="155" count="101" type="stmt"/>
        <line num="156" count="4" type="cond" truecount="1" falsecount="1"/>
        <line num="157" count="4" type="stmt"/>
        <line num="158" count="8" type="stmt"/>
        <line num="159" count="4" type="cond" truecount="1" falsecount="1"/>
        <line num="161" count="4" type="stmt"/>
        <line num="162" count="4" type="cond" truecount="2" falsecount="0"/>
        <line num="163" count="3" type="cond" truecount="2" falsecount="0"/>
        <line num="164" count="2" type="cond" truecount="2" falsecount="0"/>
        <line num="165" count="1" type="stmt"/>
        <line num="167" count="4" type="stmt"/>
        <line num="168" count="4" type="stmt"/>
        <line num="169" count="4" type="stmt"/>
        <line num="172" count="101" type="stmt"/>
        <line num="173" count="25" type="stmt"/>
        <line num="176" count="101" type="stmt"/>
        <line num="199" count="505" type="stmt"/>
        <line num="201" count="1010" type="stmt"/>
        <line num="210" count="2" type="stmt"/>
        <line num="225" count="480" type="stmt"/>
        <line num="235" count="293" type="stmt"/>
        <line num="249" count="3" type="stmt"/>
        <line num="250" count="3" type="stmt"/>
        <line num="269" count="58" type="stmt"/>
        <line num="280" count="0" type="stmt"/>
        <line num="288" count="0" type="stmt"/>
        <line num="291" count="606" type="stmt"/>
        <line num="301" count="404" type="stmt"/>
        <line num="304" count="808" type="stmt"/>
        <line num="311" count="0" type="stmt"/>
        <line num="331" count="1" type="stmt"/>
        <line num="355" count="303" type="stmt"/>
        <line num="372" count="773" type="stmt"/>
        <line num="377" count="1" type="stmt"/>
        <line num="392" count="0" type="stmt"/>
        <line num="395" count="2" type="stmt"/>
        <line num="396" count="1" type="stmt"/>
      </file>
      <file name="Settings.jsx" path="/Users/sivag/Downloads/UMGC/2026/SUMMER/SWEN661/CareConnect/CareConnect_STML-Desktop/src/renderer/src/pages/app/Settings.jsx">
        <metrics statements="37" coveredstatements="37" conditionals="15" coveredconditionals="14" methods="16" coveredmethods="15"/>
        <line num="12" count="2" type="stmt"/>
        <line num="16" count="2" type="stmt"/>
        <line num="25" count="2" type="stmt"/>
        <line num="38" count="14" type="stmt"/>
        <line num="39" count="14" type="stmt"/>
        <line num="40" count="14" type="stmt"/>
        <line num="43" count="14" type="stmt"/>
        <line num="44" count="11" type="stmt"/>
        <line num="47" count="14" type="stmt"/>
        <line num="48" count="3" type="stmt"/>
        <line num="49" count="3" type="stmt"/>
        <line num="52" count="14" type="stmt"/>
        <line num="53" count="2" type="stmt"/>
        <line num="54" count="2" type="stmt"/>
        <line num="55" count="2" type="stmt"/>
        <line num="56" count="2" type="stmt"/>
        <line num="59" count="14" type="stmt"/>
        <line num="60" count="1" type="stmt"/>
        <line num="61" count="1" type="stmt"/>
        <line num="62" count="1" type="stmt"/>
        <line num="63" count="1" type="stmt"/>
        <line num="67" count="14" type="stmt"/>
        <line num="68" count="11" type="stmt"/>
        <line num="69" count="2" type="cond" truecount="4" falsecount="1"/>
        <line num="70" count="1" type="stmt"/>
        <line num="71" count="1" type="stmt"/>
        <line num="74" count="11" type="stmt"/>
        <line num="75" count="11" type="stmt"/>
        <line num="78" count="14" type="stmt"/>
        <line num="80" count="14" type="stmt"/>
        <line num="104" count="2" type="stmt"/>
        <line num="116" count="42" type="stmt"/>
        <line num="127" count="1" type="stmt"/>
        <line num="141" count="84" type="stmt"/>
        <line num="174" count="168" type="cond" truecount="2" falsecount="0"/>
        <line num="175" count="154" type="stmt"/>
        <line num="184" count="70" type="stmt"/>
      </file>
      <file name="ShortcutsModal.jsx" path="/Users/sivag/Downloads/UMGC/2026/SUMMER/SWEN661/CareConnect/CareConnect_STML-Desktop/src/renderer/src/pages/app/ShortcutsModal.jsx">
        <metrics statements="12" coveredstatements="12" conditionals="0" coveredconditionals="0" methods="6" coveredmethods="6"/>
        <line num="7" count="24" type="stmt"/>
        <line num="9" count="4" type="stmt"/>
        <line num="17" count="4" type="stmt"/>
        <line num="25" count="4" type="stmt"/>
        <line num="36" count="11" type="stmt"/>
        <line num="37" count="11" type="stmt"/>
        <line num="39" count="11" type="stmt"/>
        <line num="41" count="11" type="stmt"/>
        <line num="49" count="2" type="stmt"/>
        <line num="75" count="44" type="stmt"/>
        <line num="80" count="231" type="stmt"/>
        <line num="84" count="396" type="stmt"/>
      </file>
    </package>
    <package name="shared">
      <metrics statements="3" coveredstatements="3" conditionals="0" coveredconditionals="0" methods="0" coveredmethods="0"/>
      <file name="ipc.js" path="/Users/sivag/Downloads/UMGC/2026/SUMMER/SWEN661/CareConnect/CareConnect_STML-Desktop/src/shared/ipc.js">
        <metrics statements="2" coveredstatements="2" conditionals="0" coveredconditionals="0" methods="0" coveredmethods="0"/>
        <line num="6" count="29" type="stmt"/>
        <line num="17" count="29" type="stmt"/>
      </file>
      <file name="routes.js" path="/Users/sivag/Downloads/UMGC/2026/SUMMER/SWEN661/CareConnect/CareConnect_STML-Desktop/src/shared/routes.js">
        <metrics statements="1" coveredstatements="1" conditionals="0" coveredconditionals="0" methods="0" coveredmethods="0"/>
        <line num="5" count="5" type="stmt"/>
      </file>
    </package>
  </project>
</coverage>
