{"/Users/sivag/Downloads/UMGC/2026/SUMMER/SWEN661/CareConnect/CareConnect_STML-Desktop/src/renderer/src/App.jsx": {"path":"/Users/sivag/Downloads/UMGC/2026/SUMMER/SWEN661/CareConnect/CareConnect_STML-Desktop/src/renderer/src/App.jsx","statementMap":{"0":{"start":{"line":18,"column":19},"end":{"line":18,"column":32}},"1":{"start":{"line":19,"column":23},"end":{"line":19,"column":46}},"2":{"start":{"line":22,"column":2},"end":{"line":24,"column":9}},"3":{"start":{"line":23,"column":4},"end":{"line":23,"column":34}},"4":{"start":{"line":27,"column":2},"end":{"line":31,"column":17}},"5":{"start":{"line":28,"column":4},"end":{"line":28,"column":48}},"6":{"start":{"line":28,"column":41},"end":{"line":28,"column":48}},"7":{"start":{"line":29,"column":24},"end":{"line":29,"column":75}},"8":{"start":{"line":29,"column":62},"end":{"line":29,"column":74}},"9":{"start":{"line":30,"column":4},"end":{"line":30,"column":23}},"10":{"start":{"line":33,"column":2},"end":{"line":56,"column":4}}},"fnMap":{"0":{"name":"App","decl":{"start":{"line":17,"column":24},"end":{"line":17,"column":27}},"loc":{"start":{"line":17,"column":30},"end":{"line":57,"column":1}},"line":17},"1":{"name":"(anonymous_1)","decl":{"start":{"line":22,"column":12},"end":{"line":22,"column":13}},"loc":{"start":{"line":22,"column":18},"end":{"line":24,"column":3}},"line":22},"2":{"name":"(anonymous_2)","decl":{"start":{"line":27,"column":12},"end":{"line":27,"column":13}},"loc":{"start":{"line":27,"column":18},"end":{"line":31,"column":3}},"line":27},"3":{"name":"(anonymous_3)","decl":{"start":{"line":29,"column":54},"end":{"line":29,"column":55}},"loc":{"start":{"line":29,"column":62},"end":{"line":29,"column":74}},"line":29}},"branchMap":{"0":{"loc":{"start":{"line":28,"column":4},"end":{"line":28,"column":48}},"type":"if","locations":[{"start":{"line":28,"column":4},"end":{"line":28,"column":48}},{"start":{},"end":{}}],"line":28}},"s":{"0":22,"1":22,"2":22,"3":10,"4":22,"5":11,"6":0,"7":11,"8":0,"9":11,"10":22},"f":{"0":22,"1":10,"2":11,"3":0},"b":{"0":[0,11]},"_coverageSchema":"1a1c01bbd47fc00a2c39e90264f33305004495a9","hash":"227633efc166d3cb497988ddef368cacb8f30699"}
,"/Users/sivag/Downloads/UMGC/2026/SUMMER/SWEN661/CareConnect/CareConnect_STML-Desktop/src/renderer/src/lib/accessibility.js": {"path":"/Users/sivag/Downloads/UMGC/2026/SUMMER/SWEN661/CareConnect/CareConnect_STML-Desktop/src/renderer/src/lib/accessibility.js","statementMap":{"0":{"start":{"line":4,"column":18},"end":{"line":11,"column":12}},"1":{"start":{"line":13,"column":21},"end":{"line":24,"column":1}},"2":{"start":{"line":27,"column":19},"end":{"line":27,"column":32}},"3":{"start":{"line":28,"column":42},"end":{"line":28,"column":54}},"4":{"start":{"line":30,"column":2},"end":{"line":39,"column":26}},"5":{"start":{"line":31,"column":18},"end":{"line":31,"column":71}},"6":{"start":{"line":32,"column":4},"end":{"line":32,"column":51}},"7":{"start":{"line":33,"column":4},"end":{"line":33,"column":46}},"8":{"start":{"line":35,"column":17},"end":{"line":35,"column":56}},"9":{"start":{"line":36,"column":4},"end":{"line":38,"column":5}},"10":{"start":{"line":37,"column":6},"end":{"line":37,"column":48}},"11":{"start":{"line":37,"column":34},"end":{"line":37,"column":46}},"12":{"start":{"line":41,"column":2},"end":{"line":41,"column":22}},"13":{"start":{"line":45,"column":2},"end":{"line":86,"column":47}},"14":{"start":{"line":46,"column":21},"end":{"line":46,"column":43}},"15":{"start":{"line":47,"column":22},"end":{"line":47,"column":42}},"16":{"start":{"line":49,"column":4},"end":{"line":51,"column":7}},"17":{"start":{"line":50,"column":6},"end":{"line":50,"column":39}},"18":{"start":{"line":53,"column":22},"end":{"line":78,"column":5}},"19":{"start":{"line":54,"column":6},"end":{"line":58,"column":7}},"20":{"start":{"line":55,"column":8},"end":{"line":55,"column":31}},"21":{"start":{"line":56,"column":8},"end":{"line":56,"column":18}},"22":{"start":{"line":57,"column":8},"end":{"line":57,"column":15}},"23":{"start":{"line":60,"column":6},"end":{"line":60,"column":52}},"24":{"start":{"line":60,"column":45},"end":{"line":60,"column":52}},"25":{"start":{"line":62,"column":24},"end":{"line":64,"column":7}},"26":{"start":{"line":63,"column":16},"end":{"line":63,"column":89}},"27":{"start":{"line":65,"column":6},"end":{"line":65,"column":41}},"28":{"start":{"line":65,"column":34},"end":{"line":65,"column":41}},"29":{"start":{"line":67,"column":20},"end":{"line":67,"column":32}},"30":{"start":{"line":68,"column":19},"end":{"line":68,"column":50}},"31":{"start":{"line":69,"column":21},"end":{"line":69,"column":43}},"32":{"start":{"line":71,"column":6},"end":{"line":77,"column":7}},"33":{"start":{"line":72,"column":8},"end":{"line":72,"column":31}},"34":{"start":{"line":73,"column":8},"end":{"line":73,"column":21}},"35":{"start":{"line":74,"column":13},"end":{"line":77,"column":7}},"36":{"start":{"line":75,"column":8},"end":{"line":75,"column":31}},"37":{"start":{"line":76,"column":8},"end":{"line":76,"column":22}},"38":{"start":{"line":80,"column":4},"end":{"line":80,"column":52}},"39":{"start":{"line":82,"column":4},"end":{"line":85,"column":6}},"40":{"start":{"line":83,"column":6},"end":{"line":83,"column":57}},"41":{"start":{"line":84,"column":6},"end":{"line":84,"column":60}},"42":{"start":{"line":84,"column":43},"end":{"line":84,"column":60}},"43":{"start":{"line":97,"column":19},"end":{"line":97,"column":80}},"44":{"start":{"line":98,"column":19},"end":{"line":98,"column":77}},"45":{"start":{"line":99,"column":2},"end":{"line":99,"column":77}},"46":{"start":{"line":99,"column":70},"end":{"line":99,"column":77}},"47":{"start":{"line":101,"column":16},"end":{"line":103,"column":61}},"48":{"start":{"line":103,"column":19},"end":{"line":103,"column":60}},"49":{"start":{"line":104,"column":2},"end":{"line":104,"column":33}},"50":{"start":{"line":104,"column":26},"end":{"line":104,"column":33}},"51":{"start":{"line":106,"column":18},"end":{"line":106,"column":55}},"52":{"start":{"line":107,"column":15},"end":{"line":107,"column":19}},"53":{"start":{"line":108,"column":2},"end":{"line":113,"column":3}},"54":{"start":{"line":108,"column":28},"end":{"line":108,"column":46}},"55":{"start":{"line":109,"column":7},"end":{"line":113,"column":3}},"56":{"start":{"line":109,"column":32},"end":{"line":109,"column":65}},"57":{"start":{"line":110,"column":7},"end":{"line":113,"column":3}},"58":{"start":{"line":110,"column":41},"end":{"line":110,"column":104}},"59":{"start":{"line":111,"column":7},"end":{"line":113,"column":3}},"60":{"start":{"line":112,"column":4},"end":{"line":112,"column":97}},"61":{"start":{"line":115,"column":2},"end":{"line":118,"column":3}},"62":{"start":{"line":116,"column":4},"end":{"line":116,"column":27}},"63":{"start":{"line":117,"column":4},"end":{"line":117,"column":19}}},"fnMap":{"0":{"name":"useRouteAccessibility","decl":{"start":{"line":26,"column":16},"end":{"line":26,"column":37}},"loc":{"start":{"line":26,"column":40},"end":{"line":42,"column":1}},"line":26},"1":{"name":"(anonymous_1)","decl":{"start":{"line":30,"column":12},"end":{"line":30,"column":13}},"loc":{"start":{"line":30,"column":18},"end":{"line":39,"column":3}},"line":30},"2":{"name":"(anonymous_2)","decl":{"start":{"line":37,"column":28},"end":{"line":37,"column":29}},"loc":{"start":{"line":37,"column":34},"end":{"line":37,"column":46}},"line":37},"3":{"name":"useModalAccessibility","decl":{"start":{"line":44,"column":16},"end":{"line":44,"column":37}},"loc":{"start":{"line":44,"column":82},"end":{"line":87,"column":1}},"line":44},"4":{"name":"(anonymous_4)","decl":{"start":{"line":45,"column":12},"end":{"line":45,"column":13}},"loc":{"start":{"line":45,"column":18},"end":{"line":86,"column":3}},"line":45},"5":{"name":"(anonymous_5)","decl":{"start":{"line":49,"column":26},"end":{"line":49,"column":27}},"loc":{"start":{"line":49,"column":32},"end":{"line":51,"column":5}},"line":49},"6":{"name":"(anonymous_6)","decl":{"start":{"line":53,"column":22},"end":{"line":53,"column":23}},"loc":{"start":{"line":53,"column":33},"end":{"line":78,"column":5}},"line":53},"7":{"name":"(anonymous_7)","decl":{"start":{"line":63,"column":8},"end":{"line":63,"column":9}},"loc":{"start":{"line":63,"column":16},"end":{"line":63,"column":89}},"line":63},"8":{"name":"(anonymous_8)","decl":{"start":{"line":82,"column":11},"end":{"line":82,"column":12}},"loc":{"start":{"line":82,"column":17},"end":{"line":85,"column":5}},"line":82},"9":{"name":"handleArrowNavigation","decl":{"start":{"line":96,"column":16},"end":{"line":96,"column":37}},"loc":{"start":{"line":96,"column":71},"end":{"line":119,"column":1}},"line":96},"10":{"name":"(anonymous_10)","decl":{"start":{"line":103,"column":11},"end":{"line":103,"column":12}},"loc":{"start":{"line":103,"column":19},"end":{"line":103,"column":60}},"line":103}},"branchMap":{"0":{"loc":{"start":{"line":31,"column":18},"end":{"line":31,"column":71}},"type":"binary-expr","locations":[{"start":{"line":31,"column":18},"end":{"line":31,"column":49}},{"start":{"line":31,"column":53},"end":{"line":31,"column":71}}],"line":31},"1":{"loc":{"start":{"line":36,"column":4},"end":{"line":38,"column":5}},"type":"if","locations":[{"start":{"line":36,"column":4},"end":{"line":38,"column":5}},{"start":{},"end":{}}],"line":36},"2":{"loc":{"start":{"line":54,"column":6},"end":{"line":58,"column":7}},"type":"if","locations":[{"start":{"line":54,"column":6},"end":{"line":58,"column":7}},{"start":{},"end":{}}],"line":54},"3":{"loc":{"start":{"line":60,"column":6},"end":{"line":60,"column":52}},"type":"if","locations":[{"start":{"line":60,"column":6},"end":{"line":60,"column":52}},{"start":{},"end":{}}],"line":60},"4":{"loc":{"start":{"line":60,"column":10},"end":{"line":60,"column":43}},"type":"binary-expr","locations":[{"start":{"line":60,"column":10},"end":{"line":60,"column":29}},{"start":{"line":60,"column":33},"end":{"line":60,"column":43}}],"line":60},"5":{"loc":{"start":{"line":63,"column":16},"end":{"line":63,"column":89}},"type":"binary-expr","locations":[{"start":{"line":63,"column":16},"end":{"line":63,"column":44}},{"start":{"line":63,"column":48},"end":{"line":63,"column":89}}],"line":63},"6":{"loc":{"start":{"line":65,"column":6},"end":{"line":65,"column":41}},"type":"if","locations":[{"start":{"line":65,"column":6},"end":{"line":65,"column":41}},{"start":{},"end":{}}],"line":65},"7":{"loc":{"start":{"line":71,"column":6},"end":{"line":77,"column":7}},"type":"if","locations":[{"start":{"line":71,"column":6},"end":{"line":77,"column":7}},{"start":{"line":74,"column":13},"end":{"line":77,"column":7}}],"line":71},"8":{"loc":{"start":{"line":71,"column":10},"end":{"line":71,"column":44}},"type":"binary-expr","locations":[{"start":{"line":71,"column":10},"end":{"line":71,"column":24}},{"start":{"line":71,"column":28},"end":{"line":71,"column":44}}],"line":71},"9":{"loc":{"start":{"line":74,"column":13},"end":{"line":77,"column":7}},"type":"if","locations":[{"start":{"line":74,"column":13},"end":{"line":77,"column":7}},{"start":{},"end":{}}],"line":74},"10":{"loc":{"start":{"line":74,"column":17},"end":{"line":74,"column":51}},"type":"binary-expr","locations":[{"start":{"line":74,"column":17},"end":{"line":74,"column":32}},{"start":{"line":74,"column":36},"end":{"line":74,"column":51}}],"line":74},"11":{"loc":{"start":{"line":84,"column":6},"end":{"line":84,"column":60}},"type":"if","locations":[{"start":{"line":84,"column":6},"end":{"line":84,"column":60}},{"start":{},"end":{}}],"line":84},"12":{"loc":{"start":{"line":96,"column":45},"end":{"line":96,"column":69}},"type":"default-arg","locations":[{"start":{"line":96,"column":59},"end":{"line":96,"column":69}}],"line":96},"13":{"loc":{"start":{"line":97,"column":19},"end":{"line":97,"column":80}},"type":"cond-expr","locations":[{"start":{"line":97,"column":50},"end":{"line":97,"column":64}},{"start":{"line":97,"column":67},"end":{"line":97,"column":80}}],"line":97},"14":{"loc":{"start":{"line":98,"column":19},"end":{"line":98,"column":77}},"type":"cond-expr","locations":[{"start":{"line":98,"column":50},"end":{"line":98,"column":63}},{"start":{"line":98,"column":66},"end":{"line":98,"column":77}}],"line":98},"15":{"loc":{"start":{"line":99,"column":2},"end":{"line":99,"column":77}},"type":"if","locations":[{"start":{"line":99,"column":2},"end":{"line":99,"column":77}},{"start":{},"end":{}}],"line":99},"16":{"loc":{"start":{"line":104,"column":2},"end":{"line":104,"column":33}},"type":"if","locations":[{"start":{"line":104,"column":2},"end":{"line":104,"column":33}},{"start":{},"end":{}}],"line":104},"17":{"loc":{"start":{"line":108,"column":2},"end":{"line":113,"column":3}},"type":"if","locations":[{"start":{"line":108,"column":2},"end":{"line":113,"column":3}},{"start":{"line":109,"column":7},"end":{"line":113,"column":3}}],"line":108},"18":{"loc":{"start":{"line":109,"column":7},"end":{"line":113,"column":3}},"type":"if","locations":[{"start":{"line":109,"column":7},"end":{"line":113,"column":3}},{"start":{"line":110,"column":7},"end":{"line":113,"column":3}}],"line":109},"19":{"loc":{"start":{"line":110,"column":7},"end":{"line":113,"column":3}},"type":"if","locations":[{"start":{"line":110,"column":7},"end":{"line":113,"column":3}},{"start":{"line":111,"column":7},"end":{"line":113,"column":3}}],"line":110},"20":{"loc":{"start":{"line":110,"column":56},"end":{"line":110,"column":102}},"type":"cond-expr","locations":[{"start":{"line":110,"column":70},"end":{"line":110,"column":71}},{"start":{"line":110,"column":74},"end":{"line":110,"column":102}}],"line":110},"21":{"loc":{"start":{"line":111,"column":7},"end":{"line":113,"column":3}},"type":"if","locations":[{"start":{"line":111,"column":7},"end":{"line":113,"column":3}},{"start":{},"end":{}}],"line":111},"22":{"loc":{"start":{"line":112,"column":19},"end":{"line":112,"column":95}},"type":"cond-expr","locations":[{"start":{"line":112,"column":33},"end":{"line":112,"column":49}},{"start":{"line":112,"column":52},"end":{"line":112,"column":95}}],"line":112},"23":{"loc":{"start":{"line":115,"column":2},"end":{"line":118,"column":3}},"type":"if","locations":[{"start":{"line":115,"column":2},"end":{"line":118,"column":3}},{"start":{},"end":{}}],"line":115}},"s":{"0":10,"1":10,"2":26,"3":26,"4":26,"5":13,"6":13,"7":13,"8":13,"9":13,"10":13,"11":13,"12":26,"13":174,"14":41,"15":41,"16":41,"17":39,"18":41,"19":142,"20":5,"21":5,"22":5,"23":137,"24":132,"25":5,"26":10,"27":5,"28":1,"29":4,"30":4,"31":4,"32":4,"33":2,"34":2,"35":2,"36":2,"37":2,"38":41,"39":41,"40":41,"41":41,"42":41,"43":10,"44":10,"45":10,"46":1,"47":9,"48":24,"49":9,"50":1,"51":8,"52":8,"53":8,"54":1,"55":7,"56":1,"57":6,"58":4,"59":2,"60":2,"61":8,"62":8,"63":8},"f":{"0":26,"1":13,"2":13,"3":174,"4":41,"5":39,"6":142,"7":10,"8":41,"9":10,"10":24},"b":{"0":[13,1],"1":[13,0],"2":[5,137],"3":[132,5],"4":[137,5],"5":[10,10],"6":[1,4],"7":[2,2],"8":[4,2],"9":[2,0],"10":[2,2],"11":[41,0],"12":[0],"13":[6,4],"14":[6,4],"15":[1,9],"16":[1,8],"17":[1,7],"18":[1,6],"19":[4,2],"20":[0,4],"21":[2,0],"22":[0,2],"23":[8,0]},"_coverageSchema":"1a1c01bbd47fc00a2c39e90264f33305004495a9","hash":"9551a958eacd9e8ebe82507e77a6d3b50f9413d2"}
,"/Users/sivag/Downloads/UMGC/2026/SUMMER/SWEN661/CareConnect/CareConnect_STML-Desktop/src/renderer/src/lib/appEvents.js": {"path":"/Users/sivag/Downloads/UMGC/2026/SUMMER/SWEN661/CareConnect/CareConnect_STML-Desktop/src/renderer/src/lib/appEvents.js","statementMap":{"0":{"start":{"line":7,"column":18},"end":{"line":7,"column":26}},"1":{"start":{"line":10,"column":2},"end":{"line":10,"column":51}},"2":{"start":{"line":15,"column":18},"end":{"line":15,"column":34}},"3":{"start":{"line":15,"column":24},"end":{"line":15,"column":34}},"4":{"start":{"line":16,"column":2},"end":{"line":16,"column":46}},"5":{"start":{"line":17,"column":2},"end":{"line":17,"column":62}},"6":{"start":{"line":17,"column":15},"end":{"line":17,"column":61}}},"fnMap":{"0":{"name":"emitNew","decl":{"start":{"line":9,"column":16},"end":{"line":9,"column":23}},"loc":{"start":{"line":9,"column":26},"end":{"line":11,"column":1}},"line":9},"1":{"name":"onNew","decl":{"start":{"line":14,"column":16},"end":{"line":14,"column":21}},"loc":{"start":{"line":14,"column":32},"end":{"line":18,"column":1}},"line":14},"2":{"name":"(anonymous_2)","decl":{"start":{"line":15,"column":18},"end":{"line":15,"column":19}},"loc":{"start":{"line":15,"column":24},"end":{"line":15,"column":34}},"line":15},"3":{"name":"(anonymous_3)","decl":{"start":{"line":17,"column":9},"end":{"line":17,"column":10}},"loc":{"start":{"line":17,"column":15},"end":{"line":17,"column":61}},"line":17}},"branchMap":{},"s":{"0":9,"1":7,"2":58,"3":6,"4":58,"5":58,"6":58},"f":{"0":7,"1":58,"2":6,"3":58},"b":{},"_coverageSchema":"1a1c01bbd47fc00a2c39e90264f33305004495a9","hash":"bd53209222b74b2bdf26c616074d859db8723c27"}
,"/Users/sivag/Downloads/UMGC/2026/SUMMER/SWEN661/CareConnect/CareConnect_STML-Desktop/src/renderer/src/lib/auth.js": {"path":"/Users/sivag/Downloads/UMGC/2026/SUMMER/SWEN661/CareConnect/CareConnect_STML-Desktop/src/renderer/src/lib/auth.js","statementMap":{"0":{"start":{"line":7,"column":20},"end":{"line":7,"column":42}},"1":{"start":{"line":8,"column":20},"end":{"line":8,"column":41}},"2":{"start":{"line":9,"column":17},"end":{"line":9,"column":35}},"3":{"start":{"line":11,"column":21},"end":{"line":17,"column":1}},"4":{"start":{"line":19,"column":26},"end":{"line":19,"column":44}},"5":{"start":{"line":22,"column":2},"end":{"line":28,"column":3}},"6":{"start":{"line":23,"column":16},"end":{"line":23,"column":49}},"7":{"start":{"line":24,"column":19},"end":{"line":24,"column":45}},"8":{"start":{"line":25,"column":4},"end":{"line":25,"column":47}},"9":{"start":{"line":27,"column":4},"end":{"line":27,"column":14}},"10":{"start":{"line":32,"column":2},"end":{"line":32,"column":62}},"11":{"start":{"line":36,"column":2},"end":{"line":36,"column":50}},"12":{"start":{"line":40,"column":17},"end":{"line":40,"column":38}},"13":{"start":{"line":41,"column":2},"end":{"line":41,"column":57}},"14":{"start":{"line":41,"column":37},"end":{"line":41,"column":57}},"15":{"start":{"line":42,"column":2},"end":{"line":42,"column":80}},"16":{"start":{"line":42,"column":36},"end":{"line":42,"column":70}},"17":{"start":{"line":50,"column":2},"end":{"line":52,"column":3}},"18":{"start":{"line":51,"column":4},"end":{"line":51,"column":78}},"19":{"start":{"line":53,"column":19},"end":{"line":53,"column":33}},"20":{"start":{"line":54,"column":2},"end":{"line":60,"column":5}},"21":{"start":{"line":61,"column":2},"end":{"line":61,"column":26}},"22":{"start":{"line":62,"column":2},"end":{"line":62,"column":22}},"23":{"start":{"line":70,"column":17},"end":{"line":70,"column":38}},"24":{"start":{"line":74,"column":2},"end":{"line":77,"column":3}},"25":{"start":{"line":75,"column":4},"end":{"line":75,"column":40}},"26":{"start":{"line":76,"column":4},"end":{"line":76,"column":24}},"27":{"start":{"line":79,"column":19},"end":{"line":79,"column":33}},"28":{"start":{"line":80,"column":14},"end":{"line":80,"column":75}},"29":{"start":{"line":80,"column":40},"end":{"line":80,"column":74}},"30":{"start":{"line":81,"column":2},"end":{"line":83,"column":3}},"31":{"start":{"line":82,"column":4},"end":{"line":82,"column":77}},"32":{"start":{"line":84,"column":2},"end":{"line":84,"column":62}},"33":{"start":{"line":85,"column":2},"end":{"line":85,"column":26}},"34":{"start":{"line":86,"column":2},"end":{"line":86,"column":22}},"35":{"start":{"line":91,"column":18},"end":{"line":91,"column":36}},"36":{"start":{"line":92,"column":2},"end":{"line":92,"column":52}},"37":{"start":{"line":97,"column":2},"end":{"line":97,"column":34}},"38":{"start":{"line":104,"column":2},"end":{"line":104,"column":59}},"39":{"start":{"line":108,"column":2},"end":{"line":108,"column":43}},"40":{"start":{"line":112,"column":2},"end":{"line":112,"column":39}},"41":{"start":{"line":113,"column":2},"end":{"line":113,"column":36}},"42":{"start":{"line":119,"column":2},"end":{"line":119,"column":39}},"43":{"start":{"line":123,"column":2},"end":{"line":123,"column":53}},"44":{"start":{"line":127,"column":16},"end":{"line":127,"column":28}},"45":{"start":{"line":128,"column":2},"end":{"line":128,"column":43}},"46":{"start":{"line":133,"column":2},"end":{"line":133,"column":36}},"47":{"start":{"line":133,"column":23},"end":{"line":133,"column":36}},"48":{"start":{"line":134,"column":2},"end":{"line":134,"column":33}},"49":{"start":{"line":135,"column":2},"end":{"line":135,"column":21}},"50":{"start":{"line":136,"column":2},"end":{"line":136,"column":14}},"51":{"start":{"line":141,"column":2},"end":{"line":141,"column":53}},"52":{"start":{"line":141,"column":40},"end":{"line":141,"column":53}},"53":{"start":{"line":142,"column":2},"end":{"line":142,"column":20}},"54":{"start":{"line":143,"column":2},"end":{"line":143,"column":23}},"55":{"start":{"line":144,"column":2},"end":{"line":144,"column":14}}},"fnMap":{"0":{"name":"readAccounts","decl":{"start":{"line":21,"column":9},"end":{"line":21,"column":21}},"loc":{"start":{"line":21,"column":24},"end":{"line":29,"column":1}},"line":21},"1":{"name":"writeAccounts","decl":{"start":{"line":31,"column":9},"end":{"line":31,"column":22}},"loc":{"start":{"line":31,"column":33},"end":{"line":33,"column":1}},"line":31},"2":{"name":"normalizeEmail","decl":{"start":{"line":35,"column":9},"end":{"line":35,"column":23}},"loc":{"start":{"line":35,"column":31},"end":{"line":37,"column":1}},"line":35},"3":{"name":"findAccount","decl":{"start":{"line":39,"column":16},"end":{"line":39,"column":27}},"loc":{"start":{"line":39,"column":35},"end":{"line":43,"column":1}},"line":39},"4":{"name":"(anonymous_4)","decl":{"start":{"line":42,"column":29},"end":{"line":42,"column":30}},"loc":{"start":{"line":42,"column":36},"end":{"line":42,"column":70}},"line":42},"5":{"name":"createAccount","decl":{"start":{"line":49,"column":16},"end":{"line":49,"column":29}},"loc":{"start":{"line":49,"column":63},"end":{"line":63,"column":1}},"line":49},"6":{"name":"updatePassword","decl":{"start":{"line":69,"column":16},"end":{"line":69,"column":30}},"loc":{"start":{"line":69,"column":51},"end":{"line":87,"column":1}},"line":69},"7":{"name":"(anonymous_7)","decl":{"start":{"line":80,"column":33},"end":{"line":80,"column":34}},"loc":{"start":{"line":80,"column":40},"end":{"line":80,"column":74}},"line":80},"8":{"name":"verifyPassword","decl":{"start":{"line":90,"column":16},"end":{"line":90,"column":30}},"loc":{"start":{"line":90,"column":48},"end":{"line":93,"column":1}},"line":90},"9":{"name":"verifyPin","decl":{"start":{"line":96,"column":16},"end":{"line":96,"column":25}},"loc":{"start":{"line":96,"column":31},"end":{"line":98,"column":1}},"line":96},"10":{"name":"setSession","decl":{"start":{"line":103,"column":16},"end":{"line":103,"column":26}},"loc":{"start":{"line":103,"column":34},"end":{"line":105,"column":1}},"line":103},"11":{"name":"getSession","decl":{"start":{"line":107,"column":16},"end":{"line":107,"column":26}},"loc":{"start":{"line":107,"column":29},"end":{"line":109,"column":1}},"line":107},"12":{"name":"clearSession","decl":{"start":{"line":111,"column":16},"end":{"line":111,"column":28}},"loc":{"start":{"line":111,"column":31},"end":{"line":114,"column":1}},"line":111},"13":{"name":"setMode","decl":{"start":{"line":118,"column":16},"end":{"line":118,"column":23}},"loc":{"start":{"line":118,"column":30},"end":{"line":120,"column":1}},"line":118},"14":{"name":"getMode","decl":{"start":{"line":122,"column":16},"end":{"line":122,"column":23}},"loc":{"start":{"line":122,"column":26},"end":{"line":124,"column":1}},"line":122},"15":{"name":"getCurrentUser","decl":{"start":{"line":126,"column":16},"end":{"line":126,"column":30}},"loc":{"start":{"line":126,"column":33},"end":{"line":129,"column":1}},"line":126},"16":{"name":"signInWithPin","decl":{"start":{"line":132,"column":16},"end":{"line":132,"column":29}},"loc":{"start":{"line":132,"column":35},"end":{"line":137,"column":1}},"line":132},"17":{"name":"signInWithPassword","decl":{"start":{"line":140,"column":16},"end":{"line":140,"column":34}},"loc":{"start":{"line":140,"column":52},"end":{"line":145,"column":1}},"line":140}},"branchMap":{"0":{"loc":{"start":{"line":24,"column":19},"end":{"line":24,"column":45}},"type":"cond-expr","locations":[{"start":{"line":24,"column":25},"end":{"line":24,"column":40}},{"start":{"line":24,"column":43},"end":{"line":24,"column":45}}],"line":24},"1":{"loc":{"start":{"line":25,"column":11},"end":{"line":25,"column":46}},"type":"cond-expr","locations":[{"start":{"line":25,"column":35},"end":{"line":25,"column":41}},{"start":{"line":25,"column":44},"end":{"line":25,"column":46}}],"line":25},"2":{"loc":{"start":{"line":36,"column":16},"end":{"line":36,"column":27}},"type":"binary-expr","locations":[{"start":{"line":36,"column":16},"end":{"line":36,"column":21}},{"start":{"line":36,"column":25},"end":{"line":36,"column":27}}],"line":36},"3":{"loc":{"start":{"line":41,"column":2},"end":{"line":41,"column":57}},"type":"if","locations":[{"start":{"line":41,"column":2},"end":{"line":41,"column":57}},{"start":{},"end":{}}],"line":41},"4":{"loc":{"start":{"line":42,"column":9},"end":{"line":42,"column":79}},"type":"binary-expr","locations":[{"start":{"line":42,"column":9},"end":{"line":42,"column":71}},{"start":{"line":42,"column":75},"end":{"line":42,"column":79}}],"line":42},"5":{"loc":{"start":{"line":50,"column":2},"end":{"line":52,"column":3}},"type":"if","locations":[{"start":{"line":50,"column":2},"end":{"line":52,"column":3}},{"start":{},"end":{}}],"line":50},"6":{"loc":{"start":{"line":74,"column":2},"end":{"line":77,"column":3}},"type":"if","locations":[{"start":{"line":74,"column":2},"end":{"line":77,"column":3}},{"start":{},"end":{}}],"line":74},"7":{"loc":{"start":{"line":81,"column":2},"end":{"line":83,"column":3}},"type":"if","locations":[{"start":{"line":81,"column":2},"end":{"line":83,"column":3}},{"start":{},"end":{}}],"line":81},"8":{"loc":{"start":{"line":92,"column":9},"end":{"line":92,"column":51}},"type":"binary-expr","locations":[{"start":{"line":92,"column":9},"end":{"line":92,"column":18}},{"start":{"line":92,"column":22},"end":{"line":92,"column":51}}],"line":92},"9":{"loc":{"start":{"line":123,"column":9},"end":{"line":123,"column":52}},"type":"binary-expr","locations":[{"start":{"line":123,"column":9},"end":{"line":123,"column":39}},{"start":{"line":123,"column":43},"end":{"line":123,"column":52}}],"line":123},"10":{"loc":{"start":{"line":128,"column":9},"end":{"line":128,"column":42}},"type":"cond-expr","locations":[{"start":{"line":128,"column":17},"end":{"line":128,"column":35}},{"start":{"line":128,"column":38},"end":{"line":128,"column":42}}],"line":128},"11":{"loc":{"start":{"line":133,"column":2},"end":{"line":133,"column":36}},"type":"if","locations":[{"start":{"line":133,"column":2},"end":{"line":133,"column":36}},{"start":{},"end":{}}],"line":133},"12":{"loc":{"start":{"line":141,"column":2},"end":{"line":141,"column":53}},"type":"if","locations":[{"start":{"line":141,"column":2},"end":{"line":141,"column":53}},{"start":{},"end":{}}],"line":141}},"s":{"0":10,"1":10,"2":10,"3":10,"4":10,"5":29,"6":29,"7":29,"8":28,"9":1,"10":8,"11":118,"12":85,"13":85,"14":66,"15":19,"16":8,"17":10,"18":3,"19":7,"20":7,"21":7,"22":7,"23":6,"24":6,"25":3,"26":3,"27":3,"28":3,"29":1,"30":3,"31":2,"32":1,"33":1,"34":1,"35":9,"36":9,"37":8,"38":11,"39":160,"40":4,"41":4,"42":7,"43":6,"44":150,"45":150,"46":6,"47":2,"48":4,"49":4,"50":4,"51":4,"52":2,"53":2,"54":2,"55":2},"f":{"0":29,"1":8,"2":118,"3":85,"4":8,"5":10,"6":6,"7":1,"8":9,"9":8,"10":11,"11":160,"12":4,"13":7,"14":6,"15":150,"16":6,"17":4},"b":{"0":[11,18],"1":[27,1],"2":[118,0],"3":[66,19],"4":[19,11],"5":[3,7],"6":[3,3],"7":[2,1],"8":[9,8],"9":[6,2],"10":[59,91],"11":[2,4],"12":[2,2]},"_coverageSchema":"1a1c01bbd47fc00a2c39e90264f33305004495a9","hash":"54f6b38426b44ed5b15753d090cea9fa7461ff84"}
,"/Users/sivag/Downloads/UMGC/2026/SUMMER/SWEN661/CareConnect/CareConnect_STML-Desktop/src/renderer/src/lib/journal.js": {"path":"/Users/sivag/Downloads/UMGC/2026/SUMMER/SWEN661/CareConnect/CareConnect_STML-Desktop/src/renderer/src/lib/journal.js","statementMap":{"0":{"start":{"line":3,"column":20},"end":{"line":3,"column":41}},"1":{"start":{"line":6,"column":21},"end":{"line":12,"column":1}},"2":{"start":{"line":15,"column":2},"end":{"line":15,"column":56}},"3":{"start":{"line":15,"column":27},"end":{"line":15,"column":41}},"4":{"start":{"line":18,"column":24},"end":{"line":52,"column":1}},"5":{"start":{"line":55,"column":2},"end":{"line":55,"column":69}},"6":{"start":{"line":60,"column":2},"end":{"line":65,"column":3}},"7":{"start":{"line":61,"column":18},"end":{"line":61,"column":63}},"8":{"start":{"line":62,"column":4},"end":{"line":62,"column":59}},"9":{"start":{"line":62,"column":46},"end":{"line":62,"column":59}},"10":{"start":{"line":66,"column":2},"end":{"line":66,"column":25}},"11":{"start":{"line":71,"column":2},"end":{"line":71,"column":61}},"12":{"start":{"line":80,"column":14},"end":{"line":80,"column":24}},"13":{"start":{"line":81,"column":2},"end":{"line":91,"column":4}}},"fnMap":{"0":{"name":"moodEmoji","decl":{"start":{"line":14,"column":16},"end":{"line":14,"column":25}},"loc":{"start":{"line":14,"column":32},"end":{"line":16,"column":1}},"line":14},"1":{"name":"(anonymous_1)","decl":{"start":{"line":15,"column":20},"end":{"line":15,"column":21}},"loc":{"start":{"line":15,"column":27},"end":{"line":15,"column":41}},"line":15},"2":{"name":"makeId","decl":{"start":{"line":54,"column":9},"end":{"line":54,"column":15}},"loc":{"start":{"line":54,"column":18},"end":{"line":56,"column":1}},"line":54},"3":{"name":"loadEntries","decl":{"start":{"line":59,"column":16},"end":{"line":59,"column":27}},"loc":{"start":{"line":59,"column":30},"end":{"line":67,"column":1}},"line":59},"4":{"name":"saveEntries","decl":{"start":{"line":70,"column":16},"end":{"line":70,"column":27}},"loc":{"start":{"line":70,"column":37},"end":{"line":72,"column":1}},"line":70},"5":{"name":"makeEntry","decl":{"start":{"line":79,"column":16},"end":{"line":79,"column":25}},"loc":{"start":{"line":79,"column":56},"end":{"line":92,"column":1}},"line":79}},"branchMap":{"0":{"loc":{"start":{"line":15,"column":9},"end":{"line":15,"column":55}},"type":"binary-expr","locations":[{"start":{"line":15,"column":9},"end":{"line":15,"column":49}},{"start":{"line":15,"column":53},"end":{"line":15,"column":55}}],"line":15},"1":{"loc":{"start":{"line":62,"column":4},"end":{"line":62,"column":59}},"type":"if","locations":[{"start":{"line":62,"column":4},"end":{"line":62,"column":59}},{"start":{},"end":{}}],"line":62},"2":{"loc":{"start":{"line":62,"column":8},"end":{"line":62,"column":44}},"type":"binary-expr","locations":[{"start":{"line":62,"column":8},"end":{"line":62,"column":28}},{"start":{"line":62,"column":32},"end":{"line":62,"column":44}}],"line":62},"3":{"loc":{"start":{"line":85,"column":14},"end":{"line":85,"column":27}},"type":"binary-expr","locations":[{"start":{"line":85,"column":14},"end":{"line":85,"column":20}},{"start":{"line":85,"column":24},"end":{"line":85,"column":27}}],"line":85}},"s":{"0":3,"1":3,"2":244,"3":569,"4":3,"5":4,"6":16,"7":16,"8":15,"9":1,"10":15,"11":14,"12":4,"13":4},"f":{"0":244,"1":569,"2":4,"3":16,"4":14,"5":4},"b":{"0":[244,1],"1":[1,14],"2":[15,2],"3":[4,1]},"_coverageSchema":"1a1c01bbd47fc00a2c39e90264f33305004495a9","hash":"36720fb83d0b352aae23bb7d5727ff08a4f43171"}
,"/Users/sivag/Downloads/UMGC/2026/SUMMER/SWEN661/CareConnect/CareConnect_STML-Desktop/src/renderer/src/lib/meds.js": {"path":"/Users/sivag/Downloads/UMGC/2026/SUMMER/SWEN661/CareConnect/CareConnect_STML-Desktop/src/renderer/src/lib/meds.js","statementMap":{"0":{"start":{"line":10,"column":17},"end":{"line":10,"column":35}},"1":{"start":{"line":12,"column":25},"end":{"line":12,"column":74}},"2":{"start":{"line":14,"column":26},"end":{"line":14,"column":77}},"3":{"start":{"line":17,"column":28},"end":{"line":17,"column":57}},"4":{"start":{"line":22,"column":2},"end":{"line":22,"column":33}},"5":{"start":{"line":25,"column":21},"end":{"line":51,"column":1}},"6":{"start":{"line":54,"column":2},"end":{"line":54,"column":69}},"7":{"start":{"line":59,"column":2},"end":{"line":64,"column":3}},"8":{"start":{"line":60,"column":18},"end":{"line":60,"column":60}},"9":{"start":{"line":61,"column":4},"end":{"line":61,"column":59}},"10":{"start":{"line":61,"column":46},"end":{"line":61,"column":59}},"11":{"start":{"line":65,"column":2},"end":{"line":65,"column":22}},"12":{"start":{"line":70,"column":2},"end":{"line":70,"column":55}},"13":{"start":{"line":79,"column":2},"end":{"line":86,"column":4}}},"fnMap":{"0":{"name":"todayIndex","decl":{"start":{"line":21,"column":16},"end":{"line":21,"column":26}},"loc":{"start":{"line":21,"column":46},"end":{"line":23,"column":1}},"line":21},"1":{"name":"makeId","decl":{"start":{"line":53,"column":9},"end":{"line":53,"column":15}},"loc":{"start":{"line":53,"column":18},"end":{"line":55,"column":1}},"line":53},"2":{"name":"loadMeds","decl":{"start":{"line":58,"column":16},"end":{"line":58,"column":24}},"loc":{"start":{"line":58,"column":27},"end":{"line":66,"column":1}},"line":58},"3":{"name":"saveMeds","decl":{"start":{"line":69,"column":16},"end":{"line":69,"column":24}},"loc":{"start":{"line":69,"column":31},"end":{"line":71,"column":1}},"line":69},"4":{"name":"makeMed","decl":{"start":{"line":78,"column":16},"end":{"line":78,"column":23}},"loc":{"start":{"line":78,"column":31},"end":{"line":87,"column":1}},"line":78}},"branchMap":{"0":{"loc":{"start":{"line":21,"column":27},"end":{"line":21,"column":44}},"type":"default-arg","locations":[{"start":{"line":21,"column":34},"end":{"line":21,"column":44}}],"line":21},"1":{"loc":{"start":{"line":61,"column":4},"end":{"line":61,"column":59}},"type":"if","locations":[{"start":{"line":61,"column":4},"end":{"line":61,"column":59}},{"start":{},"end":{}}],"line":61},"2":{"loc":{"start":{"line":61,"column":8},"end":{"line":61,"column":44}},"type":"binary-expr","locations":[{"start":{"line":61,"column":8},"end":{"line":61,"column":28}},{"start":{"line":61,"column":32},"end":{"line":61,"column":44}}],"line":61},"3":{"loc":{"start":{"line":82,"column":14},"end":{"line":82,"column":56}},"type":"binary-expr","locations":[{"start":{"line":82,"column":14},"end":{"line":82,"column":43}},{"start":{"line":82,"column":47},"end":{"line":82,"column":56}}],"line":82},"4":{"loc":{"start":{"line":82,"column":15},"end":{"line":82,"column":35}},"type":"binary-expr","locations":[{"start":{"line":82,"column":15},"end":{"line":82,"column":29}},{"start":{"line":82,"column":33},"end":{"line":82,"column":35}}],"line":82},"5":{"loc":{"start":{"line":83,"column":11},"end":{"line":83,"column":27}},"type":"binary-expr","locations":[{"start":{"line":83,"column":11},"end":{"line":83,"column":21}},{"start":{"line":83,"column":25},"end":{"line":83,"column":27}}],"line":83},"6":{"loc":{"start":{"line":84,"column":15},"end":{"line":84,"column":35}},"type":"binary-expr","locations":[{"start":{"line":84,"column":15},"end":{"line":84,"column":29}},{"start":{"line":84,"column":33},"end":{"line":84,"column":35}}],"line":84}},"s":{"0":3,"1":3,"2":3,"3":3,"4":19,"5":3,"6":3,"7":12,"8":12,"9":11,"10":3,"11":9,"12":15,"13":3},"f":{"0":19,"1":3,"2":12,"3":15,"4":3},"b":{"0":[17],"1":[3,8],"2":[11,3],"3":[3,1],"4":[3,1],"5":[3,2],"6":[3,1]},"_coverageSchema":"1a1c01bbd47fc00a2c39e90264f33305004495a9","hash":"77c0412018e840e358b54532b5013bfba195e6be"}
,"/Users/sivag/Downloads/UMGC/2026/SUMMER/SWEN661/CareConnect/CareConnect_STML-Desktop/src/renderer/src/lib/nav.js": {"path":"/Users/sivag/Downloads/UMGC/2026/SUMMER/SWEN661/CareConnect/CareConnect_STML-Desktop/src/renderer/src/lib/nav.js","statementMap":{"0":{"start":{"line":6,"column":25},"end":{"line":13,"column":1}},"1":{"start":{"line":16,"column":30},"end":{"line":18,"column":1}},"2":{"start":{"line":17,"column":26},"end":{"line":17,"column":47}},"3":{"start":{"line":20,"column":33},"end":{"line":23,"column":1}}},"fnMap":{"0":{"name":"(anonymous_0)","decl":{"start":{"line":17,"column":16},"end":{"line":17,"column":17}},"loc":{"start":{"line":17,"column":26},"end":{"line":17,"column":47}},"line":17}},"branchMap":{},"s":{"0":4,"1":4,"2":24,"3":4},"f":{"0":24},"b":{},"_coverageSchema":"1a1c01bbd47fc00a2c39e90264f33305004495a9","hash":"347907cdfc8aaab192b0425bca0c95c39944fe6b"}
,"/Users/sivag/Downloads/UMGC/2026/SUMMER/SWEN661/CareConnect/CareConnect_STML-Desktop/src/renderer/src/lib/reminders.js": {"path":"/Users/sivag/Downloads/UMGC/2026/SUMMER/SWEN661/CareConnect/CareConnect_STML-Desktop/src/renderer/src/lib/reminders.js","statementMap":{"0":{"start":{"line":4,"column":16},"end":{"line":4,"column":39}},"1":{"start":{"line":6,"column":21},"end":{"line":6,"column":72}},"2":{"start":{"line":9,"column":25},"end":{"line":14,"column":1}},"3":{"start":{"line":17,"column":23},"end":{"line":17,"column":96}},"4":{"start":{"line":19,"column":26},"end":{"line":28,"column":1}},"5":{"start":{"line":31,"column":25},"end":{"line":35,"column":1}},"6":{"start":{"line":38,"column":2},"end":{"line":38,"column":69}},"7":{"start":{"line":43,"column":2},"end":{"line":48,"column":3}},"8":{"start":{"line":44,"column":18},"end":{"line":44,"column":59}},"9":{"start":{"line":45,"column":4},"end":{"line":45,"column":59}},"10":{"start":{"line":45,"column":46},"end":{"line":45,"column":59}},"11":{"start":{"line":49,"column":2},"end":{"line":49,"column":27}},"12":{"start":{"line":54,"column":2},"end":{"line":54,"column":59}},"13":{"start":{"line":62,"column":2},"end":{"line":70,"column":4}},"14":{"start":{"line":75,"column":12},"end":{"line":75,"column":67}},"15":{"start":{"line":76,"column":2},"end":{"line":76,"column":19}},"16":{"start":{"line":76,"column":10},"end":{"line":76,"column":19}},"17":{"start":{"line":77,"column":10},"end":{"line":77,"column":22}},"18":{"start":{"line":78,"column":14},"end":{"line":78,"column":26}},"19":{"start":{"line":79,"column":13},"end":{"line":79,"column":32}},"20":{"start":{"line":80,"column":2},"end":{"line":80,"column":37}},"21":{"start":{"line":80,"column":29},"end":{"line":80,"column":37}},"22":{"start":{"line":81,"column":2},"end":{"line":81,"column":37}},"23":{"start":{"line":81,"column":31},"end":{"line":81,"column":37}},"24":{"start":{"line":82,"column":2},"end":{"line":82,"column":22}},"25":{"start":{"line":87,"column":18},"end":{"line":87,"column":47}},"26":{"start":{"line":88,"column":12},"end":{"line":88,"column":36}},"27":{"start":{"line":89,"column":12},"end":{"line":89,"column":24}},"28":{"start":{"line":90,"column":13},"end":{"line":90,"column":34}},"29":{"start":{"line":91,"column":13},"end":{"line":91,"column":39}},"30":{"start":{"line":92,"column":2},"end":{"line":92,"column":78}}},"fnMap":{"0":{"name":"makeId","decl":{"start":{"line":37,"column":9},"end":{"line":37,"column":15}},"loc":{"start":{"line":37,"column":18},"end":{"line":39,"column":1}},"line":37},"1":{"name":"loadReminders","decl":{"start":{"line":42,"column":16},"end":{"line":42,"column":29}},"loc":{"start":{"line":42,"column":32},"end":{"line":50,"column":1}},"line":42},"2":{"name":"saveReminders","decl":{"start":{"line":53,"column":16},"end":{"line":53,"column":29}},"loc":{"start":{"line":53,"column":41},"end":{"line":55,"column":1}},"line":53},"3":{"name":"makeReminder","decl":{"start":{"line":61,"column":16},"end":{"line":61,"column":28}},"loc":{"start":{"line":61,"column":36},"end":{"line":71,"column":1}},"line":61},"4":{"name":"timeToMinutes","decl":{"start":{"line":74,"column":16},"end":{"line":74,"column":29}},"loc":{"start":{"line":74,"column":33},"end":{"line":83,"column":1}},"line":74},"5":{"name":"minutesToTime","decl":{"start":{"line":86,"column":16},"end":{"line":86,"column":29}},"loc":{"start":{"line":86,"column":36},"end":{"line":93,"column":1}},"line":86}},"branchMap":{"0":{"loc":{"start":{"line":45,"column":4},"end":{"line":45,"column":59}},"type":"if","locations":[{"start":{"line":45,"column":4},"end":{"line":45,"column":59}},{"start":{},"end":{}}],"line":45},"1":{"loc":{"start":{"line":45,"column":8},"end":{"line":45,"column":44}},"type":"binary-expr","locations":[{"start":{"line":45,"column":8},"end":{"line":45,"column":28}},{"start":{"line":45,"column":32},"end":{"line":45,"column":44}}],"line":45},"2":{"loc":{"start":{"line":65,"column":11},"end":{"line":65,"column":35}},"type":"binary-expr","locations":[{"start":{"line":65,"column":11},"end":{"line":65,"column":21}},{"start":{"line":65,"column":25},"end":{"line":65,"column":35}}],"line":65},"3":{"loc":{"start":{"line":66,"column":10},"end":{"line":66,"column":36}},"type":"binary-expr","locations":[{"start":{"line":66,"column":10},"end":{"line":66,"column":20}},{"start":{"line":66,"column":24},"end":{"line":66,"column":36}}],"line":66},"4":{"loc":{"start":{"line":67,"column":12},"end":{"line":67,"column":34}},"type":"binary-expr","locations":[{"start":{"line":67,"column":12},"end":{"line":67,"column":24}},{"start":{"line":67,"column":28},"end":{"line":67,"column":34}}],"line":67},"5":{"loc":{"start":{"line":75,"column":51},"end":{"line":75,"column":58}},"type":"binary-expr","locations":[{"start":{"line":75,"column":51},"end":{"line":75,"column":52}},{"start":{"line":75,"column":56},"end":{"line":75,"column":58}}],"line":75},"6":{"loc":{"start":{"line":76,"column":2},"end":{"line":76,"column":19}},"type":"if","locations":[{"start":{"line":76,"column":2},"end":{"line":76,"column":19}},{"start":{},"end":{}}],"line":76},"7":{"loc":{"start":{"line":80,"column":2},"end":{"line":80,"column":37}},"type":"if","locations":[{"start":{"line":80,"column":2},"end":{"line":80,"column":37}},{"start":{},"end":{}}],"line":80},"8":{"loc":{"start":{"line":80,"column":6},"end":{"line":80,"column":27}},"type":"binary-expr","locations":[{"start":{"line":80,"column":6},"end":{"line":80,"column":17}},{"start":{"line":80,"column":21},"end":{"line":80,"column":27}}],"line":80},"9":{"loc":{"start":{"line":81,"column":2},"end":{"line":81,"column":37}},"type":"if","locations":[{"start":{"line":81,"column":2},"end":{"line":81,"column":37}},{"start":{},"end":{}}],"line":81},"10":{"loc":{"start":{"line":81,"column":6},"end":{"line":81,"column":29}},"type":"binary-expr","locations":[{"start":{"line":81,"column":6},"end":{"line":81,"column":17}},{"start":{"line":81,"column":21},"end":{"line":81,"column":29}}],"line":81},"11":{"loc":{"start":{"line":90,"column":13},"end":{"line":90,"column":34}},"type":"cond-expr","locations":[{"start":{"line":90,"column":23},"end":{"line":90,"column":27}},{"start":{"line":90,"column":30},"end":{"line":90,"column":34}}],"line":90},"12":{"loc":{"start":{"line":91,"column":13},"end":{"line":91,"column":39}},"type":"cond-expr","locations":[{"start":{"line":91,"column":28},"end":{"line":91,"column":30}},{"start":{"line":91,"column":33},"end":{"line":91,"column":39}}],"line":91}},"s":{"0":3,"1":3,"2":3,"3":3,"4":3,"5":3,"6":4,"7":22,"8":22,"9":21,"10":2,"11":20,"12":25,"13":4,"14":1176,"15":1176,"16":2,"17":1174,"18":1174,"19":1174,"20":1174,"21":672,"22":1174,"23":1,"24":1174,"25":7,"26":7,"27":7,"28":7,"29":7,"30":7},"f":{"0":4,"1":22,"2":25,"3":4,"4":1176,"5":7},"b":{"0":[2,19],"1":[21,2],"2":[4,1],"3":[4,1],"4":[4,1],"5":[1176,1],"6":[2,1174],"7":[672,502],"8":[1174,773],"9":[1,1173],"10":[1174,401],"11":[4,3],"12":[3,4]},"_coverageSchema":"1a1c01bbd47fc00a2c39e90264f33305004495a9","hash":"7d494475da68dc57fb4d6367577f71eae22de144"}
,"/Users/sivag/Downloads/UMGC/2026/SUMMER/SWEN661/CareConnect/CareConnect_STML-Desktop/src/renderer/src/lib/settings.js": {"path":"/Users/sivag/Downloads/UMGC/2026/SUMMER/SWEN661/CareConnect/CareConnect_STML-Desktop/src/renderer/src/lib/settings.js","statementMap":{"0":{"start":{"line":4,"column":21},"end":{"line":4,"column":43}},"1":{"start":{"line":6,"column":32},"end":{"line":11,"column":1}},"2":{"start":{"line":13,"column":24},"end":{"line":13,"column":26}},"3":{"start":{"line":14,"column":24},"end":{"line":14,"column":26}},"4":{"start":{"line":17,"column":2},"end":{"line":22,"column":3}},"5":{"start":{"line":18,"column":14},"end":{"line":18,"column":60}},"6":{"start":{"line":19,"column":4},"end":{"line":19,"column":73}},"7":{"start":{"line":19,"column":36},"end":{"line":19,"column":73}},"8":{"start":{"line":23,"column":2},"end":{"line":23,"column":33}},"9":{"start":{"line":27,"column":2},"end":{"line":27,"column":63}},"10":{"start":{"line":36,"column":15},"end":{"line":36,"column":39}},"11":{"start":{"line":37,"column":2},"end":{"line":37,"column":49}},"12":{"start":{"line":38,"column":2},"end":{"line":38,"column":64}}},"fnMap":{"0":{"name":"loadSettings","decl":{"start":{"line":16,"column":16},"end":{"line":16,"column":28}},"loc":{"start":{"line":16,"column":31},"end":{"line":24,"column":1}},"line":16},"1":{"name":"saveSettings","decl":{"start":{"line":26,"column":16},"end":{"line":26,"column":28}},"loc":{"start":{"line":26,"column":39},"end":{"line":28,"column":1}},"line":26},"2":{"name":"applySettings","decl":{"start":{"line":35,"column":16},"end":{"line":35,"column":29}},"loc":{"start":{"line":35,"column":40},"end":{"line":39,"column":1}},"line":35}},"branchMap":{"0":{"loc":{"start":{"line":19,"column":4},"end":{"line":19,"column":73}},"type":"if","locations":[{"start":{"line":19,"column":4},"end":{"line":19,"column":73}},{"start":{},"end":{}}],"line":19},"1":{"loc":{"start":{"line":19,"column":8},"end":{"line":19,"column":34}},"type":"binary-expr","locations":[{"start":{"line":19,"column":8},"end":{"line":19,"column":9}},{"start":{"line":19,"column":13},"end":{"line":19,"column":34}}],"line":19}},"s":{"0":6,"1":6,"2":6,"3":6,"4":78,"5":78,"6":78,"7":14,"8":64,"9":11,"10":33,"11":33,"12":33},"f":{"0":78,"1":11,"2":33},"b":{"0":[14,64],"1":[78,14]},"_coverageSchema":"1a1c01bbd47fc00a2c39e90264f33305004495a9","hash":"3c5c8fd94131a349e5bb147b9f87a9d970548c00"}
,"/Users/sivag/Downloads/UMGC/2026/SUMMER/SWEN661/CareConnect/CareConnect_STML-Desktop/src/renderer/src/lib/tasks.js": {"path":"/Users/sivag/Downloads/UMGC/2026/SUMMER/SWEN661/CareConnect/CareConnect_STML-Desktop/src/renderer/src/lib/tasks.js","statementMap":{"0":{"start":{"line":9,"column":18},"end":{"line":9,"column":37}},"1":{"start":{"line":11,"column":22},"end":{"line":18,"column":1}},"2":{"start":{"line":21,"column":2},"end":{"line":21,"column":69}},"3":{"start":{"line":26,"column":2},"end":{"line":34,"column":3}},"4":{"start":{"line":27,"column":18},"end":{"line":27,"column":61}},"5":{"start":{"line":28,"column":4},"end":{"line":31,"column":5}},"6":{"start":{"line":30,"column":6},"end":{"line":30,"column":67}},"7":{"start":{"line":30,"column":31},"end":{"line":30,"column":64}},"8":{"start":{"line":35,"column":2},"end":{"line":35,"column":23}},"9":{"start":{"line":40,"column":2},"end":{"line":40,"column":57}},"10":{"start":{"line":48,"column":2},"end":{"line":56,"column":4}}},"fnMap":{"0":{"name":"makeId","decl":{"start":{"line":20,"column":9},"end":{"line":20,"column":15}},"loc":{"start":{"line":20,"column":18},"end":{"line":22,"column":1}},"line":20},"1":{"name":"loadTasks","decl":{"start":{"line":25,"column":16},"end":{"line":25,"column":25}},"loc":{"start":{"line":25,"column":28},"end":{"line":36,"column":1}},"line":25},"2":{"name":"(anonymous_2)","decl":{"start":{"line":30,"column":23},"end":{"line":30,"column":24}},"loc":{"start":{"line":30,"column":31},"end":{"line":30,"column":64}},"line":30},"3":{"name":"saveTasks","decl":{"start":{"line":39,"column":16},"end":{"line":39,"column":25}},"loc":{"start":{"line":39,"column":33},"end":{"line":41,"column":1}},"line":39},"4":{"name":"makeTask","decl":{"start":{"line":47,"column":16},"end":{"line":47,"column":24}},"loc":{"start":{"line":47,"column":32},"end":{"line":57,"column":1}},"line":47}},"branchMap":{"0":{"loc":{"start":{"line":28,"column":4},"end":{"line":31,"column":5}},"type":"if","locations":[{"start":{"line":28,"column":4},"end":{"line":31,"column":5}},{"start":{},"end":{}}],"line":28},"1":{"loc":{"start":{"line":28,"column":8},"end":{"line":28,"column":44}},"type":"binary-expr","locations":[{"start":{"line":28,"column":8},"end":{"line":28,"column":28}},{"start":{"line":28,"column":32},"end":{"line":28,"column":44}}],"line":28},"2":{"loc":{"start":{"line":30,"column":31},"end":{"line":30,"column":64}},"type":"cond-expr","locations":[{"start":{"line":30,"column":38},"end":{"line":30,"column":39}},{"start":{"line":30,"column":42},"end":{"line":30,"column":64}}],"line":30},"3":{"loc":{"start":{"line":51,"column":10},"end":{"line":51,"column":26}},"type":"binary-expr","locations":[{"start":{"line":51,"column":10},"end":{"line":51,"column":20}},{"start":{"line":51,"column":24},"end":{"line":51,"column":26}}],"line":51},"4":{"loc":{"start":{"line":52,"column":10},"end":{"line":52,"column":26}},"type":"binary-expr","locations":[{"start":{"line":52,"column":10},"end":{"line":52,"column":20}},{"start":{"line":52,"column":24},"end":{"line":52,"column":26}}],"line":52},"5":{"loc":{"start":{"line":53,"column":10},"end":{"line":53,"column":26}},"type":"binary-expr","locations":[{"start":{"line":53,"column":10},"end":{"line":53,"column":20}},{"start":{"line":53,"column":24},"end":{"line":53,"column":26}}],"line":53},"6":{"loc":{"start":{"line":54,"column":11},"end":{"line":54,"column":28}},"type":"binary-expr","locations":[{"start":{"line":54,"column":11},"end":{"line":54,"column":22}},{"start":{"line":54,"column":26},"end":{"line":54,"column":28}}],"line":54}},"s":{"0":5,"1":5,"2":6,"3":33,"4":33,"5":32,"6":5,"7":16,"8":28,"9":40,"10":5},"f":{"0":6,"1":33,"2":16,"3":40,"4":5},"b":{"0":[5,27],"1":[32,5],"2":[15,1],"3":[5,2],"4":[5,2],"5":[5,2],"6":[5,4]},"_coverageSchema":"1a1c01bbd47fc00a2c39e90264f33305004495a9","hash":"1d4f5b2f2883e754257a8a4f007d2855bf9fec9a"}
,"/Users/sivag/Downloads/UMGC/2026/SUMMER/SWEN661/CareConnect/CareConnect_STML-Desktop/src/renderer/src/pages/ForgotPassword.jsx": {"path":"/Users/sivag/Downloads/UMGC/2026/SUMMER/SWEN661/CareConnect/CareConnect_STML-Desktop/src/renderer/src/pages/ForgotPassword.jsx","statementMap":{"0":{"start":{"line":5,"column":22},"end":{"line":5,"column":50}},"1":{"start":{"line":8,"column":19},"end":{"line":8,"column":32}},"2":{"start":{"line":9,"column":25},"end":{"line":9,"column":42}},"3":{"start":{"line":11,"column":28},"end":{"line":11,"column":69}},"4":{"start":{"line":12,"column":34},"end":{"line":12,"column":46}},"5":{"start":{"line":13,"column":32},"end":{"line":13,"column":44}},"6":{"start":{"line":14,"column":26},"end":{"line":14,"column":41}},"7":{"start":{"line":15,"column":28},"end":{"line":15,"column":40}},"8":{"start":{"line":16,"column":32},"end":{"line":16,"column":47}},"9":{"start":{"line":18,"column":19},"end":{"line":35,"column":3}},"10":{"start":{"line":19,"column":4},"end":{"line":19,"column":27}},"11":{"start":{"line":20,"column":4},"end":{"line":20,"column":17}},"12":{"start":{"line":22,"column":4},"end":{"line":22,"column":98}},"13":{"start":{"line":22,"column":43},"end":{"line":22,"column":98}},"14":{"start":{"line":23,"column":4},"end":{"line":23,"column":92}},"15":{"start":{"line":23,"column":29},"end":{"line":23,"column":92}},"16":{"start":{"line":24,"column":4},"end":{"line":24,"column":73}},"17":{"start":{"line":24,"column":30},"end":{"line":24,"column":73}},"18":{"start":{"line":26,"column":19},"end":{"line":26,"column":50}},"19":{"start":{"line":27,"column":4},"end":{"line":27,"column":50}},"20":{"start":{"line":27,"column":20},"end":{"line":27,"column":50}},"21":{"start":{"line":30,"column":4},"end":{"line":30,"column":21}},"22":{"start":{"line":31,"column":4},"end":{"line":34,"column":6}},"23":{"start":{"line":32,"column":12},"end":{"line":32,"column":85}},"24":{"start":{"line":37,"column":2},"end":{"line":129,"column":4}},"25":{"start":{"line":72,"column":35},"end":{"line":72,"column":59}},"26":{"start":{"line":87,"column":37},"end":{"line":87,"column":64}},"27":{"start":{"line":95,"column":35},"end":{"line":95,"column":53}},"28":{"start":{"line":95,"column":50},"end":{"line":95,"column":52}},"29":{"start":{"line":111,"column":37},"end":{"line":111,"column":63}}},"fnMap":{"0":{"name":"ForgotPassword","decl":{"start":{"line":7,"column":24},"end":{"line":7,"column":38}},"loc":{"start":{"line":7,"column":41},"end":{"line":130,"column":1}},"line":7},"1":{"name":"(anonymous_1)","decl":{"start":{"line":18,"column":19},"end":{"line":18,"column":20}},"loc":{"start":{"line":18,"column":30},"end":{"line":35,"column":3}},"line":18},"2":{"name":"(anonymous_2)","decl":{"start":{"line":32,"column":6},"end":{"line":32,"column":7}},"loc":{"start":{"line":32,"column":12},"end":{"line":32,"column":85}},"line":32},"3":{"name":"(anonymous_3)","decl":{"start":{"line":72,"column":28},"end":{"line":72,"column":29}},"loc":{"start":{"line":72,"column":35},"end":{"line":72,"column":59}},"line":72},"4":{"name":"(anonymous_4)","decl":{"start":{"line":87,"column":30},"end":{"line":87,"column":31}},"loc":{"start":{"line":87,"column":37},"end":{"line":87,"column":64}},"line":87},"5":{"name":"(anonymous_5)","decl":{"start":{"line":95,"column":29},"end":{"line":95,"column":30}},"loc":{"start":{"line":95,"column":35},"end":{"line":95,"column":53}},"line":95},"6":{"name":"(anonymous_6)","decl":{"start":{"line":95,"column":43},"end":{"line":95,"column":44}},"loc":{"start":{"line":95,"column":50},"end":{"line":95,"column":52}},"line":95},"7":{"name":"(anonymous_7)","decl":{"start":{"line":111,"column":30},"end":{"line":111,"column":31}},"loc":{"start":{"line":111,"column":37},"end":{"line":111,"column":63}},"line":111}},"branchMap":{"0":{"loc":{"start":{"line":11,"column":37},"end":{"line":11,"column":68}},"type":"binary-expr","locations":[{"start":{"line":11,"column":37},"end":{"line":11,"column":62}},{"start":{"line":11,"column":66},"end":{"line":11,"column":68}}],"line":11},"1":{"loc":{"start":{"line":22,"column":4},"end":{"line":22,"column":98}},"type":"if","locations":[{"start":{"line":22,"column":4},"end":{"line":22,"column":98}},{"start":{},"end":{}}],"line":22},"2":{"loc":{"start":{"line":23,"column":4},"end":{"line":23,"column":92}},"type":"if","locations":[{"start":{"line":23,"column":4},"end":{"line":23,"column":92}},{"start":{},"end":{}}],"line":23},"3":{"loc":{"start":{"line":24,"column":4},"end":{"line":24,"column":73}},"type":"if","locations":[{"start":{"line":24,"column":4},"end":{"line":24,"column":73}},{"start":{},"end":{}}],"line":24},"4":{"loc":{"start":{"line":27,"column":4},"end":{"line":27,"column":50}},"type":"if","locations":[{"start":{"line":27,"column":4},"end":{"line":27,"column":50}},{"start":{},"end":{}}],"line":27},"5":{"loc":{"start":{"line":50,"column":13},"end":{"line":55,"column":13}},"type":"binary-expr","locations":[{"start":{"line":50,"column":13},"end":{"line":50,"column":18}},{"start":{"line":51,"column":14},"end":{"line":54,"column":20}}],"line":50},"6":{"loc":{"start":{"line":57,"column":13},"end":{"line":62,"column":13}},"type":"binary-expr","locations":[{"start":{"line":57,"column":13},"end":{"line":57,"column":20}},{"start":{"line":58,"column":14},"end":{"line":61,"column":18}}],"line":57},"7":{"loc":{"start":{"line":83,"column":26},"end":{"line":83,"column":52}},"type":"cond-expr","locations":[{"start":{"line":83,"column":33},"end":{"line":83,"column":39}},{"start":{"line":83,"column":42},"end":{"line":83,"column":52}}],"line":83},"8":{"loc":{"start":{"line":97,"column":56},"end":{"line":97,"column":78}},"type":"cond-expr","locations":[{"start":{"line":97,"column":63},"end":{"line":97,"column":69}},{"start":{"line":97,"column":72},"end":{"line":97,"column":78}}],"line":97},"9":{"loc":{"start":{"line":107,"column":26},"end":{"line":107,"column":52}},"type":"cond-expr","locations":[{"start":{"line":107,"column":33},"end":{"line":107,"column":39}},{"start":{"line":107,"column":42},"end":{"line":107,"column":52}}],"line":107}},"s":{"0":2,"1":190,"2":190,"3":190,"4":190,"5":190,"6":190,"7":190,"8":190,"9":190,"10":5,"11":5,"12":5,"13":1,"14":4,"15":1,"16":3,"17":1,"18":2,"19":2,"20":1,"21":1,"22":1,"23":1,"24":190,"25":90,"26":45,"27":1,"28":1,"29":38},"f":{"0":190,"1":5,"2":1,"3":90,"4":45,"5":1,"6":1,"7":38},"b":{"0":[190,189],"1":[1,4],"2":[1,3],"3":[1,2],"4":[1,1],"5":[190,4],"6":[190,1],"7":[1,189],"8":[1,189],"9":[1,189]},"_coverageSchema":"1a1c01bbd47fc00a2c39e90264f33305004495a9","hash":"b774b8b96a7ce767c80fa8264f27b00b7cce8abb"}
,"/Users/sivag/Downloads/UMGC/2026/SUMMER/SWEN661/CareConnect/CareConnect_STML-Desktop/src/renderer/src/pages/Landing.jsx": {"path":"/Users/sivag/Downloads/UMGC/2026/SUMMER/SWEN661/CareConnect/CareConnect_STML-Desktop/src/renderer/src/pages/Landing.jsx","statementMap":{"0":{"start":{"line":3,"column":17},"end":{"line":34,"column":1}},"1":{"start":{"line":37,"column":19},"end":{"line":40,"column":3}},"2":{"start":{"line":37,"column":27},"end":{"line":40,"column":3}},"3":{"start":{"line":38,"column":4},"end":{"line":38,"column":27}},"4":{"start":{"line":39,"column":4},"end":{"line":39,"column":88}},"5":{"start":{"line":42,"column":2},"end":{"line":149,"column":4}},"6":{"start":{"line":138,"column":16},"end":{"line":142,"column":26}}},"fnMap":{"0":{"name":"Landing","decl":{"start":{"line":36,"column":24},"end":{"line":36,"column":31}},"loc":{"start":{"line":36,"column":34},"end":{"line":150,"column":1}},"line":36},"1":{"name":"(anonymous_1)","decl":{"start":{"line":37,"column":19},"end":{"line":37,"column":20}},"loc":{"start":{"line":37,"column":27},"end":{"line":40,"column":3}},"line":37},"2":{"name":"(anonymous_2)","decl":{"start":{"line":37,"column":27},"end":{"line":37,"column":28}},"loc":{"start":{"line":37,"column":38},"end":{"line":40,"column":3}},"line":37},"3":{"name":"(anonymous_3)","decl":{"start":{"line":137,"column":28},"end":{"line":137,"column":29}},"loc":{"start":{"line":138,"column":16},"end":{"line":142,"column":26}},"line":138}},"branchMap":{},"s":{"0":2,"1":7,"2":42,"3":2,"4":2,"5":7,"6":42},"f":{"0":7,"1":42,"2":2,"3":42},"b":{},"_coverageSchema":"1a1c01bbd47fc00a2c39e90264f33305004495a9","hash":"cee1e73bc136f95e4803c042fb48495e76727c60"}
,"/Users/sivag/Downloads/UMGC/2026/SUMMER/SWEN661/CareConnect/CareConnect_STML-Desktop/src/renderer/src/pages/Login.jsx": {"path":"/Users/sivag/Downloads/UMGC/2026/SUMMER/SWEN661/CareConnect/CareConnect_STML-Desktop/src/renderer/src/pages/Login.jsx","statementMap":{"0":{"start":{"line":6,"column":19},"end":{"line":6,"column":20}},"1":{"start":{"line":9,"column":19},"end":{"line":9,"column":32}},"2":{"start":{"line":10,"column":25},"end":{"line":10,"column":42}},"3":{"start":{"line":11,"column":24},"end":{"line":11,"column":93}},"4":{"start":{"line":12,"column":20},"end":{"line":12,"column":32}},"5":{"start":{"line":13,"column":25},"end":{"line":13,"column":37}},"6":{"start":{"line":15,"column":20},"end":{"line":15,"column":65}},"7":{"start":{"line":15,"column":45},"end":{"line":15,"column":60}},"8":{"start":{"line":17,"column":2},"end":{"line":20,"column":12}},"9":{"start":{"line":18,"column":19},"end":{"line":18,"column":77}},"10":{"start":{"line":19,"column":4},"end":{"line":19,"column":20}},"11":{"start":{"line":22,"column":23},"end":{"line":31,"column":3}},"12":{"start":{"line":24,"column":6},"end":{"line":24,"column":82}},"13":{"start":{"line":24,"column":75},"end":{"line":24,"column":82}},"14":{"start":{"line":25,"column":6},"end":{"line":25,"column":29}},"15":{"start":{"line":26,"column":6},"end":{"line":26,"column":56}},"16":{"start":{"line":26,"column":32},"end":{"line":26,"column":56}},"17":{"start":{"line":27,"column":6},"end":{"line":27,"column":60}},"18":{"start":{"line":27,"column":31},"end":{"line":27,"column":60}},"19":{"start":{"line":28,"column":6},"end":{"line":28,"column":52}},"20":{"start":{"line":33,"column":2},"end":{"line":82,"column":4}},"21":{"start":{"line":54,"column":29},"end":{"line":54,"column":45}},"22":{"start":{"line":67,"column":29},"end":{"line":67,"column":50}},"23":{"start":{"line":86,"column":28},"end":{"line":86,"column":40}},"24":{"start":{"line":87,"column":30},"end":{"line":87,"column":62}},"25":{"start":{"line":89,"column":17},"end":{"line":100,"column":3}},"26":{"start":{"line":91,"column":6},"end":{"line":97,"column":7}},"27":{"start":{"line":92,"column":8},"end":{"line":92,"column":69}},"28":{"start":{"line":93,"column":8},"end":{"line":93,"column":48}},"29":{"start":{"line":93,"column":25},"end":{"line":93,"column":41}},"30":{"start":{"line":95,"column":8},"end":{"line":95,"column":79}},"31":{"start":{"line":96,"column":8},"end":{"line":96,"column":44}},"32":{"start":{"line":96,"column":25},"end":{"line":96,"column":37}},"33":{"start":{"line":102,"column":14},"end":{"line":113,"column":3}},"34":{"start":{"line":104,"column":6},"end":{"line":104,"column":40}},"35":{"start":{"line":105,"column":6},"end":{"line":110,"column":9}},"36":{"start":{"line":106,"column":8},"end":{"line":106,"column":51}},"37":{"start":{"line":106,"column":39},"end":{"line":106,"column":51}},"38":{"start":{"line":107,"column":21},"end":{"line":107,"column":33}},"39":{"start":{"line":108,"column":8},"end":{"line":108,"column":53}},"40":{"start":{"line":108,"column":40},"end":{"line":108,"column":53}},"41":{"start":{"line":109,"column":8},"end":{"line":109,"column":20}},"42":{"start":{"line":115,"column":14},"end":{"line":118,"column":8}},"43":{"start":{"line":116,"column":4},"end":{"line":116,"column":38}},"44":{"start":{"line":117,"column":4},"end":{"line":117,"column":42}},"45":{"start":{"line":117,"column":23},"end":{"line":117,"column":40}},"46":{"start":{"line":121,"column":2},"end":{"line":128,"column":17}},"47":{"start":{"line":122,"column":18},"end":{"line":125,"column":5}},"48":{"start":{"line":123,"column":6},"end":{"line":124,"column":48}},"49":{"start":{"line":123,"column":48},"end":{"line":123,"column":63}},"50":{"start":{"line":124,"column":11},"end":{"line":124,"column":48}},"51":{"start":{"line":124,"column":42},"end":{"line":124,"column":48}},"52":{"start":{"line":126,"column":4},"end":{"line":126,"column":48}},"53":{"start":{"line":127,"column":4},"end":{"line":127,"column":64}},"54":{"start":{"line":127,"column":17},"end":{"line":127,"column":63}},"55":{"start":{"line":130,"column":2},"end":{"line":155,"column":4}},"56":{"start":{"line":136,"column":10},"end":{"line":136,"column":83}},"57":{"start":{"line":146,"column":10},"end":{"line":146,"column":77}},"58":{"start":{"line":146,"column":57},"end":{"line":146,"column":63}},"59":{"start":{"line":149,"column":47},"end":{"line":149,"column":55}},"60":{"start":{"line":161,"column":28},"end":{"line":161,"column":76}},"61":{"start":{"line":162,"column":34},"end":{"line":162,"column":75}},"62":{"start":{"line":163,"column":26},"end":{"line":163,"column":41}},"63":{"start":{"line":164,"column":28},"end":{"line":164,"column":40}},"64":{"start":{"line":166,"column":19},"end":{"line":178,"column":3}},"65":{"start":{"line":167,"column":4},"end":{"line":167,"column":27}},"66":{"start":{"line":168,"column":4},"end":{"line":168,"column":17}},"67":{"start":{"line":169,"column":4},"end":{"line":172,"column":5}},"68":{"start":{"line":170,"column":6},"end":{"line":170,"column":61}},"69":{"start":{"line":171,"column":6},"end":{"line":171,"column":13}},"70":{"start":{"line":173,"column":4},"end":{"line":177,"column":5}},"71":{"start":{"line":174,"column":6},"end":{"line":174,"column":23}},"72":{"start":{"line":176,"column":6},"end":{"line":176,"column":47}},"73":{"start":{"line":180,"column":2},"end":{"line":247,"column":4}},"74":{"start":{"line":196,"column":29},"end":{"line":196,"column":53}},"75":{"start":{"line":210,"column":31},"end":{"line":210,"column":58}},"76":{"start":{"line":218,"column":29},"end":{"line":218,"column":47}},"77":{"start":{"line":218,"column":44},"end":{"line":218,"column":46}},"78":{"start":{"line":234,"column":12},"end":{"line":234,"column":31}},"79":{"start":{"line":235,"column":12},"end":{"line":235,"column":83}}},"fnMap":{"0":{"name":"Login","decl":{"start":{"line":8,"column":24},"end":{"line":8,"column":29}},"loc":{"start":{"line":8,"column":32},"end":{"line":83,"column":1}},"line":8},"1":{"name":"(anonymous_1)","decl":{"start":{"line":15,"column":32},"end":{"line":15,"column":33}},"loc":{"start":{"line":15,"column":45},"end":{"line":15,"column":60}},"line":15},"2":{"name":"(anonymous_2)","decl":{"start":{"line":17,"column":12},"end":{"line":17,"column":13}},"loc":{"start":{"line":17,"column":18},"end":{"line":20,"column":3}},"line":17},"3":{"name":"(anonymous_3)","decl":{"start":{"line":23,"column":4},"end":{"line":23,"column":5}},"loc":{"start":{"line":23,"column":15},"end":{"line":29,"column":5}},"line":23},"4":{"name":"(anonymous_4)","decl":{"start":{"line":54,"column":23},"end":{"line":54,"column":24}},"loc":{"start":{"line":54,"column":29},"end":{"line":54,"column":45}},"line":54},"5":{"name":"(anonymous_5)","decl":{"start":{"line":67,"column":23},"end":{"line":67,"column":24}},"loc":{"start":{"line":67,"column":29},"end":{"line":67,"column":50}},"line":67},"6":{"name":"PinPanel","decl":{"start":{"line":85,"column":9},"end":{"line":85,"column":17}},"loc":{"start":{"line":85,"column":32},"end":{"line":156,"column":1}},"line":85},"7":{"name":"(anonymous_7)","decl":{"start":{"line":90,"column":4},"end":{"line":90,"column":5}},"loc":{"start":{"line":90,"column":15},"end":{"line":98,"column":5}},"line":90},"8":{"name":"(anonymous_8)","decl":{"start":{"line":93,"column":19},"end":{"line":93,"column":20}},"loc":{"start":{"line":93,"column":25},"end":{"line":93,"column":41}},"line":93},"9":{"name":"(anonymous_9)","decl":{"start":{"line":96,"column":19},"end":{"line":96,"column":20}},"loc":{"start":{"line":96,"column":25},"end":{"line":96,"column":37}},"line":96},"10":{"name":"(anonymous_10)","decl":{"start":{"line":103,"column":4},"end":{"line":103,"column":5}},"loc":{"start":{"line":103,"column":15},"end":{"line":111,"column":5}},"line":103},"11":{"name":"(anonymous_11)","decl":{"start":{"line":105,"column":15},"end":{"line":105,"column":16}},"loc":{"start":{"line":105,"column":25},"end":{"line":110,"column":7}},"line":105},"12":{"name":"(anonymous_12)","decl":{"start":{"line":115,"column":26},"end":{"line":115,"column":27}},"loc":{"start":{"line":115,"column":32},"end":{"line":118,"column":3}},"line":115},"13":{"name":"(anonymous_13)","decl":{"start":{"line":117,"column":13},"end":{"line":117,"column":14}},"loc":{"start":{"line":117,"column":23},"end":{"line":117,"column":40}},"line":117},"14":{"name":"(anonymous_14)","decl":{"start":{"line":121,"column":12},"end":{"line":121,"column":13}},"loc":{"start":{"line":121,"column":18},"end":{"line":128,"column":3}},"line":121},"15":{"name":"(anonymous_15)","decl":{"start":{"line":122,"column":18},"end":{"line":122,"column":19}},"loc":{"start":{"line":122,"column":29},"end":{"line":125,"column":5}},"line":122},"16":{"name":"(anonymous_16)","decl":{"start":{"line":127,"column":11},"end":{"line":127,"column":12}},"loc":{"start":{"line":127,"column":17},"end":{"line":127,"column":63}},"line":127},"17":{"name":"(anonymous_17)","decl":{"start":{"line":135,"column":48},"end":{"line":135,"column":49}},"loc":{"start":{"line":136,"column":10},"end":{"line":136,"column":83}},"line":136},"18":{"name":"(anonymous_18)","decl":{"start":{"line":145,"column":59},"end":{"line":145,"column":60}},"loc":{"start":{"line":146,"column":10},"end":{"line":146,"column":77}},"line":146},"19":{"name":"(anonymous_19)","decl":{"start":{"line":146,"column":51},"end":{"line":146,"column":52}},"loc":{"start":{"line":146,"column":57},"end":{"line":146,"column":63}},"line":146},"20":{"name":"(anonymous_20)","decl":{"start":{"line":149,"column":41},"end":{"line":149,"column":42}},"loc":{"start":{"line":149,"column":47},"end":{"line":149,"column":55}},"line":149},"21":{"name":"PasswordPanel","decl":{"start":{"line":158,"column":9},"end":{"line":158,"column":22}},"loc":{"start":{"line":158,"column":51},"end":{"line":248,"column":1}},"line":158},"22":{"name":"(anonymous_22)","decl":{"start":{"line":166,"column":19},"end":{"line":166,"column":20}},"loc":{"start":{"line":166,"column":30},"end":{"line":178,"column":3}},"line":166},"23":{"name":"(anonymous_23)","decl":{"start":{"line":196,"column":22},"end":{"line":196,"column":23}},"loc":{"start":{"line":196,"column":29},"end":{"line":196,"column":53}},"line":196},"24":{"name":"(anonymous_24)","decl":{"start":{"line":210,"column":24},"end":{"line":210,"column":25}},"loc":{"start":{"line":210,"column":31},"end":{"line":210,"column":58}},"line":210},"25":{"name":"(anonymous_25)","decl":{"start":{"line":218,"column":23},"end":{"line":218,"column":24}},"loc":{"start":{"line":218,"column":29},"end":{"line":218,"column":47}},"line":218},"26":{"name":"(anonymous_26)","decl":{"start":{"line":218,"column":37},"end":{"line":218,"column":38}},"loc":{"start":{"line":218,"column":44},"end":{"line":218,"column":46}},"line":218},"27":{"name":"(anonymous_27)","decl":{"start":{"line":233,"column":19},"end":{"line":233,"column":20}},"loc":{"start":{"line":233,"column":26},"end":{"line":236,"column":11}},"line":233}},"branchMap":{"0":{"loc":{"start":{"line":11,"column":33},"end":{"line":11,"column":92}},"type":"cond-expr","locations":[{"start":{"line":11,"column":74},"end":{"line":11,"column":84}},{"start":{"line":11,"column":87},"end":{"line":11,"column":92}}],"line":11},"1":{"loc":{"start":{"line":18,"column":19},"end":{"line":18,"column":77}},"type":"cond-expr","locations":[{"start":{"line":18,"column":35},"end":{"line":18,"column":52}},{"start":{"line":18,"column":55},"end":{"line":18,"column":77}}],"line":18},"2":{"loc":{"start":{"line":24,"column":6},"end":{"line":24,"column":82}},"type":"if","locations":[{"start":{"line":24,"column":6},"end":{"line":24,"column":82}},{"start":{},"end":{}}],"line":24},"3":{"loc":{"start":{"line":26,"column":6},"end":{"line":26,"column":56}},"type":"if","locations":[{"start":{"line":26,"column":6},"end":{"line":26,"column":56}},{"start":{},"end":{}}],"line":26},"4":{"loc":{"start":{"line":27,"column":6},"end":{"line":27,"column":60}},"type":"if","locations":[{"start":{"line":27,"column":6},"end":{"line":27,"column":60}},{"start":{},"end":{}}],"line":27},"5":{"loc":{"start":{"line":28,"column":16},"end":{"line":28,"column":50}},"type":"cond-expr","locations":[{"start":{"line":28,"column":32},"end":{"line":28,"column":42}},{"start":{"line":28,"column":45},"end":{"line":28,"column":50}}],"line":28},"6":{"loc":{"start":{"line":49,"column":32},"end":{"line":49,"column":64}},"type":"cond-expr","locations":[{"start":{"line":49,"column":48},"end":{"line":49,"column":59}},{"start":{"line":49,"column":62},"end":{"line":49,"column":64}}],"line":49},"7":{"loc":{"start":{"line":51,"column":24},"end":{"line":51,"column":46}},"type":"cond-expr","locations":[{"start":{"line":51,"column":40},"end":{"line":51,"column":41}},{"start":{"line":51,"column":44},"end":{"line":51,"column":46}}],"line":51},"8":{"loc":{"start":{"line":62,"column":32},"end":{"line":62,"column":69}},"type":"cond-expr","locations":[{"start":{"line":62,"column":53},"end":{"line":62,"column":64}},{"start":{"line":62,"column":67},"end":{"line":62,"column":69}}],"line":62},"9":{"loc":{"start":{"line":64,"column":24},"end":{"line":64,"column":51}},"type":"cond-expr","locations":[{"start":{"line":64,"column":45},"end":{"line":64,"column":46}},{"start":{"line":64,"column":49},"end":{"line":64,"column":51}}],"line":64},"10":{"loc":{"start":{"line":74,"column":11},"end":{"line":78,"column":11}},"type":"cond-expr","locations":[{"start":{"line":75,"column":12},"end":{"line":75,"column":44}},{"start":{"line":77,"column":12},"end":{"line":77,"column":96}}],"line":74},"11":{"loc":{"start":{"line":77,"column":61},"end":{"line":77,"column":92}},"type":"binary-expr","locations":[{"start":{"line":77,"column":61},"end":{"line":77,"column":86}},{"start":{"line":77,"column":90},"end":{"line":77,"column":92}}],"line":77},"12":{"loc":{"start":{"line":91,"column":6},"end":{"line":97,"column":7}},"type":"if","locations":[{"start":{"line":91,"column":6},"end":{"line":97,"column":7}},{"start":{"line":94,"column":13},"end":{"line":97,"column":7}}],"line":91},"13":{"loc":{"start":{"line":106,"column":8},"end":{"line":106,"column":51}},"type":"if","locations":[{"start":{"line":106,"column":8},"end":{"line":106,"column":51}},{"start":{},"end":{}}],"line":106},"14":{"loc":{"start":{"line":108,"column":8},"end":{"line":108,"column":53}},"type":"if","locations":[{"start":{"line":108,"column":8},"end":{"line":108,"column":53}},{"start":{},"end":{}}],"line":108},"15":{"loc":{"start":{"line":123,"column":6},"end":{"line":124,"column":48}},"type":"if","locations":[{"start":{"line":123,"column":6},"end":{"line":124,"column":48}},{"start":{"line":124,"column":11},"end":{"line":124,"column":48}}],"line":123},"16":{"loc":{"start":{"line":123,"column":10},"end":{"line":123,"column":46}},"type":"binary-expr","locations":[{"start":{"line":123,"column":10},"end":{"line":123,"column":26}},{"start":{"line":123,"column":30},"end":{"line":123,"column":46}}],"line":123},"17":{"loc":{"start":{"line":124,"column":11},"end":{"line":124,"column":48}},"type":"if","locations":[{"start":{"line":124,"column":11},"end":{"line":124,"column":48}},{"start":{},"end":{}}],"line":124},"18":{"loc":{"start":{"line":136,"column":42},"end":{"line":136,"column":77}},"type":"cond-expr","locations":[{"start":{"line":136,"column":61},"end":{"line":136,"column":72}},{"start":{"line":136,"column":75},"end":{"line":136,"column":77}}],"line":136},"19":{"loc":{"start":{"line":140,"column":35},"end":{"line":140,"column":76}},"type":"cond-expr","locations":[{"start":{"line":140,"column":61},"end":{"line":140,"column":71}},{"start":{"line":140,"column":74},"end":{"line":140,"column":76}}],"line":140},"20":{"loc":{"start":{"line":140,"column":80},"end":{"line":140,"column":115}},"type":"cond-expr","locations":[{"start":{"line":140,"column":103},"end":{"line":140,"column":110}},{"start":{"line":140,"column":113},"end":{"line":140,"column":115}}],"line":140},"21":{"loc":{"start":{"line":144,"column":32},"end":{"line":144,"column":81}},"type":"cond-expr","locations":[{"start":{"line":144,"column":61},"end":{"line":144,"column":76}},{"start":{"line":144,"column":79},"end":{"line":144,"column":81}}],"line":144},"22":{"loc":{"start":{"line":161,"column":37},"end":{"line":161,"column":75}},"type":"binary-expr","locations":[{"start":{"line":161,"column":37},"end":{"line":161,"column":49}},{"start":{"line":161,"column":53},"end":{"line":161,"column":75}}],"line":161},"23":{"loc":{"start":{"line":162,"column":43},"end":{"line":162,"column":74}},"type":"cond-expr","locations":[{"start":{"line":162,"column":58},"end":{"line":162,"column":60}},{"start":{"line":162,"column":63},"end":{"line":162,"column":74}}],"line":162},"24":{"loc":{"start":{"line":169,"column":4},"end":{"line":172,"column":5}},"type":"if","locations":[{"start":{"line":169,"column":4},"end":{"line":172,"column":5}},{"start":{},"end":{}}],"line":169},"25":{"loc":{"start":{"line":169,"column":8},"end":{"line":169,"column":34}},"type":"binary-expr","locations":[{"start":{"line":169,"column":8},"end":{"line":169,"column":21}},{"start":{"line":169,"column":25},"end":{"line":169,"column":34}}],"line":169},"26":{"loc":{"start":{"line":173,"column":4},"end":{"line":177,"column":5}},"type":"if","locations":[{"start":{"line":173,"column":4},"end":{"line":177,"column":5}},{"start":{"line":175,"column":11},"end":{"line":177,"column":5}}],"line":173},"27":{"loc":{"start":{"line":182,"column":7},"end":{"line":187,"column":7}},"type":"binary-expr","locations":[{"start":{"line":182,"column":7},"end":{"line":182,"column":12}},{"start":{"line":183,"column":8},"end":{"line":186,"column":14}}],"line":182},"28":{"loc":{"start":{"line":207,"column":20},"end":{"line":207,"column":46}},"type":"cond-expr","locations":[{"start":{"line":207,"column":27},"end":{"line":207,"column":33}},{"start":{"line":207,"column":36},"end":{"line":207,"column":46}}],"line":207},"29":{"loc":{"start":{"line":220,"column":50},"end":{"line":220,"column":72}},"type":"cond-expr","locations":[{"start":{"line":220,"column":57},"end":{"line":220,"column":63}},{"start":{"line":220,"column":66},"end":{"line":220,"column":72}}],"line":220}},"s":{"0":3,"1":30,"2":30,"3":30,"4":30,"5":30,"6":30,"7":13,"8":30,"9":29,"10":29,"11":30,"12":9,"13":4,"14":5,"15":5,"16":1,"17":4,"18":1,"19":3,"20":30,"21":0,"22":8,"23":41,"24":41,"25":41,"26":4,"27":3,"28":3,"29":1,"30":1,"31":1,"32":1,"33":41,"34":17,"35":17,"36":17,"37":0,"38":17,"39":17,"40":4,"41":17,"42":41,"43":1,"44":1,"45":1,"46":41,"47":17,"48":7,"49":4,"50":3,"51":0,"52":17,"53":17,"54":17,"55":41,"56":164,"57":369,"58":13,"59":0,"60":33,"61":33,"62":33,"63":33,"64":33,"65":3,"66":3,"67":3,"68":1,"69":1,"70":2,"71":1,"72":1,"73":33,"74":1,"75":15,"76":3,"77":3,"78":1,"79":1},"f":{"0":30,"1":13,"2":29,"3":9,"4":0,"5":8,"6":41,"7":4,"8":1,"9":1,"10":17,"11":17,"12":1,"13":1,"14":17,"15":7,"16":17,"17":164,"18":369,"19":13,"20":0,"21":33,"22":3,"23":1,"24":15,"25":3,"26":3,"27":1},"b":{"0":[1,29],"1":[17,12],"2":[4,5],"3":[1,4],"4":[1,3],"5":[2,1],"6":[18,12],"7":[18,12],"8":[12,18],"9":[12,18],"10":[18,12],"11":[12,12],"12":[3,1],"13":[0,17],"14":[4,13],"15":[4,3],"16":[7,7],"17":[0,3],"18":[59,105],"19":[3,38],"20":[6,35],"21":[41,0],"22":[33,33],"23":[0,33],"24":[1,2],"25":[3,2],"26":[1,1],"27":[33,2],"28":[2,31],"29":[2,31]},"_coverageSchema":"1a1c01bbd47fc00a2c39e90264f33305004495a9","hash":"9ababa1435fdbc21b390d21a4bbbd18e0ff2687b"}
,"/Users/sivag/Downloads/UMGC/2026/SUMMER/SWEN661/CareConnect/CareConnect_STML-Desktop/src/renderer/src/pages/Register.jsx": {"path":"/Users/sivag/Downloads/UMGC/2026/SUMMER/SWEN661/CareConnect/CareConnect_STML-Desktop/src/renderer/src/pages/Register.jsx","statementMap":{"0":{"start":{"line":5,"column":22},"end":{"line":5,"column":50}},"1":{"start":{"line":8,"column":19},"end":{"line":8,"column":32}},"2":{"start":{"line":9,"column":26},"end":{"line":16,"column":4}},"3":{"start":{"line":17,"column":26},"end":{"line":17,"column":41}},"4":{"start":{"line":18,"column":28},"end":{"line":18,"column":40}},"5":{"start":{"line":19,"column":32},"end":{"line":19,"column":47}},"6":{"start":{"line":21,"column":17},"end":{"line":24,"column":3}},"7":{"start":{"line":21,"column":26},"end":{"line":24,"column":3}},"8":{"start":{"line":22,"column":18},"end":{"line":22,"column":94}},"9":{"start":{"line":23,"column":4},"end":{"line":23,"column":51}},"10":{"start":{"line":23,"column":23},"end":{"line":23,"column":48}},"11":{"start":{"line":26,"column":19},"end":{"line":50,"column":3}},"12":{"start":{"line":27,"column":4},"end":{"line":27,"column":27}},"13":{"start":{"line":28,"column":4},"end":{"line":28,"column":17}},"14":{"start":{"line":30,"column":4},"end":{"line":30,"column":75}},"15":{"start":{"line":30,"column":27},"end":{"line":30,"column":75}},"16":{"start":{"line":31,"column":4},"end":{"line":31,"column":103}},"17":{"start":{"line":31,"column":48},"end":{"line":31,"column":103}},"18":{"start":{"line":32,"column":4},"end":{"line":32,"column":93}},"19":{"start":{"line":32,"column":34},"end":{"line":32,"column":93}},"20":{"start":{"line":33,"column":4},"end":{"line":33,"column":83}},"21":{"start":{"line":33,"column":40},"end":{"line":33,"column":83}},"22":{"start":{"line":34,"column":4},"end":{"line":34,"column":88}},"23":{"start":{"line":34,"column":21},"end":{"line":34,"column":88}},"24":{"start":{"line":37,"column":19},"end":{"line":42,"column":6}},"25":{"start":{"line":43,"column":4},"end":{"line":43,"column":50}},"26":{"start":{"line":43,"column":20},"end":{"line":43,"column":50}},"27":{"start":{"line":45,"column":4},"end":{"line":45,"column":21}},"28":{"start":{"line":46,"column":4},"end":{"line":49,"column":6}},"29":{"start":{"line":47,"column":12},"end":{"line":47,"column":90}},"30":{"start":{"line":52,"column":2},"end":{"line":188,"column":4}},"31":{"start":{"line":149,"column":35},"end":{"line":149,"column":53}},"32":{"start":{"line":149,"column":50},"end":{"line":149,"column":52}}},"fnMap":{"0":{"
[...]
}}],"line":159},"16":{"loc":{"start":{"line":162,"column":4},"end":{"line":165,"column":63}},"type":"if","locations":[{"start":{"line":162,"column":4},"end":{"line":165,"column":63}},{"start":{"line":163,"column":9},"end":{"line":165,"column":63}}],"line":162},"17":{"loc":{"start":{"line":163,"column":9},"end":{"line":165,"column":63}},"type":"if","locations":[{"start":{"line":163,"column":9},"end":{"line":165,"column":63}},{"start":{"line":164,"column":9},"end":{"line":165,"column":63}}],"line":163},"18":{"loc":{"start":{"line":164,"column":9},"end":{"line":165,"column":63}},"type":"if","locations":[{"start":{"line":164,"column":9},"end":{"line":165,"column":63}},{"start":{"line":165,"column":9},"end":{"line":165,"column":63}}],"line":164},"19":{"loc":{"start":{"line":206,"column":26},"end":{"line":206,"column":51}},"type":"cond-expr","locations":[{"start":{"line":206,"column":45},"end":{"line":206,"column":46}},{"start":{"line":206,"column":49},"end":{"line":206,"column":51}}],"line":206},"20":{"loc":{"start":{"line":209,"column":35},"end":{"line":209,"column":70}},"type":"cond-expr","locations":[{"start":{"line":209,"column":54},"end":{"line":209,"column":65}},{"start":{"line":209,"column":68},"end":{"line":209,"column":70}}],"line":209},"21":{"loc":{"start":{"line":213,"column":57},"end":{"line":213,"column":75}},"type":"binary-expr","locations":[{"start":{"line":213,"column":57},"end":{"line":213,"column":70}},{"start":{"line":213,"column":74},"end":{"line":213,"column":75}}],"line":213},"22":{"loc":{"start":{"line":220,"column":11},"end":{"line":228,"column":11}},"type":"cond-expr","locations":[{"start":{"line":221,"column":12},"end":{"line":221,"column":101}},{"start":{"line":223,"column":12},"end":{"line":227,"column":17}}],"line":220},"23":{"loc":{"start":{"line":221,"column":54},"end":{"line":221,"column":95}},"type":"cond-expr","locations":[{"start":{"line":221,"column":73},"end":{"line":221,"column":90}},{"start":{"line":221,"column":93},"end":{"line":221,"column":95}}],"line":221},"24":{"loc":{"start":{"line":230,"column":11},"end":{"line":239,"column":11}},"type":"binary-expr","locations":[{"start":{"line":230,"column":11},"end":{"line":230,"column":26}},{"start":{"line":231,"column":12},"end":{"line":238,"column":15}}],"line":230},"25":{"loc":{"start":{"line":244,"column":42},"end":{"line":244,"column":71}},"type":"cond-expr","locations":[{"start":{"line":244,"column":54},"end":{"line":244,"column":66}},{"start":{"line":244,"column":69},"end":{"line":244,"column":71}}],"line":244},"26":{"loc":{"start":{"line":245,"column":80},"end":{"line":245,"column":124}},"type":"cond-expr","locations":[{"start":{"line":245,"column":92},"end":{"line":245,"column":107}},{"start":{"line":245,"column":110},"end":{"line":245,"column":124}}],"line":245},"27":{"loc":{"start":{"line":254,"column":15},"end":{"line":259,"column":15}},"type":"binary-expr","locations":[{"start":{"line":254,"column":15},"end":{"line":254,"column":24}},{"start":{"line":255,"column":16},"end":{"line":258,"column":22}}],"line":254},"28":{"loc":{"start":{"line":308,"column":32},"end":{"line":308,"column":56}},"type":"cond-expr","locations":[{"start":{"line":308,"column":50},"end":{"line":308,"column":51}},{"start":{"line":308,"column":54},"end":{"line":308,"column":56}}],"line":308},"29":{"loc":{"start":{"line":310,"column":73},"end":{"line":310,"column":109}},"type":"cond-expr","locations":[{"start":{"line":310,"column":91},"end":{"line":310,"column":104}},{"start":{"line":310,"column":107},"end":{"line":310,"column":109}}],"line":310},"30":{"loc":{"start":{"line":327,"column":39},"end":{"line":327,"column":64}},"type":"cond-expr","locations":[{"start":{"line":327,"column":52},"end":{"line":327,"column":59}},{"start":{"line":327,"column":62},"end":{"line":327,"column":64}}],"line":327},"31":{"loc":{"start":{"line":338,"column":17},"end":{"line":338,"column":64}},"type":"cond-expr","locations":[{"start":{"line":338,"column":29},"end":{"line":338,"column":46}},{"start":{"line":338,"column":49},"end":{"line":338,"column":64}}],"line":338},"32":{"loc":{"start":{"line":340,"column":15},"end":{"line":344,"column":15}},"type":"binary-expr","locations":[{"start":{"line":340,"column":15},"end":{"line":340,"column":24}},{"start":{"line":341,"column":16},"end":{"line":343,"column":25}}],"line":340},"33":{"loc":{"start":{"line":349,"column":40},"end":{"line":349,"column":68}},"type":"cond-expr","locations":[{"start":{"line":349,"column":55},"end":{"line":349,"column":63}},{"start":{"line":349,"column":66},"end":{"line":349,"column":68}}],"line":349},"34":{"loc":{"start":{"line":373,"column":31},"end":{"line":373,"column":54}},"type":"cond-expr","locations":[{"start":{"line":373,"column":40},"end":{"line":373,"column":49}},{"start":{"line":373,"column":52},"end":{"line":373,"column":54}}],"line":373},"35":{"loc":{"start":{"line":379,"column":23},"end":{"line":379,"column":61}},"type":"cond-expr","locations":[{"start":{"line":379,"column":32},"end":{"line":379,"column":47}},{"start":{"line":379,"column":50},"end":{"line":379,"column":61}}],"line":379},"36":{"loc":{"start":{"line":381,"column":9},"end":{"line":381,"column":26}},"type":"cond-expr","locations":[{"start":{"line":381,"column":18},"end":{"line":381,"column":21}},{"start":{"line":381,"column":24},"end":{"line":381,"column":26}}],"line":381},"37":{"loc":{"start":{"line":386,"column":53},"end":{"line":386,"column":84}},"type":"binary-expr","locations":[{"start":{"line":386,"column":53},"end":{"line":386,"column":70}},{"start":{"line":386,"column":74},"end":{"line":386,"column":84}}],"line":386},"38":{"loc":{"start":{"line":391,"column":9},"end":{"line":398,"column":9}},"type":"cond-expr","locations":[{"start":{"line":392,"column":10},"end":{"line":392,"column":83}},{"start":{"line":394,"column":10},"end":{"line":397,"column":13}}],"line":391}},"s":{"0":2,"1":2,"2":5,"3":10,"4":5,"5":1,"6":4,"7":1,"8":3,"9":2,"10":1,"11":101,"12":101,"13":101,"14":101,"15":101,"16":101,"17":101,"18":101,"19":101,"20":101,"21":101,"22":101,"23":23,"24":101,"25":4,"26":4,"27":4,"28":4,"29":4,"30":101,"31":4,"32":1,"33":1,"34":1,"35":3,"36":1,"37":1,"38":8,"39":2,"40":2,"41":3,"42":3,"43":3,"44":101,"45":2,"46":2,"47":2,"48":2,"49":2,"50":101,"51":1,"52":1,"53":8,"54":101,"55":1,"56":1,"57":8,"58":101,"59":1,"60":1,"61":1,"62":1,"63":101,"64":88,"65":70,"66":66,"67":4,"68":4,"69":1,"70":1,"71":3,"72":1,"73":1,"74":88,"75":88,"76":88,"77":101,"78":18,"79":101,"80":23,"81":23,"82":92,"83":716,"84":23,"85":101,"86":33,"87":101,"88":584,"89":101,"90":773,"91":101,"92":773,"93":101,"94":796,"95":101,"96":101,"97":101,"98":63,"99":63,"100":101,"101":5,"102":0,"103":5,"104":5,"105":5,"106":101,"107":4,"108":0,"109":4,"110":4,"111":8,"112":4,"113":0,"114":4,"115":4,"116":1,"117":3,"118":1,"119":2,"120":1,"121":1,"122":4,"123":4,"124":4,"125":101,"126":25,"127":101,"128":505,"129":1010,"130":2,"131":480,"132":293,"133":3,"134":3,"135":58,"136":0,"137":0,"138":606,"139":404,"140":808,"141":0,"142":1,"143":303,"144":773,"145":1,"146":0,"147":2,"148":1},"f":{"0":5,"1":10,"2":101,"3":23,"4":4,"5":4,"6":1,"7":8,"8":2,"9":2,"10":1,"11":1,"12":8,"13":1,"14":1,"15":8,"16":1,"17":1,"18":88,"19":70,"20":88,"21":18,"22":23,"23":716,"24":33,"25":584,"26":773,"27":773,"28":796,"29":63,"30":63,"31":5,"32":5,"33":4,"34":8,"35":25,"36":505,"37":1010,"38":2,"39":480,"40":293,"41":3,"42":58,"43":0,"44":0,"45":606,"46":404,"47":808,"48":0,"49":1,"50":303,"51":773,"52":1,"53":0,"54":2,"55":1},"b":{"0":[1,4],"1":[1,3],"2":[2,1],"3":[1,3],"4":[1,2],"5":[1,7],"6":[1,7],"7":[1,7],"8":[66,4],"9":[70,66],"10":[1,3],"11":[1,2],"12":[96,5],"13":[0,5],"14":[0,4],"15":[0,4],"16":[1,3],"17":[1,2],"18":[1,1],"19":[101,404],"20":[101,404],"21":[505,0],"22":[2,99],"23":[1,1],"24":[101,99],"25":[27,74],"26":[27,74],"27":[101,1],"28":[101,303],"29":[101,303],"30":[100,1],"31":[27,74],"32":[101,27],"33":[1,100],"34":[293,480],"35":[293,480],"36":[293,480],"37":[773,0],"38":[293,480]},"_coverageSchema":"1a1c01bbd47fc00a2c39e90264f33305004495a9","hash":"0a1efcc2101c478aecbb229b074feeda1cb2119f"}
,"/Users/sivag/Downloads/UMGC/2026/SUMMER/SWEN661/CareConnect/CareConnect_STML-Desktop/src/renderer/src/pages/app/Settings.jsx": {"path":"/Users/sivag/Downloads/UMGC/2026/SUMMER/SWEN661/CareConnect/CareConnect_STML-Desktop/src/renderer/src/pages/app/Settings.jsx","statementMap":{"0":{"start":{"line":12,"column":18},"end":{"line":12,"column":89}},"1":{"start":{"line":16,"column":18},"end":{"line":23,"column":1}},"2":{"start":{"line":25,"column":16},"end":{"line":29,"column":1}},"3":{"start":{"line":38,"column":15},"end":{"line":38,"column":31}},"4":{"start":{"line":39,"column":34},"end":{"line":39,"column":56}},"5":{"start":{"line":40,"column":38},"end":{"line":40,"column":53}},"6":{"start":{"line":43,"column":2},"end":{"line":45,"column":17}},"7":{"start":{"line":44,"column":4},"end":{"line":44,"column":28}},"8":{"start":{"line":47,"column":17},"end":{"line":50,"column":3}},"9":{"start":{"line":48,"column":4},"end":{"line":48,"column":45}},"10":{"start":{"line":48,"column":24},"end":{"line":48,"column":42}},"11":{"start":{"line":49,"column":4},"end":{"line":49,"column":25}},"12":{"start":{"line":52,"column":15},"end":{"line":57,"column":16}},"13":{"start":{"line":53,"column":4},"end":{"line":53,"column":27}},"14":{"start":{"line":54,"column":4},"end":{"line":54,"column":28}},"15":{"start":{"line":55,"column":4},"end":{"line":55,"column":24}},"16":{"start":{"line":56,"column":4},"end":{"line":56,"column":49}},"17":{"start":{"line":56,"column":21},"end":{"line":56,"column":41}},"18":{"start":{"line":59,"column":16},"end":{"line":64,"column":3}},"19":{"start":{"line":60,"column":4},"end":{"line":60,"column":41}},"20":{"start":{"line":61,"column":4},"end":{"line":61,"column":35}},"21":{"start":{"line":62,"column":4},"end":{"line":62,"column":36}},"22":{"start":{"line":63,"column":4},"end":{"line":63,"column":25}},"23":{"start":{"line":67,"column":2},"end":{"line":76,"column":13}},"24":{"start":{"line":68,"column":18},"end":{"line":73,"column":5}},"25":{"start":{"line":69,"column":6},"end":{"line":72,"column":7}},"26":{"start":{"line":70,"column":8},"end":{"line":70,"column":27}},"27":{"start":{"line":71,"column":8},"end":{"line":71,"column":15}},"28":{"start":{"line":74,"column":4},"end":{"line":74,"column":48}},"29":{"start":{"line":75,"column":4},"end":{"line":75,"column":64}},"30":{"start":{"line":75,"column":17},"end":{"line":75,"column":63}},"31":{"start":{"line":78,"column":14},"end":{"line":78,"column":76}},"32":{"start":{"line":80,"column":2},"end":{"line":170,"column":4}},"33":{"start":{"line":104,"column":33},"end":{"line":104,"column":77}},"34":{"start":{"line":116,"column":14},"end":{"line":131,"column":20}},"35":{"start":{"line":127,"column":33},"end":{"line":127,"column":70}},"36":{"start":{"line":141,"column":45},"end":{"line":144,"column":15}},"37":{"start":{"line":174,"column":2},"end":{"line":174,"column":84}},"38":{"start":{"line":174,"column":14},"end":{"line":174,"column":84}},"39":{"start":{"line":175,"column":2},"end":{"line":180,"column":4}},"40":{"start":{"line":184,"column":2},"end":{"line":189,"column":4}}},"fnMap":{"0":{"name":"Settings","decl":{"start":{"line":37,"column":24},"end":{"line":37,"column":32}},"loc":{"start":{"line":37,"column":35},"end":{"line":171,"column":1}},"line":37},"1":{"name":"(anonymous_1)","decl":{"start":{"line":43,"column":12},"end":{"line":43,"column":13}},"loc":{"start":{"line":43,"column":18},"end":{"line":45,"column":3}},"line":43},"2":{"name":"(anonymous_2)","decl":{"start":{"line":47,"column":17},"end":{"line":47,"column":18}},"loc":{"start":{"line":47,"column":28},"end":{"line":50,"column":3}},"line":47},"3":{"name":"(anonymous_3)","decl":{"start":{"line":48,"column":16},"end":{"line":48,"column":17}},"loc":{"start":{"line":48,"column":24},"end":{"line":48,"column":42}},"line":48},"4":{"name":"(anonymous_4)","decl":{"start":{"line":52,"column":27},"end":{"line":52,"column":28}},"loc":{"start":{"line":52,"column":33},"end":{"line":57,"column":3}},"line":52},"5":{"name":"(anonymous_5)","decl":{"start":{"line":56,"column":15},"end":{"line":56,"column":16}},"loc":{"start":{"line":56,"column":21},"end":{"line":56,"column":41}},"line":56},"6":{"name":"(anonymous_6)","decl":{"start":{"line":59,"column":16},"end":{"line":59,"column":17}},"loc":{"start":{"line":59,"column":22},"end":{"line":64,"column":3}},"line":59},"7":{"name":"(anonymous_7)","decl":{"start":{"line":67,"column":12},"end":{"line":67,"column":13}},"loc":{"start":{"line":67,"column":18},"end":{"line":76,"column":3}},"line":67},"8":{"name":"(anonymous_8)","decl":{"start":{"line":68,"column":18},"end":{"line":68,"column":19}},"loc":{"start":{"line":68,"column":25},"end":{"line":73,"column":5}},"line":68},"9":{"name":"(anonymous_9)","decl":{"start":{"line":75,"column":11},"end":{"line":75,"column":12}},"loc":{"start":{"line":75,"column":17},"end":{"line":75,"column":63}},"line":75},"10":{"name":"(anonymous_10)","decl":{"start":{"line":104,"column":26},"end":{"line":104,"column":27}},"loc":{"start":{"line":104,"column":33},"end":{"line":104,"column":77}},"line":104},"11":{"name":"(anonymous_11)","decl":{"start":{"line":115,"column":25},"end":{"line":115,"column":26}},"loc":{"start":{"line":116,"column":14},"end":{"line":131,"column":20}},"line":116},"12":{"name":"(anonymous_12)","decl":{"start":{"line":127,"column":27},"end":{"line":127,"column":28}},"loc":{"start":{"line":127,"column":33},"end":{"line":127,"column":70}},"line":127},"13":{"name":"(anonymous_13)","decl":{"start":{"line":141,"column":33},"end":{"line":141,"column":34}},"loc":{"start":{"line":141,"column":45},"end":{"line":144,"column":15}},"line":141},"14":{"name":"ShortcutCell","decl":{"start":{"line":173,"column":9},"end":{"line":173,"column":21}},"loc":{"start":{"line":173,"column":39},"end":{"line":181,"column":1}},"line":173},"15":{"name":"Field","decl":{"start":{"line":183,"column":9},"end":{"line":183,"column":14}},"loc":{"start":{"line":183,"column":33},"end":{"line":190,"column":1}},"line":183}},"branchMap":{"0":{"loc":{"start":{"line":69,"column":6},"end":{"line":72,"column":7}},"type":"if","locations":[{"start":{"line":69,"column":6},"end":{"line":72,"column":7}},{"start":{},"end":{}}],"line":69},"1":{"loc":{"start":{"line":69,"column":10},"end":{"line":69,"column":65}},"type":"binary-expr","locations":[{"start":{"line":69,"column":11},"end":{"line":69,"column":20}},{"start":{"line":69,"column":24},"end":{"line":69,"column":33}},{"start":{"line":69,"column":38},"end":{"line":69,"column":65}}],"line":69},"2":{"loc":{"start":{"line":123,"column":39},"end":{"line":123,"column":69}},"type":"cond-expr","locations":[{"start":{"line":123,"column":57},"end":{"line":123,"column":64}},{"start":{"line":123,"column":67},"end":{"line":123,"column":69}}],"line":123},"3":{"loc":{"start":{"line":154,"column":37},"end":{"line":154,"column":70}},"type":"binary-expr","locations":[{"start":{"line":154,"column":37},"end":{"line":154,"column":47}},{"start":{"line":154,"column":51},"end":{"line":154,"column":70}}],"line":154},"4":{"loc":{"start":{"line":155,"column":38},"end":{"line":155,"column":75}},"type":"binary-expr","locations":[{"start":{"line":155,"column":38},"end":{"line":155,"column":49}},{"start":{"line":155,"column":53},"end":{"line":155,"column":75}}],"line":155},"5":{"loc":{"start":{"line":167,"column":9},"end":{"line":167,"column":79}},"type":"binary-expr","locations":[{"start":{"line":167,"column":9},"end":{"line":167,"column":19}},{"start":{"line":167,"column":23},"end":{"line":167,"column":79}}],"line":167},"6":{"loc":{"start":{"line":174,"column":2},"end":{"line":174,"column":84}},"type":"if","locations":[{"start":{"line":174,"column":2},"end":{"line":174,"column":84}},{"start":{},"end":{}}],"line":174}},"s":{"0":2,"1":2,"2":2,"3":14,"4":14,"5":14,"6":14,"7":11,"8":14,"9":3,"10":3,"11":3,"12":14,"13":2,"14":2,"15":2,"16":2,"17":0,"18":14,"19":1,"20":1,"21":1,"22":1,"23":14,"24":11,"25":2,"26":1,"27":1,"28":11,"29":11,"30":11,"31":14,"32":14,"33":2,"34":42,"35":1,"36":84,"37":168,"38":14,"39":154,"40":70},"f":{"0":14,"1":11,"2":3,"3":3,"4":2,"5":0,"6":1,"7":11,"8":2,"9":11,"10":2,"11":42,"12":1,"13":84,"14":168,"15":70},"b":{"0":[1,1],"1":[2,0,2],"2":[29,13],"3":[14,12],"4":[14,12],"5":[14,2],"6":[14,154]},"_coverageSchema":"1a1c01bbd47fc00a2c39e90264f33305004495a9","hash":"e39808b5e1b0bf88b98049e769e3fee0b35bc48a"}
,"/Users/sivag/Downloads/UMGC/2026/SUMMER/SWEN661/CareConnect/CareConnect_STML-Desktop/src/renderer/src/pages/app/ShortcutsModal.jsx": {"path":"/Users/sivag/Downloads/UMGC/2026/SUMMER/SWEN661/CareConnect/CareConnect_STML-Desktop/src/renderer/src/pages/app/ShortcutsModal.jsx","statementMap":{"0":{"start":{"line":7,"column":19},"end":{"line":7,"column":82}},"1":{"start":{"line":7,"column":43},"end":{"line":7,"column":81}},"2":{"start":{"line":9,"column":16},"end":{"line":15,"column":1}},"3":{"start":{"line":17,"column":22},"end":{"line":23,"column":1}},"4":{"start":{"line":25,"column":16},"end":{"line":31,"column":1}},"5":{"start":{"line":36,"column":20},"end":{"line":36,"column":32}},"6":{"start":{"line":37,"column":19},"end":{"line":37,"column":31}},"7":{"start":{"line":39,"column":2},"end":{"line":39,"column":89}},"8":{"start":{"line":41,"column":2},"end":{"line":71,"column":4}},"9":{"start":{"line":49,"column":24},"end":{"line":49,"column":43}},"10":{"start":{"line":75,"column":2},"end":{"line":91,"column":4}},"11":{"start":{"line":80,"column":10},"end":{"line":87,"column":15}},"12":{"start":{"line":84,"column":16},"end":{"line":84,"column":53}}},"fnMap":{"0":{"name":"(anonymous_0)","decl":{"start":{"line":7,"column":33},"end":{"line":7,"column":34}},"loc":{"start":{"line":7,"column":43},"end":{"line":7,"column":81}},"line":7},"1":{"name":"ShortcutsModal","decl":{"start":{"line":35,"column":24},"end":{"line":35,"column":38}},"loc":{"start":{"line":35,"column":52},"end":{"line":72,"column":1}},"line":35},"2":{"name":"(anonymous_2)","decl":{"start":{"line":49,"column":17},"end":{"line":49,"column":18}},"loc":{"start":{"line":49,"column":24},"end":{"line":49,"column":43}},"line":49},"3":{"name":"ShortcutGroup","decl":{"start":{"line":74,"column":9},"end":{"line":74,"column":22}},"loc":{"start":{"line":74,"column":40},"end":{"line":92,"column":1}},"line":74},"4":{"name":"(anonymous_4)","decl":{"start":{"line":79,"column":18},"end":{"line":79,"column":19}},"loc":{"start":{"line":80,"column":10},"end":{"line":87,"column":15}},"line":80},"5":{"name":"(anonymous_5)","decl":{"start":{"line":83,"column":24},"end":{"line":83,"column":25}},"loc":{"start":{"line":84,"column":16},"end":{"line":84,"column":53}},"line":84}},"branchMap":{},"s":{"0":4,"1":24,"2":4,"3":4,"4":4,"5":11,"6":11,"7":11,"8":11,"9":2,"10":44,"11":231,"12":396},"f":{"0":24,"1":11,"2":2,"3":44,"4":231,"5":396},"b":{},"_coverageSchema":"1a1c01bbd47fc00a2c39e90264f33305004495a9","hash":"fef8c922363b916450b32f693735e1c3b7171a51"}
,"/Users/sivag/Downloads/UMGC/2026/SUMMER/SWEN661/CareConnect/CareConnect_STML-Desktop/src/shared/ipc.js": {"path":"/Users/sivag/Downloads/UMGC/2026/SUMMER/SWEN661/CareConnect/CareConnect_STML-Desktop/src/shared/ipc.js","statementMap":{"0":{"start":{"line":6,"column":19},"end":{"line":13,"column":1}},"1":{"start":{"line":17,"column":28},"end":{"line":26,"column":1}}},"fnMap":{},"branchMap":{},"s":{"0":29,"1":29},"f":{},"b":{},"_coverageSchema":"1a1c01bbd47fc00a2c39e90264f33305004495a9","hash":"618e35a3aef9a4e88b23ee777d5eee5f85ca146a"}
,"/Users/sivag/Downloads/UMGC/2026/SUMMER/SWEN661/CareConnect/CareConnect_STML-Desktop/src/shared/routes.js": {"path":"/Users/sivag/Downloads/UMGC/2026/SUMMER/SWEN661/CareConnect/CareConnect_STML-Desktop/src/shared/routes.js","statementMap":{"0":{"start":{"line":5,"column":22},"end":{"line":17,"column":1}}},"fnMap":{},"branchMap":{},"s":{"0":5},"f":{},"b":{},"_coverageSchema":"1a1c01bbd47fc00a2c39e90264f33305004495a9","hash":"9acec11ee65cb163ac8c412152c72e53e1224ffe"}
}
