TN:
SF:src/renderer/src/App.jsx
FN:17,App
FN:22,(anonymous_1)
FN:27,(anonymous_2)
FN:29,(anonymous_3)
FNF:4
FNH:3
FNDA:22,App
FNDA:10,(anonymous_1)
FNDA:11,(anonymous_2)
FNDA:0,(anonymous_3)
DA:18,22
DA:19,22
DA:22,22
DA:23,10
DA:27,22
DA:28,11
DA:29,11
DA:30,11
DA:33,22
LF:9
LH:9
BRDA:28,0,0,0
BRDA:28,0,1,11
BRF:2
BRH:1
end_of_record
TN:
SF:src/renderer/src/lib/accessibility.js
FN:26,useRouteAccessibility
FN:30,(anonymous_1)
FN:37,(anonymous_2)
FN:44,useModalAccessibility
FN:45,(anonymous_4)
FN:49,(anonymous_5)
FN:53,(anonymous_6)
FN:63,(anonymous_7)
FN:82,(anonymous_8)
FN:96,handleArrowNavigation
FN:103,(anonymous_10)
FNF:11
FNH:11
FNDA:26,useRouteAccessibility
FNDA:13,(anonymous_1)
FNDA:13,(anonymous_2)
FNDA:174,useModalAccessibility
FNDA:41,(anonymous_4)
FNDA:39,(anonymous_5)
FNDA:142,(anonymous_6)
FNDA:10,(anonymous_7)
FNDA:41,(anonymous_8)
FNDA:10,handleArrowNavigation
FNDA:24,(anonymous_10)
DA:4,10
DA:13,10
DA:27,26
DA:28,26
DA:30,26
DA:31,13
DA:32,13
DA:33,13
DA:35,13
DA:36,13
DA:37,13
DA:41,26
DA:45,174
DA:46,41
DA:47,41
DA:49,41
DA:50,39
DA:53,41
DA:54,142
DA:55,5
DA:56,5
DA:57,5
DA:60,137
DA:62,5
DA:63,10
DA:65,5
DA:67,4
DA:68,4
DA:69,4
DA:71,4
DA:72,2
DA:73,2
DA:74,2
DA:75,2
DA:76,2
DA:80,41
DA:82,41
DA:83,41
DA:84,41
DA:97,10
DA:98,10
DA:99,10
DA:101,9
DA:103,24
DA:104,9
DA:106,8
DA:107,8
DA:108,8
DA:109,7
DA:110,6
DA:111,2
DA:112,2
DA:115,8
DA:116,8
DA:117,8
LF:55
LH:55
BRDA:31,0,0,13
BRDA:31,0,1,1
BRDA:36,1,0,13
BRDA:36,1,1,0
BRDA:54,2,0,5
BRDA:54,2,1,137
BRDA:60,3,0,132
BRDA:60,3,1,5
BRDA:60,4,0,137
BRDA:60,4,1,5
BRDA:63,5,0,10
BRDA:63,5,1,10
BRDA:65,6,0,1
BRDA:65,6,1,4
BRDA:71,7,0,2
BRDA:71,7,1,2
BRDA:71,8,0,4
BRDA:71,8,1,2
BRDA:74,9,0,2
BRDA:74,9,1,0
BRDA:74,10,0,2
BRDA:74,10,1,2
BRDA:84,11,0,41
BRDA:84,11,1,0
BRDA:96,12,0,0
BRDA:97,13,0,6
BRDA:97,13,1,4
BRDA:98,14,0,6
BRDA:98,14,1,4
BRDA:99,15,0,1
BRDA:99,15,1,9
BRDA:104,16,0,1
BRDA:104,16,1,8
BRDA:108,17,0,1
BRDA:108,17,1,7
BRDA:109,18,0,1
BRDA:109,18,1,6
BRDA:110,19,0,4
BRDA:110,19,1,2
BRDA:110,20,0,0
BRDA:110,20,1,4
BRDA:111,21,0,2
BRDA:111,21,1,0
BRDA:112,22,0,0
BRDA:112,22,1,2
BRDA:115,23,0,8
BRDA:115,23,1,0
BRF:47
BRH:39
end_of_record
TN:
SF:src/renderer/src/lib/appEvents.js
FN:9,emitNew
FN:14,onNew
FN:15,(anonymous_2)
FN:17,(anonymous_3)
FNF:4
FNH:4
FNDA:7,emitNew
FNDA:58,onNew
FNDA:6,(anonymous_2)
FNDA:58,(anonymous_3)
DA:7,9
DA:10,7
DA:15,58
DA:16,58
DA:17,58
LF:5
LH:5
BRF:0
BRH:0
end_of_record
TN:
SF:src/renderer/src/lib/auth.js
FN:21,readAccounts
FN:31,writeAccounts
FN:35,normalizeEmail
FN:39,findAccount
FN:42,(anonymous_4)
FN:49,createAccount
FN:69,updatePassword
FN:80,(anonymous_7)
FN:90,verifyPassword
FN:96,verifyPin
FN:103,setSession
FN:107,getSession
FN:111,clearSession
FN:118,setMode
FN:122,getMode
FN:126,getCurrentUser
FN:132,signInWithPin
FN:140,signInWithPassword
FNF:18
FNH:18
FNDA:29,readAccounts
FNDA:8,writeAccounts
FNDA:118,normalizeEmail
FNDA:85,findAccount
FNDA:8,(anonymous_4)
FNDA:10,createAccount
FNDA:6,updatePassword
FNDA:1,(anonymous_7)
FNDA:9,verifyPassword
FNDA:8,verifyPin
FNDA:11,setSession
FNDA:160,getSession
FNDA:4,clearSession
FNDA:7,setMode
FNDA:6,getMode
FNDA:150,getCurrentUser
FNDA:6,signInWithPin
FNDA:4,signInWithPassword
DA:7,10
DA:8,10
DA:9,10
DA:11,10
DA:19,10
DA:22,29
DA:23,29
DA:24,29
DA:25,28
DA:27,1
DA:32,8
DA:36,118
DA:40,85
DA:41,85
DA:42,19
DA:50,10
DA:51,3
DA:53,7
DA:54,7
DA:61,7
DA:62,7
DA:70,6
DA:74,6
DA:75,3
DA:76,3
DA:79,3
DA:80,3
DA:81,3
DA:82,2
DA:84,1
DA:85,1
DA:86,1
DA:91,9
DA:92,9
DA:97,8
DA:104,11
DA:108,160
DA:112,4
DA:113,4
DA:119,7
DA:123,6
DA:127,150
DA:128,150
DA:133,6
DA:134,4
DA:135,4
DA:136,4
DA:141,4
DA:142,2
DA:143,2
DA:144,2
LF:51
LH:51
BRDA:24,0,0,11
BRDA:24,0,1,18
BRDA:25,1,0,27
BRDA:25,1,1,1
BRDA:36,2,0,118
BRDA:36,2,1,0
BRDA:41,3,0,66
BRDA:41,3,1,19
BRDA:42,4,0,19
BRDA:42,4,1,11
BRDA:50,5,0,3
BRDA:50,5,1,7
BRDA:74,6,0,3
BRDA:74,6,1,3
BRDA:81,7,0,2
BRDA:81,7,1,1
BRDA:92,8,0,9
BRDA:92,8,1,8
BRDA:123,9,0,6
BRDA:123,9,1,2
BRDA:128,10,0,59
BRDA:128,10,1,91
BRDA:133,11,0,2
BRDA:133,11,1,4
BRDA:141,12,0,2
BRDA:141,12,1,2
BRF:26
BRH:25
end_of_record
TN:
SF:src/renderer/src/lib/journal.js
FN:14,moodEmoji
FN:15,(anonymous_1)
FN:54,makeId
FN:59,loadEntries
FN:70,saveEntries
FN:79,makeEntry
FNF:6
FNH:6
FNDA:244,moodEmoji
FNDA:569,(anonymous_1)
FNDA:4,makeId
FNDA:16,loadEntries
FNDA:14,saveEntries
FNDA:4,makeEntry
DA:3,3
DA:6,3
DA:15,569
DA:18,3
DA:55,4
DA:60,16
DA:61,16
DA:62,15
DA:66,15
DA:71,14
DA:80,4
DA:81,4
LF:12
LH:12
BRDA:15,0,0,244
BRDA:15,0,1,1
BRDA:62,1,0,1
BRDA:62,1,1,14
BRDA:62,2,0,15
BRDA:62,2,1,2
BRDA:85,3,0,4
BRDA:85,3,1,1
BRF:8
BRH:8
end_of_record
TN:
SF:src/renderer/src/lib/meds.js
FN:21,todayIndex
FN:53,makeId
FN:58,loadMeds
FN:69,saveMeds
FN:78,makeMed
FNF:5
FNH:5
FNDA:19,todayIndex
FNDA:3,makeId
FNDA:12,loadMeds
FNDA:15,saveMeds
FNDA:3,makeMed
DA:10,3
DA:12,3
DA:14,3
DA:17,3
DA:22,19
DA:25,3
DA:54,3
DA:59,12
DA:60,12
DA:61,11
DA:65,9
DA:70,15
DA:79,3
LF:13
LH:13
BRDA:21,0,0,17
BRDA:61,1,0,3
BRDA:61,1,1,8
BRDA:61,2,0,11
BRDA:61,2,1,3
BRDA:82,3,0,3
BRDA:82,3,1,1
BRDA:82,4,0,3
BRDA:82,4,1,1
BRDA:83,5,0,3
BRDA:83,5,1,2
BRDA:84,6,0,3
BRDA:84,6,1,1
BRF:13
BRH:13
end_of_record
TN:
SF:src/renderer/src/lib/nav.js
FN:17,(anonymous_0)
FNF:1
FNH:1
FNDA:24,(anonymous_0)
DA:6,4
DA:16,4
DA:17,24
DA:20,4
LF:4
LH:4
BRF:0
BRH:0
end_of_record
TN:
SF:src/renderer/src/lib/reminders.js
FN:37,makeId
FN:42,loadReminders
FN:53,saveReminders
FN:61,makeReminder
FN:74,timeToMinutes
FN:86,minutesToTime
FNF:6
FNH:6
FNDA:4,makeId
FNDA:22,loadReminders
FNDA:25,saveReminders
FNDA:4,makeReminder
FNDA:1176,timeToMinutes
FNDA:7,minutesToTime
DA:4,3
DA:6,3
DA:9,3
DA:17,3
DA:19,3
DA:31,3
DA:38,4
DA:43,22
DA:44,22
DA:45,21
DA:49,20
DA:54,25
DA:62,4
DA:75,1176
DA:76,1176
DA:77,1174
DA:78,1174
DA:79,1174
DA:80,1174
DA:81,1174
DA:82,1174
DA:87,7
DA:88,7
DA:89,7
DA:90,7
DA:91,7
DA:92,7
LF:27
LH:27
BRDA:45,0,0,2
BRDA:45,0,1,19
BRDA:45,1,0,21
BRDA:45,1,1,2
BRDA:65,2,0,4
BRDA:65,2,1,1
BRDA:66,3,0,4
BRDA:66,3,1,1
BRDA:67,4,0,4
BRDA:67,4,1,1
BRDA:75,5,0,1176
BRDA:75,5,1,1
BRDA:76,6,0,2
BRDA:76,6,1,1174
BRDA:80,7,0,672
BRDA:80,7,1,502
BRDA:80,8,0,1174
BRDA:80,8,1,773
BRDA:81,9,0,1
BRDA:81,9,1,1173
BRDA:81,10,0,1174
BRDA:81,10,1,401
BRDA:90,11,0,4
BRDA:90,11,1,3
BRDA:91,12,0,3
BRDA:91,12,1,4
BRF:26
BRH:26
end_of_record
TN:
SF:src/renderer/src/lib/settings.js
FN:16,loadSettings
FN:26,saveSettings
FN:35,applySettings
FNF:3
FNH:3
FNDA:78,loadSettings
FNDA:11,saveSettings
FNDA:33,applySettings
DA:4,6
DA:6,6
DA:13,6
DA:14,6
DA:17,78
DA:18,78
DA:19,78
DA:23,64
DA:27,11
DA:36,33
DA:37,33
DA:38,33
LF:12
LH:12
BRDA:19,0,0,14
BRDA:19,0,1,64
BRDA:19,1,0,78
BRDA:19,1,1,14
BRF:4
BRH:4
end_of_record
TN:
SF:src/renderer/src/lib/tasks.js
FN:20,makeId
FN:25,loadTasks
FN:30,(anonymous_2)
FN:39,saveTasks
FN:47,makeTask
FNF:5
FNH:5
FNDA:6,makeId
FNDA:33,loadTasks
FNDA:16,(anonymous_2)
FNDA:40,saveTasks
FNDA:5,makeTask
DA:9,5
DA:11,5
DA:21,6
DA:26,33
DA:27,33
DA:28,32
DA:30,16
DA:35,28
DA:40,40
DA:48,5
LF:10
LH:10
BRDA:28,0,0,5
BRDA:28,0,1,27
BRDA:28,1,0,32
BRDA:28,1,1,5
BRDA:30,2,0,15
BRDA:30,2,1,1
BRDA:51,3,0,5
BRDA:51,3,1,2
BRDA:52,4,0,5
BRDA:52,4,1,2
BRDA:53,5,0,5
BRDA:53,5,1,2
BRDA:54,6,0,5
BRDA:54,6,1,4
BRF:14
BRH:14
end_of_record
TN:
SF:src/renderer/src/pages/ForgotPassword.jsx
FN:7,ForgotPassword
FN:18,(anonymous_1)
FN:32,(anonymous_2)
FN:72,(anonymous_3)
FN:87,(anonymous_4)
FN:95,(anonymous_5)
FN:95,(anonymous_6)
FN:111,(anonymous_7)
FNF:8
FNH:8
FNDA:190,ForgotPassword
FNDA:5,(anonymous_1)
FNDA:1,(anonymous_2)
FNDA:90,(anonymous_3)
FNDA:45,(anonymous_4)
FNDA:1,(anonymous_5)
FNDA:1,(anonymous_6)
FNDA:38,(anonymous_7)
DA:5,2
DA:8,190
DA:9,190
DA:11,190
DA:12,190
DA:13,190
DA:14,190
DA:15,190
DA:16,190
DA:18,190
DA:19,5
DA:20,5
DA:22,5
DA:23,4
DA:24,3
DA:26,2
DA:27,2
DA:30,1
DA:31,1
DA:32,1
DA:37,190
DA:72,90
DA:87,45
DA:95,1
DA:111,38
LF:25
LH:25
BRDA:11,0,0,190
BRDA:11,0,1,189
BRDA:22,1,0,1
BRDA:22,1,1,4
BRDA:23,2,0,1
BRDA:23,2,1,3
BRDA:24,3,0,1
BRDA:24,3,1,2
BRDA:27,4,0,1
BRDA:27,4,1,1
BRDA:50,5,0,190
BRDA:50,5,1,4
BRDA:57,6,0,190
BRDA:57,6,1,1
BRDA:83,7,0,1
BRDA:83,7,1,189
BRDA:97,8,0,1
BRDA:97,8,1,189
BRDA:107,9,0,1
BRDA:107,9,1,189
BRF:20
BRH:20
end_of_record
TN:
SF:src/renderer/src/pages/Landing.jsx
FN:36,Landing
FN:37,(anonymous_1)
FN:37,(anonymous_2)
FN:137,(anonymous_3)
FNF:4
FNH:4
FNDA:7,Landing
FNDA:42,(anonymous_1)
FNDA:2,(anonymous_2)
FNDA:42,(anonymous_3)
DA:3,2
DA:37,42
DA:38,2
DA:39,2
DA:42,7
DA:138,42
LF:6
LH:6
BRF:0
BRH:0
end_of_record
TN:
SF:src/renderer/src/pages/Login.jsx
FN:8,Login
FN:15,(anonymous_1)
FN:17,(anonymous_2)
FN:23,(anonymous_3)
FN:54,(anonymous_4)
FN:67,(anonymous_5)
FN:85,PinPanel
FN:90,(anonymous_7)
FN:93,(anonymous_8)
FN:96,(anonymous_9)
FN:103,(anonymous_10)
FN:105,(anonymous_11)
FN:115,(anonymous_12)
FN:117,(anonymous_13)
FN:121,(anonymous_14)
FN:122,(anonymous_15)
FN:127,(anonymous_16)
FN:135,(anonymous_17)
FN:145,(anonymous_18)
FN:146,(anonymous_19)
FN:149,(anonymous_20)
FN:158,PasswordPanel
FN:166,(anonymous_22)
FN:196,(anonymous_23)
FN:210,(anonymous_24)
FN:218,(anonymous_25)
FN:218,(anonymous_26)
FN:233,(anonymous_27)
FNF:28
FNH:26
FNDA:30,Login
FNDA:13,(anonymous_1)
FNDA:29,(anonymous_2)
FNDA:9,(anonymous_3)
FNDA:0,(anonymous_4)
FNDA:8,(anonymous_5)
FNDA:41,PinPanel
FNDA:4,(anonymous_7)
FNDA:1,(anonymous_8)
FNDA:1,(anonymous_9)
FNDA:17,(anonymous_10)
FNDA:17,(anonymous_11)
FNDA:1,(anonymous_12)
FNDA:1,(anonymous_13)
FNDA:17,(anonymous_14)
FNDA:7,(anonymous_15)
FNDA:17,(anonymous_16)
FNDA:164,(anonymous_17)
FNDA:369,(anonymous_18)
FNDA:13,(anonymous_19)
FNDA:0,(anonymous_20)
FNDA:33,PasswordPanel
FNDA:3,(anonymous_22)
FNDA:1,(anonymous_23)
FNDA:15,(anonymous_24)
FNDA:3,(anonymous_25)
FNDA:3,(anonymous_26)
FNDA:1,(anonymous_27)
DA:6,3
DA:9,30
DA:10,30
DA:11,30
DA:12,30
DA:13,30
DA:15,30
DA:17,30
DA:18,29
DA:19,29
DA:22,30
DA:24,9
DA:25,5
DA:26,5
DA:27,4
DA:28,3
DA:33,30
DA:54,0
DA:67,8
DA:86,41
DA:87,41
DA:89,41
DA:91,4
DA:92,3
DA:93,3
DA:95,1
DA:96,1
DA:102,41
DA:104,17
DA:105,17
DA:106,17
DA:107,17
DA:108,17
DA:109,17
DA:115,41
DA:116,1
DA:117,1
DA:121,41
DA:122,17
DA:123,7
DA:124,3
DA:126,17
DA:127,17
DA:130,41
DA:136,164
DA:146,369
DA:149,0
DA:161,33
DA:162,33
DA:163,33
DA:164,33
DA:166,33
DA:167,3
DA:168,3
DA:169,3
DA:170,1
DA:171,1
DA:173,2
DA:174,1
DA:176,1
DA:180,33
DA:196,1
DA:210,15
DA:218,3
DA:234,1
DA:235,1
LF:66
LH:64
BRDA:11,0,0,1
BRDA:11,0,1,29
BRDA:18,1,0,17
BRDA:18,1,1,12
BRDA:24,2,0,4
BRDA:24,2,1,5
BRDA:26,3,0,1
BRDA:26,3,1,4
BRDA:27,4,0,1
BRDA:27,4,1,3
BRDA:28,5,0,2
BRDA:28,5,1,1
BRDA:49,6,0,18
BRDA:49,6,1,12
BRDA:51,7,0,18
BRDA:51,7,1,12
BRDA:62,8,0,12
BRDA:62,8,1,18
BRDA:64,9,0,12
BRDA:64,9,1,18
BRDA:74,10,0,18
BRDA:74,10,1,12
BRDA:77,11,0,12
BRDA:77,11,1,12
BRDA:91,12,0,3
BRDA:91,12,1,1
BRDA:106,13,0,0
BRDA:106,13,1,17
BRDA:108,14,0,4
BRDA:108,14,1,13
BRDA:123,15,0,4
BRDA:123,15,1,3
BRDA:123,16,0,7
BRDA:123,16,1,7
BRDA:124,17,0,0
BRDA:124,17,1,3
BRDA:136,18,0,59
BRDA:136,18,1,105
BRDA:140,19,0,3
BRDA:140,19,1,38
BRDA:140,20,0,6
BRDA:140,20,1,35
BRDA:144,21,0,41
BRDA:144,21,1,0
BRDA:161,22,0,33
BRDA:161,22,1,33
BRDA:162,23,0,0
BRDA:162,23,1,33
BRDA:169,24,0,1
BRDA:169,24,1,2
BRDA:169,25,0,3
BRDA:169,25,1,2
BRDA:173,26,0,1
BRDA:173,26,1,1
BRDA:182,27,0,33
BRDA:182,27,1,2
BRDA:207,28,0,2
BRDA:207,28,1,31
BRDA:220,29,0,2
BRDA:220,29,1,31
BRF:60
BRH:56
end_of_record
TN:
SF:src/renderer/src/pages/Register.jsx
FN:7,Register
FN:21,(anonymous_1)
FN:21,(anonymous_2)
FN:23,(anonymous_3)
FN:26,(anonymous_4)
FN:47,(anonymous_5)
FN:149,(anonymous_6)
FN:149,(anonymous_7)
FNF:8
FNH:8
FNDA:332,Register
FNDA:2324,(anonymous_1)
FNDA:310,(anonymous_2)
FNDA:310,(anonymous_3)
FNDA:8,(anonymous_4)
FNDA:1,(anonymous_5)
FNDA:1,(anonymous_6)
FNDA:1,(anonymous_7)
DA:5,2
DA:8,332
DA:9,332
DA:17,332
DA:18,332
DA:19,332
DA:21,2324
DA:22,310
DA:23,310
DA:26,332
DA:27,8
DA:28,8
DA:30,8
DA:31,7
DA:32,6
DA:33,5
DA:34,4
DA:37,3
DA:43,3
DA:45,2
DA:46,2
DA:47,1
DA:52,332
DA:149,1
LF:24
LH:24
BRDA:22,0,0,3
BRDA:22,0,1,307
BRDA:30,1,0,1
BRDA:30,1,1,7
BRDA:31,2,0,1
BRDA:31,2,1,6
BRDA:32,3,0,1
BRDA:32,3,1,5
BRDA:33,4,0,1
BRDA:33,4,1,4
BRDA:34,5,0,1
BRDA:34,5,1,3
BRDA:43,6,0,1
BRDA:43,6,1,2
BRDA:65,7,0,332
BRDA:65,7,1,6
BRDA:72,8,0,332
BRDA:72,8,1,2
BRDA:137,9,0,1
BRDA:137,9,1,331
BRDA:151,10,0,1
BRDA:151,10,1,331
BRDA:161,11,0,1
BRDA:161,11,1,331
BRF:24
BRH:24
end_of_record
TN:
SF:src/renderer/src/pages/app/AddMedicationModal.jsx
FN:11,AddMedicationModal
FN:21,(anonymous_1)
FN:33,(anonymous_2)
FN:34,(anonymous_3)
FN:41,(anonymous_4)
FN:55,(anonymous_5)
FN:66,(anonymous_6)
FN:87,(anonymous_7)
FN:98,(anonymous_8)
FN:110,(anonymous_9)
FN:120,(anonymous_10)
FNF:11
FNH:9
FNDA:37,AddMedicationModal
FNDA:3,(anonymous_1)
FNDA:36,(anonymous_2)
FNDA:30,(anonymous_3)
FNDA:36,(anonymous_4)
FNDA:5,(anonymous_5)
FNDA:3,(anonymous_6)
FNDA:18,(anonymous_7)
FNDA:11,(anonymous_8)
FNDA:0,(anonymous_9)
FNDA:0,(anonymous_10)
DA:12,37
DA:13,37
DA:14,37
DA:15,37
DA:16,37
DA:18,37
DA:19,37
DA:21,37
DA:22,3
DA:23,1
DA:24,1
DA:25,1
DA:27,2
DA:28,2
DA:31,37
DA:33,37
DA:34,36
DA:35,30
DA:36,0
DA:37,0
DA:40,36
DA:41,36
DA:44,37
DA:55,5
DA:67,3
DA:68,3
DA:87,18
DA:98,11
DA:110,0
DA:120,0
LF:30
LH:26
BRDA:22,0,0,1
BRDA:22,0,1,2
BRDA:35,1,0,0
BRDA:35,1,1,30
BRDA:35,2,0,30
BRDA:35,2,1,30
BRDA:35,2,2,0
BRDA:72,3,0,37
BRDA:72,3,1,1
BRF:9
BRH:7
end_of_record
TN:
SF:src/renderer/src/pages/app/AddTaskModal.jsx
FN:7,defaultDate
FN:11,defaultTime
FN:21,AddTaskModal
FN:32,(anonymous_3)
FN:51,(anonymous_4)
FN:52,(anonymous_5)
FN:59,(anonymous_6)
FN:73,(anonymous_7)
FN:84,(anonymous_8)
FN:105,(anonymous_9)
FN:116,(anonymous_10)
FN:125,(anonymous_11)
FN:133,(anonymous_12)
FN:140,(anonymous_13)
FN:154,(anonymous_14)
FNF:15
FNH:13
FNDA:119,defaultDate
FNDA:119,defaultTime
FNDA:119,AddTaskModal
FNDA:6,(anonymous_3)
FNDA:118,(anonymous_4)
FNDA:103,(anonymous_5)
FNDA:118,(anonymous_6)
FNDA:13,(anonymous_7)
FNDA:5,(anonymous_8)
FNDA:86,(anonymous_9)
FNDA:0,(anonymous_10)
FNDA:0,(anonymous_11)
FNDA:476,(anonymous_12)
FNDA:2,(anonymous_13)
FNDA:14,(anonymous_14)
DA:4,4
DA:8,119
DA:12,119
DA:22,119
DA:23,119
DA:24,119
DA:25,119
DA:26,119
DA:27,119
DA:29,119
DA:30,119
DA:32,119
DA:33,6
DA:34,1
DA:35,1
DA:36,1
DA:38,5
DA:46,5
DA:49,119
DA:51,119
DA:52,118
DA:53,103
DA:54,1
DA:55,1
DA:58,118
DA:59,118
DA:62,119
DA:73,13
DA:85,5
DA:86,5
DA:105,86
DA:116,0
DA:125,0
DA:134,476
DA:140,2
DA:154,14
LF:36
LH:34
BRDA:33,0,0,1
BRDA:33,0,1,5
BRDA:53,1,0,1
BRDA:53,1,1,102
BRDA:53,2,0,103
BRDA:53,2,1,101
BRDA:53,2,2,2
BRDA:90,3,0,119
BRDA:90,3,1,1
BRDA:139,4,0,119
BRDA:139,4,1,357
BRF:11
BRH:11
end_of_record
TN:
SF:src/renderer/src/pages/app/AppShell.jsx
FN:12,shortName
FN:17,AppShell
FN:24,(anonymous_2)
FN:30,(anonymous_3)
FN:32,(anonymous_4)
FN:37,(anonymous_5)
FN:45,(anonymous_6)
FN:52,(anonymous_7)
FN:58,(anonymous_8)
FN:59,(anonymous_9)
FN:62,(anonymous_10)
FN:84,(anonymous_11)
FN:100,(anonymous_12)
FN:104,(anonymous_13)
FN:106,(anonymous_14)
FN:108,(anonymous_15)
FN:113,(anonymous_16)
FN:115,(anonymous_17)
FN:136,(anonymous_18)
FN:143,(anonymous_19)
FN:145,(anonymous_20)
FN:150,(anonymous_21)
FN:170,(anonymous_22)
FN:172,(anonymous_23)
FN:177,(anonymous_24)
FN:198,(anonymous_25)
FNF:26
FNH:24
FNDA:40,shortName
FNDA:40,AppShell
FNDA:3,(anonymous_2)
FNDA:1,(anonymous_3)
FNDA:1,(anonymous_4)
FNDA:4,(anonymous_5)
FNDA:3,(anonymous_6)
FNDA:2,(anonymous_7)
FNDA:25,(anonymous_8)
FNDA:21,(anonymous_9)
FNDA:1,(anonymous_10)
FNDA:1,(anonymous_11)
FNDA:25,(anonymous_12)
FNDA:28,(anonymous_13)
FNDA:1,(anonymous_14)
FNDA:4,(anonymous_15)
FNDA:25,(anonymous_16)
FNDA:7,(anonymous_17)
FNDA:1,(anonymous_18)
FNDA:0,(anonymous_19)
FNDA:240,(anonymous_20)
FNDA:234,(anonymous_21)
FNDA:0,(anonymous_22)
FNDA:240,(anonymous_23)
FNDA:234,(anonymous_24)
FNDA:1,(anonymous_25)
DA:13,40
DA:14,40
DA:18,40
DA:19,40
DA:20,40
DA:21,40
DA:22,40
DA:24,40
DA:25,3
DA:26,3
DA:30,40
DA:31,1
DA:32,1
DA:37,40
DA:38,4
DA:39,4
DA:40,4
DA:41,4
DA:42,4
DA:45,40
DA:46,3
DA:47,3
DA:48,3
DA:49,3
DA:52,40
DA:58,40
DA:59,25
DA:60,21
DA:61,1
DA:62,1
DA:63,1
DA:65,20
DA:66,1
DA:67,1
DA:68,1
DA:70,19
DA:71,1
DA:72,1
DA:73,1
DA:75,18
DA:76,2
DA:77,2
DA:78,2
DA:80,16
DA:81,14
DA:82,14
DA:83,1
DA:84,1
DA:85,13
DA:86,1
DA:87,1
DA:88,12
DA:89,1
DA:90,1
DA:91,11
DA:92,1
DA:93,1
DA:94,10
DA:95,2
DA:96,2
DA:99,25
DA:100,25
DA:104,40
DA:105,28
DA:106,4
DA:107,4
DA:108,4
DA:113,40
DA:114,25
DA:115,25
DA:116,7
DA:117,7
DA:118,7
DA:119,7
DA:120,7
DA:121,7
DA:122,7
DA:123,7
DA:127,40
DA:134,40
DA:136,1
DA:143,0
DA:146,240
DA:150,234
DA:170,0
DA:173,240
DA:177,234
DA:198,1
LF:88
LH:86
BRDA:13,0,0,40
BRDA:13,0,1,0
BRDA:14,1,0,39
BRDA:14,1,1,1
BRDA:60,2,0,1
BRDA:60,2,1,20
BRDA:65,3,0,1
BRDA:65,3,1,19
BRDA:70,4,0,1
BRDA:70,4,1,18
BRDA:70,5,0,19
BRDA:70,5,1,17
BRDA:70,5,2,17
BRDA:70,5,3,16
BRDA:75,6,0,2
BRDA:75,6,1,16
BRDA:75,7,0,18
BRDA:75,7,1,16
BRDA:75,7,2,16
BRDA:75,7,3,14
BRDA:80,8,0,2
BRDA:80,8,1,14
BRDA:80,9,0,16
BRDA:80,9,1,2
BRDA:82,10,0,1
BRDA:82,10,1,13
BRDA:85,11,0,1
BRDA:85,11,1,12
BRDA:85,12,0,13
BRDA:85,12,1,12
BRDA:88,13,0,1
BRDA:88,13,1,11
BRDA:88,14,0,12
BRDA:88,14,1,11
BRDA:91,15,0,1
BRDA:91,15,1,10
BRDA:91,16,0,11
BRDA:91,16,1,10
BRDA:94,17,0,2
BRDA:94,17,1,8
BRDA:105,18,0,24
BRDA:105,18,1,4
BRDA:106,19,0,1
BRDA:106,19,1,1
BRDA:114,20,0,0
BRDA:114,20,1,25
BRDA:116,21,0,2
BRDA:116,21,1,5
BRDA:117,22,0,1
BRDA:117,22,1,6
BRDA:118,23,0,0
BRDA:118,23,1,7
BRDA:119,24,0,0
BRDA:119,24,1,7
BRDA:120,25,0,1
BRDA:120,25,1,6
BRDA:121,26,0,1
BRDA:121,26,1,6
BRDA:122,27,0,1
BRDA:122,27,1,6
BRDA:123,28,0,1
BRDA:123,28,1,6
BRDA:150,29,0,39
BRDA:150,29,1,195
BRDA:159,30,0,1
BRDA:159,30,1,39
BRDA:177,31,0,39
BRDA:177,31,1,195
BRDA:186,32,0,1
BRDA:186,32,1,39
BRDA:198,33,0,40
BRDA:198,33,1,5
BRF:72
BRH:68
end_of_record
TN:
SF:src/renderer/src/pages/app/CaregiverDashboard.jsx
FN:17,CaregiverDashboard
FN:27,(anonymous_1)
FN:32,(anonymous_2)
FN:35,(anonymous_3)
FN:36,(anonymous_4)
FN:39,(anonymous_5)
FN:40,(anonymous_6)
FN:40,(anonymous_7)
FN:42,(anonymous_8)
FN:45,(anonymous_9)
FN:46,(anonymous_10)
FN:53,(anonymous_11)
FN:57,(anonymous_12)
FN:59,(anonymous_13)
FN:80,(anonymous_14)
FN:93,(anonymous_15)
FN:97,(anonymous_16)
FN:113,(anonymous_17)
FN:128,(anonymous_18)
FNF:19
FNH:18
FNDA:14,CaregiverDashboard
FNDA:10,(anonymous_1)
FNDA:4,(anonymous_2)
FNDA:1,(anonymous_3)
FNDA:1,(anonymous_4)
FNDA:1,(anonymous_5)
FNDA:1,(anonymous_6)
FNDA:6,(anonymous_7)
FNDA:1,(anonymous_8)
FNDA:8,(anonymous_9)
FNDA:21,(anonymous_10)
FNDA:8,(anonymous_11)
FNDA:8,(anonymous_12)
FNDA:85,(anonymous_13)
FNDA:56,(anonymous_14)
FNDA:85,(anonymous_15)
FNDA:1,(anonymous_16)
FNDA:0,(anonymous_17)
FNDA:1,(anonymous_18)
DA:8,2
DA:10,2
DA:18,14
DA:19,14
DA:20,14
DA:23,14
DA:24,14
DA:27,14
DA:28,10
DA:32,14
DA:35,14
DA:36,1
DA:39,14
DA:40,6
DA:42,14
DA:45,14
DA:46,8
DA:47,21
DA:48,1
DA:49,1
DA:52,8
DA:53,8
DA:57,14
DA:59,85
DA:61,14
DA:81,56
DA:94,85
DA:97,1
DA:113,0
DA:128,1
LF:30
LH:29
BRDA:24,0,0,14
BRDA:24,0,1,0
BRDA:40,1,0,1
BRDA:40,1,1,5
BRDA:47,2,0,1
BRDA:47,2,1,20
BRDA:47,3,0,21
BRDA:47,3,1,19
BRDA:47,3,2,2
BRDA:69,4,0,0
BRDA:69,4,1,14
BRDA:94,5,0,29
BRDA:94,5,1,56
BRDA:99,6,0,29
BRDA:99,6,1,56
BRDA:101,7,0,29
BRDA:101,7,1,56
BRDA:127,8,0,14
BRDA:127,8,1,4
BRF:19
BRH:17
end_of_record
TN:
SF:src/renderer/src/pages/app/DailyPlan.jsx
FN:9,(anonymous_0)
FN:10,(anonymous_1)
FN:11,(anonymous_2)
FN:12,(anonymous_3)
FN:24,toMinutes
FN:41,DailyPlan
FN:46,(anonymous_6)
FN:50,(anonymous_7)
FN:51,(anonymous_8)
FN:51,(anonymous_9)
FN:52,(anonymous_10)
FN:53,(anonymous_11)
FN:53,(anonymous_12)
FN:56,(anonymous_13)
FN:57,(anonymous_14)
FN:64,(anonymous_15)
FN:68,(anonymous_16)
FN:71,(anonymous_17)
FN:72,(anonymous_18)
FN:73,(anonymous_19)
FN:76,(anonymous_20)
FN:77,(anonymous_21)
FN:81,(anonymous_22)
FN:103,(anonymous_23)
FN:117,(anonymous_24)
FN:121,(anonymous_25)
FN:145,(anonymous_26)
FNF:27
FNH:27
FNDA:75,(anonymous_0)
FNDA:75,(anonymous_1)
FNDA:75,(anonymous_2)
FNDA:75,(anonymous_3)
FNDA:75,toMinutes
FNDA:21,DailyPlan
FNDA:14,(anonymous_6)
FNDA:5,(anonymous_7)
FNDA:1,(anonymous_8)
FNDA:1,(anonymous_9)
FNDA:1,(anonymous_10)
FNDA:1,(anonymous_11)
FNDA:6,(anonymous_12)
FNDA:12,(anonymous_13)
FNDA:21,(anonymous_14)
FNDA:12,(anonymous_15)
FNDA:12,(anonymous_16)
FNDA:14,(anonymous_17)
FNDA:75,(anonymous_18)
FNDA:56,(anonymous_19)
FNDA:300,(anonymous_20)
FNDA:39,(anonymous_21)
FNDA:117,(anonymous_22)
FNDA:84,(anonymous_23)
FNDA:117,(anonymous_24)
FNDA:1,(anonymous_25)
FNDA:1,(anonymous_26)
DA:8,2
DA:9,75
DA:10,75
DA:11,75
DA:12,75
DA:16,2
DA:25,75
DA:26,75
DA:27,74
DA:28,74
DA:29,74
DA:30,74
DA:31,74
DA:32,74
DA:42,21
DA:43,21
DA:46,21
DA:47,14
DA:50,21
DA:51,21
DA:52,21
DA:53,6
DA:56,21
DA:57,12
DA:58,21
DA:59,1
DA:60,1
DA:63,12
DA:64,12
DA:68,21
DA:71,21
DA:72,75
DA:73,56
DA:76,300
DA:77,39
DA:81,117
DA:82,21
DA:89,21
DA:105,84
DA:118,117
DA:121,1
DA:145,1
LF:42
LH:42
BRDA:9,0,0,75
BRDA:9,0,1,74
BRDA:10,1,0,75
BRDA:10,1,1,74
BRDA:10,1,2,48
BRDA:11,2,0,75
BRDA:11,2,1,74
BRDA:25,3,0,75
BRDA:25,3,1,1
BRDA:26,4,0,1
BRDA:26,4,1,74
BRDA:30,5,0,0
BRDA:30,5,1,74
BRDA:30,6,0,74
BRDA:30,6,1,0
BRDA:31,7,0,0
BRDA:31,7,1,74
BRDA:31,8,0,74
BRDA:31,8,1,1
BRDA:53,9,0,1
BRDA:53,9,1,5
BRDA:58,10,0,1
BRDA:58,10,1,20
BRDA:58,11,0,21
BRDA:58,11,1,19
BRDA:58,11,2,2
BRDA:77,12,0,39
BRDA:77,12,1,0
BRDA:77,13,0,39
BRDA:77,13,1,0
BRDA:105,14,0,20
BRDA:105,14,1,64
BRDA:105,15,0,84
BRDA:105,15,1,21
BRDA:113,16,0,5
BRDA:113,16,1,59
BRDA:118,17,0,39
BRDA:118,17,1,78
BRDA:123,18,0,39
BRDA:123,18,1,78
BRDA:125,19,0,39
BRDA:125,19,1,78
BRDA:129,20,0,117
BRDA:129,20,1,1
BRDA:131,21,0,117
BRDA:131,21,1,117
BRDA:132,22,0,117
BRDA:132,22,1,0
BRDA:144,23,0,21
BRDA:144,23,1,5
BRF:50
BRH:44
end_of_record
TN:
SF:src/renderer/src/pages/app/Dashboard.jsx
FN:17,greeting
FN:23,Dashboard
FN:29,(anonymous_2)
FN:30,(anonymous_3)
FN:31,(anonymous_4)
FN:37,(anonymous_5)
FN:43,(anonymous_6)
FN:44,(anonymous_7)
FN:44,(anonymous_8)
FN:46,(anonymous_9)
FN:76,(anonymous_10)
FN:80,(anonymous_11)
FN:93,(anonymous_12)
FN:101,(anonymous_13)
FN:107,(anonymous_14)
FN:127,(anonymous_15)
FNF:16
FNH:15
FNDA:18,greeting
FNDA:18,Dashboard
FNDA:8,(anonymous_2)
FNDA:0,(anonymous_3)
FNDA:8,(anonymous_4)
FNDA:13,(anonymous_5)
FNDA:5,(anonymous_6)
FNDA:5,(anonymous_7)
FNDA:30,(anonymous_8)
FNDA:108,(anonymous_9)
FNDA:108,(anonymous_10)
FNDA:5,(anonymous_11)
FNDA:1,(anonymous_12)
FNDA:54,(anonymous_13)
FNDA:3,(anonymous_14)
FNDA:54,(anonymous_15)
DA:5,2
DA:11,2
DA:18,18
DA:19,18
DA:20,18
DA:24,18
DA:25,18
DA:28,18
DA:29,18
DA:30,8
DA:31,8
DA:36,18
DA:37,18
DA:38,13
DA:41,18
DA:43,18
DA:44,30
DA:46,108
DA:47,18
DA:53,18
DA:55,18
DA:77,108
DA:80,5
DA:93,1
DA:102,54
DA:103,54
DA:107,3
DA:128,54
LF:28
LH:28
BRDA:18,0,0,0
BRDA:18,0,1,18
BRDA:19,1,0,0
BRDA:19,1,1,18
BRDA:44,2,0,5
BRDA:44,2,1,25
BRDA:63,3,0,17
BRDA:63,3,1,1
BRDA:64,4,0,1
BRDA:64,4,1,16
BRDA:77,5,0,47
BRDA:77,5,1,61
BRDA:82,6,0,47
BRDA:82,6,1,61
BRDA:84,7,0,47
BRDA:84,7,1,61
BRDA:106,8,0,17
BRDA:106,8,1,37
BRDA:107,9,0,1
BRDA:107,9,1,2
BRDA:110,10,0,54
BRDA:110,10,1,17
BRDA:112,11,0,17
BRDA:112,11,1,1
BRDA:132,12,0,36
BRDA:132,12,1,18
BRF:26
BRH:24
end_of_record
TN:
SF:src/renderer/src/pages/app/Home.jsx
FN:7,Home
FNF:1
FNH:1
FNDA:2,Home
DA:8,2
LF:1
LH:1
BRDA:8,0,0,0
BRDA:8,0,1,2
BRF:2
BRH:1
end_of_record
TN:
SF:src/renderer/src/pages/app/Journal.jsx
FN:7,shortName
FN:19,Journal
FN:29,(anonymous_2)
FN:37,(anonymous_3)
FN:41,(anonymous_4)
FN:46,(anonymous_5)
FN:52,(anonymous_6)
FN:58,(anonymous_7)
FN:66,(anonymous_8)
FN:67,(anonymous_9)
FN:79,(anonymous_10)
FN:83,(anonymous_11)
FN:85,(anonymous_12)
FN:88,(anonymous_13)
FN:91,(anonymous_14)
FN:123,(anonymous_15)
FN:132,(anonymous_16)
FN:135,(anonymous_17)
FN:143,(anonymous_18)
FN:163,(anonymous_19)
FN:179,(anonymous_20)
FNF:21
FNH:21
FNDA:80,shortName
FNDA:80,Journal
FNDA:11,(anonymous_2)
FNDA:13,(anonymous_3)
FNDA:3,(anonymous_4)
FNDA:4,(anonymous_5)
FNDA:3,(anonymous_6)
FNDA:2,(anonymous_7)
FNDA:78,(anonymous_8)
FNDA:67,(anonymous_9)
FNDA:78,(anonymous_10)
FNDA:11,(anonymous_11)
FNDA:162,(anonymous_12)
FNDA:4,(anonymous_13)
FNDA:12,(anonymous_14)
FNDA:2,(anonymous_15)
FNDA:400,(anonymous_16)
FNDA:800,(anonymous_17)
FNDA:1,(anonymous_18)
FNDA:58,(anonymous_19)
FNDA:242,(anonymous_20)
DA:8,80
DA:9,80
DA:20,80
DA:21,80
DA:22,80
DA:23,80
DA:25,80
DA:26,80
DA:27,80
DA:28,80
DA:29,80
DA:30,11
DA:33,80
DA:34,80
DA:35,80
DA:37,80
DA:38,13
DA:41,80
DA:42,3
DA:43,3
DA:46,80
DA:47,4
DA:48,4
DA:49,4
DA:52,80
DA:53,3
DA:54,1
DA:55,1
DA:56,1
DA:58,2
DA:62,2
DA:66,80
DA:67,78
DA:68,67
DA:69,1
DA:70,1
DA:71,66
DA:72,1
DA:73,1
DA:74,65
DA:75,1
DA:78,78
DA:79,78
DA:83,80
DA:85,162
DA:87,80
DA:89,4
DA:90,4
DA:91,12
DA:92,4
DA:93,4
DA:94,4
DA:95,3
DA:96,2
DA:97,1
DA:99,4
DA:100,4
DA:101,4
DA:106,80
DA:124,2
DA:125,2
DA:133,400
DA:136,800
DA:143,1
DA:163,58
DA:180,242
LF:66
LH:66
BRDA:8,0,0,80
BRDA:8,0,1,78
BRDA:9,1,0,2
BRDA:9,1,1,78
BRDA:22,2,0,0
BRDA:22,2,1,80
BRDA:23,3,0,80
BRDA:23,3,1,78
BRDA:53,4,0,1
BRDA:53,4,1,2
BRDA:68,5,0,1
BRDA:68,5,1,66
BRDA:68,6,0,67
BRDA:68,6,1,63
BRDA:68,6,2,4
BRDA:71,7,0,1
BRDA:71,7,1,65
BRDA:71,8,0,66
BRDA:71,8,1,63
BRDA:71,8,2,3
BRDA:74,9,0,1
BRDA:74,9,1,64
BRDA:74,10,0,65
BRDA:74,10,1,1
BRDA:89,11,0,0
BRDA:89,11,1,4
BRDA:92,12,0,0
BRDA:92,12,1,4
BRDA:94,13,0,1
BRDA:94,13,1,3
BRDA:95,14,0,1
BRDA:95,14,1,2
BRDA:96,15,0,1
BRDA:96,15,1,1
BRDA:140,16,0,80
BRDA:140,16,1,320
BRDA:142,17,0,80
BRDA:142,17,1,320
BRDA:151,18,0,80
BRDA:151,18,1,1
BRF:40
BRH:37
end_of_record
TN:
SF:src/renderer/src/pages/app/Medications.jsx
FN:21,Medications
FN:27,(anonymous_1)
FN:31,(anonymous_2)
FN:32,(anonymous_3)
FN:32,(anonymous_4)
FN:38,(anonymous_5)
FN:39,(anonymous_6)
FN:40,(anonymous_7)
FN:52,(anonymous_8)
FN:55,(anonymous_9)
FN:56,(anonymous_10)
FN:63,(anonymous_11)
FN:67,(anonymous_12)
FN:69,(anonymous_13)
FN:92,(anonymous_14)
FN:111,(anonymous_15)
FN:127,(anonymous_16)
FN:145,(anonymous_17)
FN:155,(anonymous_18)
FNF:19
FNH:19
FNDA:17,Medications
FNDA:12,(anonymous_1)
FNDA:4,(anonymous_2)
FNDA:1,(anonymous_3)
FNDA:1,(anonymous_4)
FNDA:3,(anonymous_5)
FNDA:3,(anonymous_6)
FNDA:3,(anonymous_7)
FNDA:1,(anonymous_8)
FNDA:8,(anonymous_9)
FNDA:22,(anonymous_10)
FNDA:8,(anonymous_11)
FNDA:8,(anonymous_12)
FNDA:42,(anonymous_13)
FNDA:42,(anonymous_14)
FNDA:294,(anonymous_15)
FNDA:2,(anonymous_16)
FNDA:1,(anonymous_17)
FNDA:1,(anonymous_18)
DA:22,17
DA:23,17
DA:24,17
DA:27,17
DA:28,12
DA:31,17
DA:32,17
DA:37,17
DA:39,3
DA:40,3
DA:41,3
DA:42,3
DA:43,3
DA:44,3
DA:45,3
DA:52,17
DA:55,17
DA:56,8
DA:57,22
DA:58,1
DA:59,1
DA:62,8
DA:63,8
DA:67,17
DA:69,42
DA:71,17
DA:93,42
DA:94,42
DA:112,294
DA:113,294
DA:114,294
DA:116,294
DA:119,294
DA:120,294
DA:121,294
DA:122,294
DA:127,2
DA:145,1
DA:155,1
LF:39
LH:39
BRDA:41,0,0,0
BRDA:41,0,1,3
BRDA:43,1,0,3
BRDA:43,1,1,0
BRDA:44,2,0,1
BRDA:44,2,1,2
BRDA:57,3,0,1
BRDA:57,3,1,21
BRDA:57,4,0,22
BRDA:57,4,1,20
BRDA:57,4,2,2
BRDA:103,5,0,42
BRDA:103,5,1,1
BRDA:104,6,0,42
BRDA:104,6,1,0
BRDA:116,7,0,194
BRDA:116,7,1,100
BRDA:116,8,0,36
BRDA:116,8,1,64
BRDA:119,9,0,194
BRDA:119,9,1,100
BRDA:119,10,0,36
BRDA:119,10,1,64
BRDA:120,11,0,42
BRDA:120,11,1,252
BRDA:121,12,0,42
BRDA:121,12,1,252
BRDA:121,13,0,194
BRDA:121,13,1,100
BRDA:124,14,0,42
BRDA:124,14,1,252
BRDA:140,15,0,14
BRDA:140,15,1,28
BRDA:141,16,0,14
BRDA:141,16,1,28
BRDA:144,17,0,14
BRDA:144,17,1,28
BRDA:147,18,0,14
BRDA:147,18,1,28
BRDA:155,19,0,17
BRDA:155,19,1,4
BRF:41
BRH:38
end_of_record
TN:
SF:src/renderer/src/pages/app/MenuBar.jsx
FN:8,MenuBar
FN:15,(anonymous_1)
FN:16,(anonymous_2)
FN:20,(anonymous_3)
FN:23,(anonymous_4)
FN:23,(anonymous_5)
FN:24,(anonymous_6)
FN:24,(anonymous_7)
FN:46,(anonymous_8)
FN:52,(anonymous_9)
FN:57,(anonymous_10)
FN:57,(anonymous_11)
FN:62,(anonymous_12)
FN:66,(anonymous_13)
FN:67,(anonymous_14)
FN:71,(anonymous_15)
FN:74,(anonymous_16)
FN:82,(anonymous_17)
FN:82,(anonymous_18)
FN:88,(anonymous_19)
FN:113,(anonymous_20)
FN:113,(anonymous_21)
FN:164,(anonymous_22)
FN:168,(anonymous_23)
FN:171,(anonymous_24)
FN:172,(anonymous_25)
FN:181,(anonymous_26)
FN:189,(anonymous_27)
FNF:28
FNH:28
FNDA:86,MenuBar
FNDA:41,(anonymous_1)
FNDA:26,(anonymous_2)
FNDA:41,(anonymous_3)
FNDA:688,(anonymous_4)
FNDA:1,(anonymous_5)
FNDA:86,(anonymous_6)
FNDA:1,(anonymous_7)
FNDA:1,(anonymous_8)
FNDA:3,(anonymous_9)
FNDA:57,(anonymous_10)
FNDA:5,(anonymous_11)
FNDA:11,(anonymous_12)
FNDA:37,(anonymous_13)
FNDA:48,(anonymous_14)
FNDA:4,(anonymous_15)
FNDA:4,(anonymous_16)
FNDA:344,(anonymous_17)
FNDA:7,(anonymous_18)
FNDA:2,(anonymous_19)
FNDA:57,(anonymous_20)
FNDA:7,(anonymous_21)
FNDA:344,(anonymous_22)
FNDA:680,(anonymous_23)
FNDA:13,(anonymous_24)
FNDA:13,(anonymous_25)
FNDA:68,(anonymous_26)
FNDA:108,(anonymous_27)
DA:9,86
DA:10,86
DA:11,86
DA:12,86
DA:13,86
DA:15,86
DA:16,41
DA:17,26
DA:19,41
DA:20,41
DA:23,688
DA:24,86
DA:26,86
DA:46,1
DA:51,86
DA:52,86
DA:53,3
DA:54,3
DA:57,86
DA:58,5
DA:59,5
DA:62,86
DA:63,11
DA:64,11
DA:66,37
DA:67,48
DA:71,86
DA:72,4
DA:73,4
DA:74,4
DA:75,4
DA:76,4
DA:77,3
DA:78,2
DA:82,344
DA:83,7
DA:84,2
DA:85,2
DA:87,2
DA:88,2
DA:89,2
DA:91,5
DA:92,1
DA:93,1
DA:94,1
DA:96,4
DA:97,1
DA:98,1
DA:99,1
DA:101,3
DA:102,2
DA:103,2
DA:104,1
DA:105,2
DA:107,1
DA:108,1
DA:109,1
DA:113,86
DA:114,7
DA:115,7
DA:116,7
DA:117,7
DA:119,7
DA:120,1
DA:121,1
DA:122,1
DA:124,6
DA:125,1
DA:126,1
DA:127,1
DA:129,5
DA:131,1
DA:132,1
DA:133,1
DA:135,4
DA:136,1
DA:137,1
DA:138,1
DA:140,3
DA:141,1
DA:142,1
DA:143,1
DA:145,2
DA:146,1
DA:147,1
DA:148,1
DA:149,1
DA:151,1
DA:152,1
DA:156,86
DA:165,344
DA:169,680
DA:171,13
DA:172,13
DA:182,68
DA:190,108
DA:191,108
LF:97
LH:97
BRDA:17,0,0,4
BRDA:17,0,1,22
BRDA:17,1,0,26
BRDA:17,1,1,26
BRDA:63,2,0,11
BRDA:63,2,1,0
BRDA:71,3,0,0
BRDA:73,4,0,0
BRDA:73,4,1,4
BRDA:76,5,0,1
BRDA:76,5,1,3
BRDA:77,6,0,1
BRDA:77,6,1,2
BRDA:83,7,0,2
BRDA:83,7,1,5
BRDA:83,8,0,7
BRDA:83,8,1,6
BRDA:85,9,0,1
BRDA:85,9,1,1
BRDA:87,10,0,0
BRDA:87,10,1,2
BRDA:91,11,0,1
BRDA:91,11,1,4
BRDA:96,12,0,1
BRDA:96,12,1,3
BRDA:101,13,0,2
BRDA:101,13,1,1
BRDA:101,14,0,3
BRDA:101,14,1,1
BRDA:103,15,0,1
BRDA:103,15,1,1
BRDA:107,16,0,1
BRDA:107,16,1,0
BRDA:115,17,0,0
BRDA:115,17,1,7
BRDA:117,18,0,0
BRDA:117,18,1,7
BRDA:119,19,0,1
BRDA:119,19,1,6
BRDA:124,20,0,1
BRDA:124,20,1,5
BRDA:129,21,0,1
BRDA:129,21,1,4
BRDA:129,22,0,5
BRDA:129,22,1,4
BRDA:132,23,0,1
BRDA:132,23,1,0
BRDA:135,24,0,1
BRDA:135,24,1,3
BRDA:140,25,0,1
BRDA:140,25,1,2
BRDA:145,26,0,1
BRDA:145,26,1,1
BRDA:151,27,0,1
BRDA:151,27,1,0
BRDA:167,28,0,17
BRDA:167,28,1,327
BRDA:171,29,0,1
BRDA:171,29,1,12
BRDA:172,30,0,13
BRDA:172,30,1,1
BRDA:179,31,0,344
BRDA:179,31,1,17
BRDA:182,32,0,11
BRDA:182,32,1,57
BRDA:190,33,0,16
BRDA:190,33,1,92
BRDA:197,34,0,57
BRDA:197,34,1,42
BRF:69
BRH:60
end_of_record
TN:
SF:src/renderer/src/pages/app/Reminders.jsx
FN:25,nextFilterKey
FN:26,(anonymous_1)
FN:40,Reminders
FN:54,(anonymous_3)
FN:59,(anonymous_4)
FN:67,(anonymous_5)
FN:74,(anonymous_6)
FN:75,(anonymous_7)
FN:78,(anonymous_8)
FN:85,(anonymous_9)
FN:93,(anonymous_10)
FN:94,(anonymous_11)
FN:94,(anonymous_12)
FN:96,(anonymous_13)
FN:97,(anonymous_14)
FN:98,(anonymous_15)
FN:101,(anonymous_16)
FN:104,(anonymous_17)
FN:108,(anonymous_18)
FN:109,(anonymous_19)
FN:121,(anonymous_20)
FN:125,(anonymous_21)
FN:127,(anonymous_22)
FN:129,(anonymous_23)
FN:133,(anonymous_24)
FN:134,(anonymous_25)
FN:135,(anonymous_26)
FN:136,(anonymous_27)
FN:138,(anonymous_28)
FN:147,(anonymous_29)
FN:147,(anonymous_30)
FN:149,(anonymous_31)
FN:152,(anonymous_32)
FN:155,(anonymous_33)
FN:158,(anonymous_34)
FN:172,(anonymous_35)
FN:198,(anonymous_36)
FN:200,(anonymous_37)
FN:210,(anonymous_38)
FN:224,(anonymous_39)
FN:234,(anonymous_40)
FN:248,(anonymous_41)
FN:269,(anonymous_42)
FN:280,(anonymous_43)
FN:288,(anonymous_44)
FN:290,(anonymous_45)
FN:300,(anonymous_46)
FN:303,(anonymous_47)
FN:311,(anonymous_48)
FN:331,(anonymous_49)
FN:354,(anonymous_50)
FN:371,ReminderCard
FN:377,(anonymous_52)
FN:392,(anonymous_53)
FN:395,(anonymous_54)
FN:396,(anonymous_55)
FNF:56
FNH:52
FNDA:5,nextFilterKey
FNDA:10,(anonymous_1)
FNDA:101,Reminders
FNDA:23,(anonymous_3)
FNDA:4,(anonymous_4)
FNDA:4,(anonymous_5)
FNDA:1,(anonymous_6)
FNDA:8,(anonymous_7)
FNDA:2,(anonymous_8)
FNDA:2,(anonymous_9)
FNDA:1,(anonymous_10)
FNDA:1,(anonymous_11)
FNDA:8,(anonymous_12)
FNDA:1,(anonymous_13)
FNDA:1,(anonymous_14)
FNDA:8,(anonymous_15)
FNDA:1,(anonymous_16)
FNDA:1,(anonymous_17)
FNDA:88,(anonymous_18)
FNDA:70,(anonymous_19)
FNDA:88,(anonymous_20)
FNDA:18,(anonymous_21)
FNDA:23,(anonymous_22)
FNDA:716,(anonymous_23)
FNDA:33,(anonymous_24)
FNDA:584,(anonymous_25)
FNDA:773,(anonymous_26)
FNDA:773,(anonymous_27)
FNDA:796,(anonymous_28)
FNDA:63,(anonymous_29)
FNDA:63,(anonymous_30)
FNDA:5,(anonymous_31)
FNDA:5,(anonymous_32)
FNDA:4,(anonymous_33)
FNDA:8,(anonymous_34)
FNDA:25,(anonymous_35)
FNDA:505,(anonymous_36)
FNDA:1010,(anonymous_37)
FNDA:2,(anonymous_38)
FNDA:480,(anonymous_39)
FNDA:293,(anonymous_40)
FNDA:3,(anonymous_41)
FNDA:58,(anonymous_42)
FNDA:0,(anonymous_43)
FNDA:0,(anonymous_44)
FNDA:606,(anonymous_45)
FNDA:404,(anonymous_46)
FNDA:808,(anonymous_47)
FNDA:0,(anonymous_48)
FNDA:1,(anonymous_49)
FNDA:303,(anonymous_50)
FNDA:773,ReminderCard
FNDA:1,(anonymous_52)
FNDA:0,(anonymous_53)
FNDA:2,(anonymous_54)
FNDA:1,(anonymous_55)
DA:15,2
DA:17,2
DA:26,10
DA:27,5
DA:28,4
DA:29,3
DA:30,1
DA:41,101
DA:42,101
DA:43,101
DA:44,101
DA:45,101
DA:46,101
DA:48,101
DA:49,101
DA:50,101
DA:51,101
DA:52,101
DA:54,101
DA:55,23
DA:59,101
DA:60,4
DA:61,4
DA:62,4
DA:63,4
DA:64,4
DA:67,101
DA:68,4
DA:69,1
DA:70,1
DA:71,1
DA:73,3
DA:74,1
DA:75,8
DA:78,2
DA:80,3
DA:81,3
DA:82,3
DA:85,101
DA:86,2
DA:87,2
DA:88,2
DA:89,2
DA:90,2
DA:93,101
DA:94,8
DA:96,101
DA:97,1
DA:98,8
DA:101,101
DA:102,1
DA:103,1
DA:104,1
DA:108,101
DA:109,88
DA:110,70
DA:111,4
DA:112,4
DA:113,1
DA:114,1
DA:115,3
DA:116,1
DA:117,1
DA:120,88
DA:121,88
DA:125,101
DA:127,101
DA:128,23
DA:129,716
DA:130,23
DA:133,101
DA:134,584
DA:135,773
DA:136,773
DA:138,796
DA:139,101
DA:140,101
DA:147,101
DA:149,101
DA:150,5
DA:151,5
DA:152,5
DA:155,101
DA:156,4
DA:157,4
DA:158,8
DA:159,4
DA:161,4
DA:162,4
DA:163,3
DA:164,2
DA:165,1
DA:167,4
DA:168,4
DA:169,4
DA:172,101
DA:173,25
DA:176,101
DA:199,505
DA:201,1010
DA:210,2
DA:225,480
DA:235,293
DA:249,3
DA:250,3
DA:269,58
DA:280,0
DA:288,0
DA:291,606
DA:301,404
DA:304,808
DA:311,0
DA:331,1
DA:355,303
DA:372,773
DA:377,1
DA:392,0
DA:395,2
DA:396,1
LF:119
LH:115
BRDA:27,0,0,1
BRDA:27,0,1,4
BRDA:28,1,0,1
BRDA:28,1,1,3
BRDA:29,2,0,2
BRDA:29,2,1,1
BRDA:68,3,0,1
BRDA:68,3,1,3
BRDA:73,4,0,1
BRDA:73,4,1,2
BRDA:75,5,0,1
BRDA:75,5,1,7
BRDA:94,6,0,1
BRDA:94,6,1,7
BRDA:98,7,0,1
BRDA:98,7,1,7
BRDA:110,8,0,66
BRDA:110,8,1,4
BRDA:110,9,0,70
BRDA:110,9,1,66
BRDA:112,10,0,1
BRDA:112,10,1,3
BRDA:115,11,0,1
BRDA:115,11,1,2
BRDA:133,12,0,96
BRDA:133,12,1,5
BRDA:150,13,0,0
BRDA:150,13,1,5
BRDA:156,14,0,0
BRDA:156,14,1,4
BRDA:159,15,0,0
BRDA:159,15,1,4
BRDA:162,16,0,1
BRDA:162,16,1,3
BRDA:163,17,0,1
BRDA:163,17,1,2
BRDA:164,18,0,1
BRDA:164,18,1,1
BRDA:206,19,0,101
BRDA:206,19,1,404
BRDA:209,20,0,101
BRDA:209,20,1,404
BRDA:213,21,0,505
BRDA:213,21,1,0
BRDA:220,22,0,2
BRDA:220,22,1,99
BRDA:221,23,0,1
BRDA:221,23,1,1
BRDA:230,24,0,101
BRDA:230,24,1,99
BRDA:244,25,0,27
BRDA:244,25,1,74
BRDA:245,26,0,27
BRDA:245,26,1,74
BRDA:254,27,0,101
BRDA:254,27,1,1
BRDA:308,28,0,101
BRDA:308,28,1,303
BRDA:310,29,0,101
BRDA:310,29,1,303
BRDA:327,30,0,100
BRDA:327,30,1,1
BRDA:338,31,0,27
BRDA:338,31,1,74
BRDA:340,32,0,101
BRDA:340,32,1,27
BRDA:349,33,0,1
BRDA:349,33,1,100
BRDA:373,34,0,293
BRDA:373,34,1,480
BRDA:379,35,0,293
BRDA:379,35,1,480
BRDA:381,36,0,293
BRDA:381,36,1,480
BRDA:386,37,0,773
BRDA:386,37,1,0
BRDA:391,38,0,293
BRDA:391,38,1,480
BRF:78
BRH:73
end_of_record
TN:
SF:src/renderer/src/pages/app/Settings.jsx
FN:37,Settings
FN:43,(anonymous_1)
FN:47,(anonymous_2)
FN:48,(anonymous_3)
FN:52,(anonymous_4)
FN:56,(anonymous_5)
FN:59,(anonymous_6)
FN:67,(anonymous_7)
FN:68,(anonymous_8)
FN:75,(anonymous_9)
FN:104,(anonymous_10)
FN:115,(anonymous_11)
FN:127,(anonymous_12)
FN:141,(anonymous_13)
FN:173,ShortcutCell
FN:183,Field
FNF:16
FNH:15
FNDA:14,Settings
FNDA:11,(anonymous_1)
FNDA:3,(anonymous_2)
FNDA:3,(anonymous_3)
FNDA:2,(anonymous_4)
FNDA:0,(anonymous_5)
FNDA:1,(anonymous_6)
FNDA:11,(anonymous_7)
FNDA:2,(anonymous_8)
FNDA:11,(anonymous_9)
FNDA:2,(anonymous_10)
FNDA:42,(anonymous_11)
FNDA:1,(anonymous_12)
FNDA:84,(anonymous_13)
FNDA:168,ShortcutCell
FNDA:70,Field
DA:12,2
DA:16,2
DA:25,2
DA:38,14
DA:39,14
DA:40,14
DA:43,14
DA:44,11
DA:47,14
DA:48,3
DA:49,3
DA:52,14
DA:53,2
DA:54,2
DA:55,2
DA:56,2
DA:59,14
DA:60,1
DA:61,1
DA:62,1
DA:63,1
DA:67,14
DA:68,11
DA:69,2
DA:70,1
DA:71,1
DA:74,11
DA:75,11
DA:78,14
DA:80,14
DA:104,2
DA:116,42
DA:127,1
DA:141,84
DA:174,168
DA:175,154
DA:184,70
LF:37
LH:37
BRDA:69,0,0,1
BRDA:69,0,1,1
BRDA:69,1,0,2
BRDA:69,1,1,0
BRDA:69,1,2,2
BRDA:123,2,0,29
BRDA:123,2,1,13
BRDA:154,3,0,14
BRDA:154,3,1,12
BRDA:155,4,0,14
BRDA:155,4,1,12
BRDA:167,5,0,14
BRDA:167,5,1,2
BRDA:174,6,0,14
BRDA:174,6,1,154
BRF:15
BRH:14
end_of_record
TN:
SF:src/renderer/src/pages/app/ShortcutsModal.jsx
FN:7,(anonymous_0)
FN:35,ShortcutsModal
FN:49,(anonymous_2)
FN:74,ShortcutGroup
FN:79,(anonymous_4)
FN:83,(anonymous_5)
FNF:6
FNH:6
FNDA:24,(anonymous_0)
FNDA:11,ShortcutsModal
FNDA:2,(anonymous_2)
FNDA:44,ShortcutGroup
FNDA:231,(anonymous_4)
FNDA:396,(anonymous_5)
DA:7,24
DA:9,4
DA:17,4
DA:25,4
DA:36,11
DA:37,11
DA:39,11
DA:41,11
DA:49,2
DA:75,44
DA:80,231
DA:84,396
LF:12
LH:12
BRF:0
BRH:0
end_of_record
TN:
SF:src/shared/ipc.js
FNF:0
FNH:0
DA:6,29
DA:17,29
LF:2
LH:2
BRF:0
BRH:0
end_of_record
TN:
SF:src/shared/routes.js
FNF:0
FNH:0
DA:5,5
LF:1
LH:1
BRF:0
BRH:0
end_of_record
